CRITICAL - 2021-12-08 20:48:51 --> Cannot use object of type CodeIgniter\Session\Session as array
#0 D:\xampp\htdocs\freelance\Rayhan\CI4-Hotel\vendor\codeigniter4\framework\system\CodeIgniter.php(910): App\Controllers\Home->loginProcess()
#1 D:\xampp\htdocs\freelance\Rayhan\CI4-Hotel\vendor\codeigniter4\framework\system\CodeIgniter.php(398): CodeIgniter\CodeIgniter->runController(Object(App\Controllers\Home))
#2 D:\xampp\htdocs\freelance\Rayhan\CI4-Hotel\vendor\codeigniter4\framework\system\CodeIgniter.php(306): CodeIgniter\CodeIgniter->handleRequest(NULL, Object(Config\Cache), false)
#3 D:\xampp\htdocs\freelance\Rayhan\CI4-Hotel\public\index.php(45): CodeIgniter\CodeIgniter->run()
#4 D:\xampp\htdocs\freelance\Rayhan\CI4-Hotel\vendor\codeigniter4\framework\system\Commands\Server\rewrite.php(34): require_once('D:\\xampp\\htdocs...')
#5 {main}
CRITICAL - 2021-12-08 20:52:46 --> Call to undefined method CodeIgniter\Database\MySQLi\Result::first()
#0 D:\xampp\htdocs\freelance\Rayhan\CI4-Hotel\app\Controllers\Home.php(126): App\Models\UserModel->getByEmail('k@k.com1')
#1 D:\xampp\htdocs\freelance\Rayhan\CI4-Hotel\vendor\codeigniter4\framework\system\CodeIgniter.php(910): App\Controllers\Home->loginProcess()
#2 D:\xampp\htdocs\freelance\Rayhan\CI4-Hotel\vendor\codeigniter4\framework\system\CodeIgniter.php(398): CodeIgniter\CodeIgniter->runController(Object(App\Controllers\Home))
#3 D:\xampp\htdocs\freelance\Rayhan\CI4-Hotel\vendor\codeigniter4\framework\system\CodeIgniter.php(306): CodeIgniter\CodeIgniter->handleRequest(NULL, Object(Config\Cache), false)
#4 D:\xampp\htdocs\freelance\Rayhan\CI4-Hotel\public\index.php(45): CodeIgniter\CodeIgniter->run()
#5 D:\xampp\htdocs\freelance\Rayhan\CI4-Hotel\vendor\codeigniter4\framework\system\Commands\Server\rewrite.php(34): require_once('D:\\xampp\\htdocs...')
#6 {main}
CRITICAL - 2021-12-08 20:55:14 --> Undefined variable: session
#0 D:\xampp\htdocs\freelance\Rayhan\CI4-Hotel\app\Views\home\index.php(20): CodeIgniter\Debug\Exceptions->errorHandler(8, 'Undefined varia...', 'D:\\xampp\\htdocs...', 20, Array)
#1 D:\xampp\htdocs\freelance\Rayhan\CI4-Hotel\vendor\codeigniter4\framework\system\View\View.php(236): include('D:\\xampp\\htdocs...')
#2 D:\xampp\htdocs\freelance\Rayhan\CI4-Hotel\vendor\codeigniter4\framework\system\Common.php(1071): CodeIgniter\View\View->render('home/index', Array, true)
#3 D:\xampp\htdocs\freelance\Rayhan\CI4-Hotel\app\Controllers\Home.php(16): view('home/index', Array)
#4 D:\xampp\htdocs\freelance\Rayhan\CI4-Hotel\vendor\codeigniter4\framework\system\CodeIgniter.php(910): App\Controllers\Home->index()
#5 D:\xampp\htdocs\freelance\Rayhan\CI4-Hotel\vendor\codeigniter4\framework\system\CodeIgniter.php(398): CodeIgniter\CodeIgniter->runController(Object(App\Controllers\Home))
#6 D:\xampp\htdocs\freelance\Rayhan\CI4-Hotel\vendor\codeigniter4\framework\system\CodeIgniter.php(306): CodeIgniter\CodeIgniter->handleRequest(NULL, Object(Config\Cache), false)
#7 D:\xampp\htdocs\freelance\Rayhan\CI4-Hotel\public\index.php(45): CodeIgniter\CodeIgniter->run()
#8 D:\xampp\htdocs\freelance\Rayhan\CI4-Hotel\vendor\codeigniter4\framework\system\Commands\Server\rewrite.php(34): require_once('D:\\xampp\\htdocs...')
#9 {main}
CRITICAL - 2021-12-08 20:56:56 --> Undefined variable: _SESSION
#0 D:\xampp\htdocs\freelance\Rayhan\CI4-Hotel\app\Views\home\index.php(20): CodeIgniter\Debug\Exceptions->errorHandler(8, 'Undefined varia...', 'D:\\xampp\\htdocs...', 20, Array)
#1 D:\xampp\htdocs\freelance\Rayhan\CI4-Hotel\vendor\codeigniter4\framework\system\View\View.php(236): include('D:\\xampp\\htdocs...')
#2 D:\xampp\htdocs\freelance\Rayhan\CI4-Hotel\vendor\codeigniter4\framework\system\Common.php(1071): CodeIgniter\View\View->render('home/index', Array, true)
#3 D:\xampp\htdocs\freelance\Rayhan\CI4-Hotel\app\Controllers\Home.php(16): view('home/index', Array)
#4 D:\xampp\htdocs\freelance\Rayhan\CI4-Hotel\vendor\codeigniter4\framework\system\CodeIgniter.php(910): App\Controllers\Home->index()
#5 D:\xampp\htdocs\freelance\Rayhan\CI4-Hotel\vendor\codeigniter4\framework\system\CodeIgniter.php(398): CodeIgniter\CodeIgniter->runController(Object(App\Controllers\Home))
#6 D:\xampp\htdocs\freelance\Rayhan\CI4-Hotel\vendor\codeigniter4\framework\system\CodeIgniter.php(306): CodeIgniter\CodeIgniter->handleRequest(NULL, Object(Config\Cache), false)
#7 D:\xampp\htdocs\freelance\Rayhan\CI4-Hotel\public\index.php(45): CodeIgniter\CodeIgniter->run()
#8 D:\xampp\htdocs\freelance\Rayhan\CI4-Hotel\vendor\codeigniter4\framework\system\Commands\Server\rewrite.php(34): require_once('D:\\xampp\\htdocs...')
#9 {main}
CRITICAL - 2021-12-08 20:57:12 --> Undefined variable: _SESSION
#0 D:\xampp\htdocs\freelance\Rayhan\CI4-Hotel\app\Views\home\index.php(20): CodeIgniter\Debug\Exceptions->errorHandler(8, 'Undefined varia...', 'D:\\xampp\\htdocs...', 20, Array)
#1 D:\xampp\htdocs\freelance\Rayhan\CI4-Hotel\vendor\codeigniter4\framework\system\View\View.php(236): include('D:\\xampp\\htdocs...')
#2 D:\xampp\htdocs\freelance\Rayhan\CI4-Hotel\vendor\codeigniter4\framework\system\Common.php(1071): CodeIgniter\View\View->render('home/index', Array, true)
#3 D:\xampp\htdocs\freelance\Rayhan\CI4-Hotel\app\Controllers\Home.php(16): view('home/index', Array)
#4 D:\xampp\htdocs\freelance\Rayhan\CI4-Hotel\vendor\codeigniter4\framework\system\CodeIgniter.php(910): App\Controllers\Home->index()
#5 D:\xampp\htdocs\freelance\Rayhan\CI4-Hotel\vendor\codeigniter4\framework\system\CodeIgniter.php(398): CodeIgniter\CodeIgniter->runController(Object(App\Controllers\Home))
#6 D:\xampp\htdocs\freelance\Rayhan\CI4-Hotel\vendor\codeigniter4\framework\system\CodeIgniter.php(306): CodeIgniter\CodeIgniter->handleRequest(NULL, Object(Config\Cache), false)
#7 D:\xampp\htdocs\freelance\Rayhan\CI4-Hotel\public\index.php(45): CodeIgniter\CodeIgniter->run()
#8 D:\xampp\htdocs\freelance\Rayhan\CI4-Hotel\vendor\codeigniter4\framework\system\Commands\Server\rewrite.php(34): require_once('D:\\xampp\\htdocs...')
#9 {main}
CRITICAL - 2021-12-08 20:57:55 --> Undefined variable: session
#0 D:\xampp\htdocs\freelance\Rayhan\CI4-Hotel\app\Views\home\index.php(20): CodeIgniter\Debug\Exceptions->errorHandler(8, 'Undefined varia...', 'D:\\xampp\\htdocs...', 20, Array)
#1 D:\xampp\htdocs\freelance\Rayhan\CI4-Hotel\vendor\codeigniter4\framework\system\View\View.php(236): include('D:\\xampp\\htdocs...')
#2 D:\xampp\htdocs\freelance\Rayhan\CI4-Hotel\vendor\codeigniter4\framework\system\Common.php(1071): CodeIgniter\View\View->render('home/index', Array, true)
#3 D:\xampp\htdocs\freelance\Rayhan\CI4-Hotel\app\Controllers\Home.php(16): view('home/index', Array)
#4 D:\xampp\htdocs\freelance\Rayhan\CI4-Hotel\vendor\codeigniter4\framework\system\CodeIgniter.php(910): App\Controllers\Home->index()
#5 D:\xampp\htdocs\freelance\Rayhan\CI4-Hotel\vendor\codeigniter4\framework\system\CodeIgniter.php(398): CodeIgniter\CodeIgniter->runController(Object(App\Controllers\Home))
#6 D:\xampp\htdocs\freelance\Rayhan\CI4-Hotel\vendor\codeigniter4\framework\system\CodeIgniter.php(306): CodeIgniter\CodeIgniter->handleRequest(NULL, Object(Config\Cache), false)
#7 D:\xampp\htdocs\freelance\Rayhan\CI4-Hotel\public\index.php(45): CodeIgniter\CodeIgniter->run()
#8 D:\xampp\htdocs\freelance\Rayhan\CI4-Hotel\vendor\codeigniter4\framework\system\Commands\Server\rewrite.php(34): require_once('D:\\xampp\\htdocs...')
#9 {main}
CRITICAL - 2021-12-08 20:58:41 --> Undefined variable: _SESSION
#0 D:\xampp\htdocs\freelance\Rayhan\CI4-Hotel\app\Views\home\index.php(20): CodeIgniter\Debug\Exceptions->errorHandler(8, 'Undefined varia...', 'D:\\xampp\\htdocs...', 20, Array)
#1 D:\xampp\htdocs\freelance\Rayhan\CI4-Hotel\vendor\codeigniter4\framework\system\View\View.php(236): include('D:\\xampp\\htdocs...')
#2 D:\xampp\htdocs\freelance\Rayhan\CI4-Hotel\vendor\codeigniter4\framework\system\Common.php(1071): CodeIgniter\View\View->render('home/index', Array, true)
#3 D:\xampp\htdocs\freelance\Rayhan\CI4-Hotel\app\Controllers\Home.php(16): view('home/index', Array)
#4 D:\xampp\htdocs\freelance\Rayhan\CI4-Hotel\vendor\codeigniter4\framework\system\CodeIgniter.php(910): App\Controllers\Home->index()
#5 D:\xampp\htdocs\freelance\Rayhan\CI4-Hotel\vendor\codeigniter4\framework\system\CodeIgniter.php(398): CodeIgniter\CodeIgniter->runController(Object(App\Controllers\Home))
#6 D:\xampp\htdocs\freelance\Rayhan\CI4-Hotel\vendor\codeigniter4\framework\system\CodeIgniter.php(306): CodeIgniter\CodeIgniter->handleRequest(NULL, Object(Config\Cache), false)
#7 D:\xampp\htdocs\freelance\Rayhan\CI4-Hotel\public\index.php(45): CodeIgniter\CodeIgniter->run()
#8 D:\xampp\htdocs\freelance\Rayhan\CI4-Hotel\vendor\codeigniter4\framework\system\Commands\Server\rewrite.php(34): require_once('D:\\xampp\\htdocs...')
#9 {main}
CRITICAL - 2021-12-08 20:58:44 --> Undefined variable: _SESSION
#0 D:\xampp\htdocs\freelance\Rayhan\CI4-Hotel\app\Views\home\index.php(20): CodeIgniter\Debug\Exceptions->errorHandler(8, 'Undefined varia...', 'D:\\xampp\\htdocs...', 20, Array)
#1 D:\xampp\htdocs\freelance\Rayhan\CI4-Hotel\vendor\codeigniter4\framework\system\View\View.php(236): include('D:\\xampp\\htdocs...')
#2 D:\xampp\htdocs\freelance\Rayhan\CI4-Hotel\vendor\codeigniter4\framework\system\Common.php(1071): CodeIgniter\View\View->render('home/index', Array, true)
#3 D:\xampp\htdocs\freelance\Rayhan\CI4-Hotel\app\Controllers\Home.php(16): view('home/index', Array)
#4 D:\xampp\htdocs\freelance\Rayhan\CI4-Hotel\vendor\codeigniter4\framework\system\CodeIgniter.php(910): App\Controllers\Home->index()
#5 D:\xampp\htdocs\freelance\Rayhan\CI4-Hotel\vendor\codeigniter4\framework\system\CodeIgniter.php(398): CodeIgniter\CodeIgniter->runController(Object(App\Controllers\Home))
#6 D:\xampp\htdocs\freelance\Rayhan\CI4-Hotel\vendor\codeigniter4\framework\system\CodeIgniter.php(306): CodeIgniter\CodeIgniter->handleRequest(NULL, Object(Config\Cache), false)
#7 D:\xampp\htdocs\freelance\Rayhan\CI4-Hotel\public\index.php(45): CodeIgniter\CodeIgniter->run()
#8 D:\xampp\htdocs\freelance\Rayhan\CI4-Hotel\vendor\codeigniter4\framework\system\Commands\Server\rewrite.php(34): require_once('D:\\xampp\\htdocs...')
#9 {main}
CRITICAL - 2021-12-08 20:59:36 --> Cannot use object of type CodeIgniter\Session\Session as array
#0 D:\xampp\htdocs\freelance\Rayhan\CI4-Hotel\vendor\codeigniter4\framework\system\CodeIgniter.php(910): App\Controllers\Home->loginProcess()
#1 D:\xampp\htdocs\freelance\Rayhan\CI4-Hotel\vendor\codeigniter4\framework\system\CodeIgniter.php(398): CodeIgniter\CodeIgniter->runController(Object(App\Controllers\Home))
#2 D:\xampp\htdocs\freelance\Rayhan\CI4-Hotel\vendor\codeigniter4\framework\system\CodeIgniter.php(306): CodeIgniter\CodeIgniter->handleRequest(NULL, Object(Config\Cache), false)
#3 D:\xampp\htdocs\freelance\Rayhan\CI4-Hotel\public\index.php(45): CodeIgniter\CodeIgniter->run()
#4 D:\xampp\htdocs\freelance\Rayhan\CI4-Hotel\vendor\codeigniter4\framework\system\Commands\Server\rewrite.php(34): require_once('D:\\xampp\\htdocs...')
#5 {main}
CRITICAL - 2021-12-08 21:01:56 --> Undefined variable: _SESSION
#0 D:\xampp\htdocs\freelance\Rayhan\CI4-Hotel\app\Views\home\index.php(20): CodeIgniter\Debug\Exceptions->errorHandler(8, 'Undefined varia...', 'D:\\xampp\\htdocs...', 20, Array)
#1 D:\xampp\htdocs\freelance\Rayhan\CI4-Hotel\vendor\codeigniter4\framework\system\View\View.php(236): include('D:\\xampp\\htdocs...')
#2 D:\xampp\htdocs\freelance\Rayhan\CI4-Hotel\vendor\codeigniter4\framework\system\Common.php(1071): CodeIgniter\View\View->render('home/index', Array, true)
#3 D:\xampp\htdocs\freelance\Rayhan\CI4-Hotel\app\Controllers\Home.php(16): view('home/index', Array)
#4 D:\xampp\htdocs\freelance\Rayhan\CI4-Hotel\vendor\codeigniter4\framework\system\CodeIgniter.php(910): App\Controllers\Home->index()
#5 D:\xampp\htdocs\freelance\Rayhan\CI4-Hotel\vendor\codeigniter4\framework\system\CodeIgniter.php(398): CodeIgniter\CodeIgniter->runController(Object(App\Controllers\Home))
#6 D:\xampp\htdocs\freelance\Rayhan\CI4-Hotel\vendor\codeigniter4\framework\system\CodeIgniter.php(306): CodeIgniter\CodeIgniter->handleRequest(NULL, Object(Config\Cache), false)
#7 D:\xampp\htdocs\freelance\Rayhan\CI4-Hotel\public\index.php(45): CodeIgniter\CodeIgniter->run()
#8 D:\xampp\htdocs\freelance\Rayhan\CI4-Hotel\vendor\codeigniter4\framework\system\Commands\Server\rewrite.php(34): require_once('D:\\xampp\\htdocs...')
#9 {main}
CRITICAL - 2021-12-08 21:03:27 --> Undefined variable: _SESSION
#0 D:\xampp\htdocs\freelance\Rayhan\CI4-Hotel\app\Views\home\index.php(20): CodeIgniter\Debug\Exceptions->errorHandler(8, 'Undefined varia...', 'D:\\xampp\\htdocs...', 20, Array)
#1 D:\xampp\htdocs\freelance\Rayhan\CI4-Hotel\vendor\codeigniter4\framework\system\View\View.php(236): include('D:\\xampp\\htdocs...')
#2 D:\xampp\htdocs\freelance\Rayhan\CI4-Hotel\vendor\codeigniter4\framework\system\Common.php(1071): CodeIgniter\View\View->render('home/index', Array, true)
#3 D:\xampp\htdocs\freelance\Rayhan\CI4-Hotel\app\Controllers\Home.php(16): view('home/index', Array)
#4 D:\xampp\htdocs\freelance\Rayhan\CI4-Hotel\vendor\codeigniter4\framework\system\CodeIgniter.php(910): App\Controllers\Home->index()
#5 D:\xampp\htdocs\freelance\Rayhan\CI4-Hotel\vendor\codeigniter4\framework\system\CodeIgniter.php(398): CodeIgniter\CodeIgniter->runController(Object(App\Controllers\Home))
#6 D:\xampp\htdocs\freelance\Rayhan\CI4-Hotel\vendor\codeigniter4\framework\system\CodeIgniter.php(306): CodeIgniter\CodeIgniter->handleRequest(NULL, Object(Config\Cache), false)
#7 D:\xampp\htdocs\freelance\Rayhan\CI4-Hotel\public\index.php(45): CodeIgniter\CodeIgniter->run()
#8 D:\xampp\htdocs\freelance\Rayhan\CI4-Hotel\vendor\codeigniter4\framework\system\Commands\Server\rewrite.php(34): require_once('D:\\xampp\\htdocs...')
#9 {main}
CRITICAL - 2021-12-08 21:03:37 --> Undefined variable: _SESSION
#0 D:\xampp\htdocs\freelance\Rayhan\CI4-Hotel\app\Views\home\index.php(20): CodeIgniter\Debug\Exceptions->errorHandler(8, 'Undefined varia...', 'D:\\xampp\\htdocs...', 20, Array)
#1 D:\xampp\htdocs\freelance\Rayhan\CI4-Hotel\vendor\codeigniter4\framework\system\View\View.php(236): include('D:\\xampp\\htdocs...')
#2 D:\xampp\htdocs\freelance\Rayhan\CI4-Hotel\vendor\codeigniter4\framework\system\Common.php(1071): CodeIgniter\View\View->render('home/index', Array, true)
#3 D:\xampp\htdocs\freelance\Rayhan\CI4-Hotel\app\Controllers\Home.php(16): view('home/index', Array)
#4 D:\xampp\htdocs\freelance\Rayhan\CI4-Hotel\vendor\codeigniter4\framework\system\CodeIgniter.php(910): App\Controllers\Home->index()
#5 D:\xampp\htdocs\freelance\Rayhan\CI4-Hotel\vendor\codeigniter4\framework\system\CodeIgniter.php(398): CodeIgniter\CodeIgniter->runController(Object(App\Controllers\Home))
#6 D:\xampp\htdocs\freelance\Rayhan\CI4-Hotel\vendor\codeigniter4\framework\system\CodeIgniter.php(306): CodeIgniter\CodeIgniter->handleRequest(NULL, Object(Config\Cache), false)
#7 D:\xampp\htdocs\freelance\Rayhan\CI4-Hotel\public\index.php(45): CodeIgniter\CodeIgniter->run()
#8 D:\xampp\htdocs\freelance\Rayhan\CI4-Hotel\vendor\codeigniter4\framework\system\Commands\Server\rewrite.php(34): require_once('D:\\xampp\\htdocs...')
#9 {main}
CRITICAL - 2021-12-08 21:03:37 --> Undefined variable: _SESSION
#0 D:\xampp\htdocs\freelance\Rayhan\CI4-Hotel\app\Views\home\index.php(20): CodeIgniter\Debug\Exceptions->errorHandler(8, 'Undefined varia...', 'D:\\xampp\\htdocs...', 20, Array)
#1 D:\xampp\htdocs\freelance\Rayhan\CI4-Hotel\vendor\codeigniter4\framework\system\View\View.php(236): include('D:\\xampp\\htdocs...')
#2 D:\xampp\htdocs\freelance\Rayhan\CI4-Hotel\vendor\codeigniter4\framework\system\Common.php(1071): CodeIgniter\View\View->render('home/index', Array, true)
#3 D:\xampp\htdocs\freelance\Rayhan\CI4-Hotel\app\Controllers\Home.php(16): view('home/index', Array)
#4 D:\xampp\htdocs\freelance\Rayhan\CI4-Hotel\vendor\codeigniter4\framework\system\CodeIgniter.php(910): App\Controllers\Home->index()
#5 D:\xampp\htdocs\freelance\Rayhan\CI4-Hotel\vendor\codeigniter4\framework\system\CodeIgniter.php(398): CodeIgniter\CodeIgniter->runController(Object(App\Controllers\Home))
#6 D:\xampp\htdocs\freelance\Rayhan\CI4-Hotel\vendor\codeigniter4\framework\system\CodeIgniter.php(306): CodeIgniter\CodeIgniter->handleRequest(NULL, Object(Config\Cache), false)
#7 D:\xampp\htdocs\freelance\Rayhan\CI4-Hotel\public\index.php(45): CodeIgniter\CodeIgniter->run()
#8 D:\xampp\htdocs\freelance\Rayhan\CI4-Hotel\vendor\codeigniter4\framework\system\Commands\Server\rewrite.php(34): require_once('D:\\xampp\\htdocs...')
#9 {main}
CRITICAL - 2021-12-08 21:03:38 --> Undefined variable: _SESSION
#0 D:\xampp\htdocs\freelance\Rayhan\CI4-Hotel\app\Views\home\index.php(20): CodeIgniter\Debug\Exceptions->errorHandler(8, 'Undefined varia...', 'D:\\xampp\\htdocs...', 20, Array)
#1 D:\xampp\htdocs\freelance\Rayhan\CI4-Hotel\vendor\codeigniter4\framework\system\View\View.php(236): include('D:\\xampp\\htdocs...')
#2 D:\xampp\htdocs\freelance\Rayhan\CI4-Hotel\vendor\codeigniter4\framework\system\Common.php(1071): CodeIgniter\View\View->render('home/index', Array, true)
#3 D:\xampp\htdocs\freelance\Rayhan\CI4-Hotel\app\Controllers\Home.php(16): view('home/index', Array)
#4 D:\xampp\htdocs\freelance\Rayhan\CI4-Hotel\vendor\codeigniter4\framework\system\CodeIgniter.php(910): App\Controllers\Home->index()
#5 D:\xampp\htdocs\freelance\Rayhan\CI4-Hotel\vendor\codeigniter4\framework\system\CodeIgniter.php(398): CodeIgniter\CodeIgniter->runController(Object(App\Controllers\Home))
#6 D:\xampp\htdocs\freelance\Rayhan\CI4-Hotel\vendor\codeigniter4\framework\system\CodeIgniter.php(306): CodeIgniter\CodeIgniter->handleRequest(NULL, Object(Config\Cache), false)
#7 D:\xampp\htdocs\freelance\Rayhan\CI4-Hotel\public\index.php(45): CodeIgniter\CodeIgniter->run()
#8 D:\xampp\htdocs\freelance\Rayhan\CI4-Hotel\vendor\codeigniter4\framework\system\Commands\Server\rewrite.php(34): require_once('D:\\xampp\\htdocs...')
#9 {main}
CRITICAL - 2021-12-08 21:03:38 --> Undefined variable: _SESSION
#0 D:\xampp\htdocs\freelance\Rayhan\CI4-Hotel\app\Views\home\index.php(20): CodeIgniter\Debug\Exceptions->errorHandler(8, 'Undefined varia...', 'D:\\xampp\\htdocs...', 20, Array)
#1 D:\xampp\htdocs\freelance\Rayhan\CI4-Hotel\vendor\codeigniter4\framework\system\View\View.php(236): include('D:\\xampp\\htdocs...')
#2 D:\xampp\htdocs\freelance\Rayhan\CI4-Hotel\vendor\codeigniter4\framework\system\Common.php(1071): CodeIgniter\View\View->render('home/index', Array, true)
#3 D:\xampp\htdocs\freelance\Rayhan\CI4-Hotel\app\Controllers\Home.php(16): view('home/index', Array)
#4 D:\xampp\htdocs\freelance\Rayhan\CI4-Hotel\vendor\codeigniter4\framework\system\CodeIgniter.php(910): App\Controllers\Home->index()
#5 D:\xampp\htdocs\freelance\Rayhan\CI4-Hotel\vendor\codeigniter4\framework\system\CodeIgniter.php(398): CodeIgniter\CodeIgniter->runController(Object(App\Controllers\Home))
#6 D:\xampp\htdocs\freelance\Rayhan\CI4-Hotel\vendor\codeigniter4\framework\system\CodeIgniter.php(306): CodeIgniter\CodeIgniter->handleRequest(NULL, Object(Config\Cache), false)
#7 D:\xampp\htdocs\freelance\Rayhan\CI4-Hotel\public\index.php(45): CodeIgniter\CodeIgniter->run()
#8 D:\xampp\htdocs\freelance\Rayhan\CI4-Hotel\vendor\codeigniter4\framework\system\Commands\Server\rewrite.php(34): require_once('D:\\xampp\\htdocs...')
#9 {main}
CRITICAL - 2021-12-08 21:03:38 --> Undefined variable: _SESSION
#0 D:\xampp\htdocs\freelance\Rayhan\CI4-Hotel\app\Views\home\index.php(20): CodeIgniter\Debug\Exceptions->errorHandler(8, 'Undefined varia...', 'D:\\xampp\\htdocs...', 20, Array)
#1 D:\xampp\htdocs\freelance\Rayhan\CI4-Hotel\vendor\codeigniter4\framework\system\View\View.php(236): include('D:\\xampp\\htdocs...')
#2 D:\xampp\htdocs\freelance\Rayhan\CI4-Hotel\vendor\codeigniter4\framework\system\Common.php(1071): CodeIgniter\View\View->render('home/index', Array, true)
#3 D:\xampp\htdocs\freelance\Rayhan\CI4-Hotel\app\Controllers\Home.php(16): view('home/index', Array)
#4 D:\xampp\htdocs\freelance\Rayhan\CI4-Hotel\vendor\codeigniter4\framework\system\CodeIgniter.php(910): App\Controllers\Home->index()
#5 D:\xampp\htdocs\freelance\Rayhan\CI4-Hotel\vendor\codeigniter4\framework\system\CodeIgniter.php(398): CodeIgniter\CodeIgniter->runController(Object(App\Controllers\Home))
#6 D:\xampp\htdocs\freelance\Rayhan\CI4-Hotel\vendor\codeigniter4\framework\system\CodeIgniter.php(306): CodeIgniter\CodeIgniter->handleRequest(NULL, Object(Config\Cache), false)
#7 D:\xampp\htdocs\freelance\Rayhan\CI4-Hotel\public\index.php(45): CodeIgniter\CodeIgniter->run()
#8 D:\xampp\htdocs\freelance\Rayhan\CI4-Hotel\vendor\codeigniter4\framework\system\Commands\Server\rewrite.php(34): require_once('D:\\xampp\\htdocs...')
#9 {main}
CRITICAL - 2021-12-08 21:03:38 --> Undefined variable: _SESSION
#0 D:\xampp\htdocs\freelance\Rayhan\CI4-Hotel\app\Views\home\index.php(20): CodeIgniter\Debug\Exceptions->errorHandler(8, 'Undefined varia...', 'D:\\xampp\\htdocs...', 20, Array)
#1 D:\xampp\htdocs\freelance\Rayhan\CI4-Hotel\vendor\codeigniter4\framework\system\View\View.php(236): include('D:\\xampp\\htdocs...')
#2 D:\xampp\htdocs\freelance\Rayhan\CI4-Hotel\vendor\codeigniter4\framework\system\Common.php(1071): CodeIgniter\View\View->render('home/index', Array, true)
#3 D:\xampp\htdocs\freelance\Rayhan\CI4-Hotel\app\Controllers\Home.php(16): view('home/index', Array)
#4 D:\xampp\htdocs\freelance\Rayhan\CI4-Hotel\vendor\codeigniter4\framework\system\CodeIgniter.php(910): App\Controllers\Home->index()
#5 D:\xampp\htdocs\freelance\Rayhan\CI4-Hotel\vendor\codeigniter4\framework\system\CodeIgniter.php(398): CodeIgniter\CodeIgniter->runController(Object(App\Controllers\Home))
#6 D:\xampp\htdocs\freelance\Rayhan\CI4-Hotel\vendor\codeigniter4\framework\system\CodeIgniter.php(306): CodeIgniter\CodeIgniter->handleRequest(NULL, Object(Config\Cache), false)
#7 D:\xampp\htdocs\freelance\Rayhan\CI4-Hotel\public\index.php(45): CodeIgniter\CodeIgniter->run()
#8 D:\xampp\htdocs\freelance\Rayhan\CI4-Hotel\vendor\codeigniter4\framework\system\Commands\Server\rewrite.php(34): require_once('D:\\xampp\\htdocs...')
#9 {main}
CRITICAL - 2021-12-08 21:03:38 --> Undefined variable: _SESSION
#0 D:\xampp\htdocs\freelance\Rayhan\CI4-Hotel\app\Views\home\index.php(20): CodeIgniter\Debug\Exceptions->errorHandler(8, 'Undefined varia...', 'D:\\xampp\\htdocs...', 20, Array)
#1 D:\xampp\htdocs\freelance\Rayhan\CI4-Hotel\vendor\codeigniter4\framework\system\View\View.php(236): include('D:\\xampp\\htdocs...')
#2 D:\xampp\htdocs\freelance\Rayhan\CI4-Hotel\vendor\codeigniter4\framework\system\Common.php(1071): CodeIgniter\View\View->render('home/index', Array, true)
#3 D:\xampp\htdocs\freelance\Rayhan\CI4-Hotel\app\Controllers\Home.php(16): view('home/index', Array)
#4 D:\xampp\htdocs\freelance\Rayhan\CI4-Hotel\vendor\codeigniter4\framework\system\CodeIgniter.php(910): App\Controllers\Home->index()
#5 D:\xampp\htdocs\freelance\Rayhan\CI4-Hotel\vendor\codeigniter4\framework\system\CodeIgniter.php(398): CodeIgniter\CodeIgniter->runController(Object(App\Controllers\Home))
#6 D:\xampp\htdocs\freelance\Rayhan\CI4-Hotel\vendor\codeigniter4\framework\system\CodeIgniter.php(306): CodeIgniter\CodeIgniter->handleRequest(NULL, Object(Config\Cache), false)
#7 D:\xampp\htdocs\freelance\Rayhan\CI4-Hotel\public\index.php(45): CodeIgniter\CodeIgniter->run()
#8 D:\xampp\htdocs\freelance\Rayhan\CI4-Hotel\vendor\codeigniter4\framework\system\Commands\Server\rewrite.php(34): require_once('D:\\xampp\\htdocs...')
#9 {main}
CRITICAL - 2021-12-08 21:03:38 --> Undefined variable: _SESSION
#0 D:\xampp\htdocs\freelance\Rayhan\CI4-Hotel\app\Views\home\index.php(20): CodeIgniter\Debug\Exceptions->errorHandler(8, 'Undefined varia...', 'D:\\xampp\\htdocs...', 20, Array)
#1 D:\xampp\htdocs\freelance\Rayhan\CI4-Hotel\vendor\codeigniter4\framework\system\View\View.php(236): include('D:\\xampp\\htdocs...')
#2 D:\xampp\htdocs\freelance\Rayhan\CI4-Hotel\vendor\codeigniter4\framework\system\Common.php(1071): CodeIgniter\View\View->render('home/index', Array, true)
#3 D:\xampp\htdocs\freelance\Rayhan\CI4-Hotel\app\Controllers\Home.php(16): view('home/index', Array)
#4 D:\xampp\htdocs\freelance\Rayhan\CI4-Hotel\vendor\codeigniter4\framework\system\CodeIgniter.php(910): App\Controllers\Home->index()
#5 D:\xampp\htdocs\freelance\Rayhan\CI4-Hotel\vendor\codeigniter4\framework\system\CodeIgniter.php(398): CodeIgniter\CodeIgniter->runController(Object(App\Controllers\Home))
#6 D:\xampp\htdocs\freelance\Rayhan\CI4-Hotel\vendor\codeigniter4\framework\system\CodeIgniter.php(306): CodeIgniter\CodeIgniter->handleRequest(NULL, Object(Config\Cache), false)
#7 D:\xampp\htdocs\freelance\Rayhan\CI4-Hotel\public\index.php(45): CodeIgniter\CodeIgniter->run()
#8 D:\xampp\htdocs\freelance\Rayhan\CI4-Hotel\vendor\codeigniter4\framework\system\Commands\Server\rewrite.php(34): require_once('D:\\xampp\\htdocs...')
#9 {main}
CRITICAL - 2021-12-08 21:03:38 --> Undefined variable: _SESSION
#0 D:\xampp\htdocs\freelance\Rayhan\CI4-Hotel\app\Views\home\index.php(20): CodeIgniter\Debug\Exceptions->errorHandler(8, 'Undefined varia...', 'D:\\xampp\\htdocs...', 20, Array)
#1 D:\xampp\htdocs\freelance\Rayhan\CI4-Hotel\vendor\codeigniter4\framework\system\View\View.php(236): include('D:\\xampp\\htdocs...')
#2 D:\xampp\htdocs\freelance\Rayhan\CI4-Hotel\vendor\codeigniter4\framework\system\Common.php(1071): CodeIgniter\View\View->render('home/index', Array, true)
#3 D:\xampp\htdocs\freelance\Rayhan\CI4-Hotel\app\Controllers\Home.php(16): view('home/index', Array)
#4 D:\xampp\htdocs\freelance\Rayhan\CI4-Hotel\vendor\codeigniter4\framework\system\CodeIgniter.php(910): App\Controllers\Home->index()
#5 D:\xampp\htdocs\freelance\Rayhan\CI4-Hotel\vendor\codeigniter4\framework\system\CodeIgniter.php(398): CodeIgniter\CodeIgniter->runController(Object(App\Controllers\Home))
#6 D:\xampp\htdocs\freelance\Rayhan\CI4-Hotel\vendor\codeigniter4\framework\system\CodeIgniter.php(306): CodeIgniter\CodeIgniter->handleRequest(NULL, Object(Config\Cache), false)
#7 D:\xampp\htdocs\freelance\Rayhan\CI4-Hotel\public\index.php(45): CodeIgniter\CodeIgniter->run()
#8 D:\xampp\htdocs\freelance\Rayhan\CI4-Hotel\vendor\codeigniter4\framework\system\Commands\Server\rewrite.php(34): require_once('D:\\xampp\\htdocs...')
#9 {main}
CRITICAL - 2021-12-08 21:03:38 --> Undefined variable: _SESSION
#0 D:\xampp\htdocs\freelance\Rayhan\CI4-Hotel\app\Views\home\index.php(20): CodeIgniter\Debug\Exceptions->errorHandler(8, 'Undefined varia...', 'D:\\xampp\\htdocs...', 20, Array)
#1 D:\xampp\htdocs\freelance\Rayhan\CI4-Hotel\vendor\codeigniter4\framework\system\View\View.php(236): include('D:\\xampp\\htdocs...')
#2 D:\xampp\htdocs\freelance\Rayhan\CI4-Hotel\vendor\codeigniter4\framework\system\Common.php(1071): CodeIgniter\View\View->render('home/index', Array, true)
#3 D:\xampp\htdocs\freelance\Rayhan\CI4-Hotel\app\Controllers\Home.php(16): view('home/index', Array)
#4 D:\xampp\htdocs\freelance\Rayhan\CI4-Hotel\vendor\codeigniter4\framework\system\CodeIgniter.php(910): App\Controllers\Home->index()
#5 D:\xampp\htdocs\freelance\Rayhan\CI4-Hotel\vendor\codeigniter4\framework\system\CodeIgniter.php(398): CodeIgniter\CodeIgniter->runController(Object(App\Controllers\Home))
#6 D:\xampp\htdocs\freelance\Rayhan\CI4-Hotel\vendor\codeigniter4\framework\system\CodeIgniter.php(306): CodeIgniter\CodeIgniter->handleRequest(NULL, Object(Config\Cache), false)
#7 D:\xampp\htdocs\freelance\Rayhan\CI4-Hotel\public\index.php(45): CodeIgniter\CodeIgniter->run()
#8 D:\xampp\htdocs\freelance\Rayhan\CI4-Hotel\vendor\codeigniter4\framework\system\Commands\Server\rewrite.php(34): require_once('D:\\xampp\\htdocs...')
#9 {main}
CRITICAL - 2021-12-08 21:03:38 --> Undefined variable: _SESSION
#0 D:\xampp\htdocs\freelance\Rayhan\CI4-Hotel\app\Views\home\index.php(20): CodeIgniter\Debug\Exceptions->errorHandler(8, 'Undefined varia...', 'D:\\xampp\\htdocs...', 20, Array)
#1 D:\xampp\htdocs\freelance\Rayhan\CI4-Hotel\vendor\codeigniter4\framework\system\View\View.php(236): include('D:\\xampp\\htdocs...')
#2 D:\xampp\htdocs\freelance\Rayhan\CI4-Hotel\vendor\codeigniter4\framework\system\Common.php(1071): CodeIgniter\View\View->render('home/index', Array, true)
#3 D:\xampp\htdocs\freelance\Rayhan\CI4-Hotel\app\Controllers\Home.php(16): view('home/index', Array)
#4 D:\xampp\htdocs\freelance\Rayhan\CI4-Hotel\vendor\codeigniter4\framework\system\CodeIgniter.php(910): App\Controllers\Home->index()
#5 D:\xampp\htdocs\freelance\Rayhan\CI4-Hotel\vendor\codeigniter4\framework\system\CodeIgniter.php(398): CodeIgniter\CodeIgniter->runController(Object(App\Controllers\Home))
#6 D:\xampp\htdocs\freelance\Rayhan\CI4-Hotel\vendor\codeigniter4\framework\system\CodeIgniter.php(306): CodeIgniter\CodeIgniter->handleRequest(NULL, Object(Config\Cache), false)
#7 D:\xampp\htdocs\freelance\Rayhan\CI4-Hotel\public\index.php(45): CodeIgniter\CodeIgniter->run()
#8 D:\xampp\htdocs\freelance\Rayhan\CI4-Hotel\vendor\codeigniter4\framework\system\Commands\Server\rewrite.php(34): require_once('D:\\xampp\\htdocs...')
#9 {main}
CRITICAL - 2021-12-08 21:04:09 --> Undefined variable: _SESSION
#0 D:\xampp\htdocs\freelance\Rayhan\CI4-Hotel\app\Views\home\index.php(20): CodeIgniter\Debug\Exceptions->errorHandler(8, 'Undefined varia...', 'D:\\xampp\\htdocs...', 20, Array)
#1 D:\xampp\htdocs\freelance\Rayhan\CI4-Hotel\vendor\codeigniter4\framework\system\View\View.php(236): include('D:\\xampp\\htdocs...')
#2 D:\xampp\htdocs\freelance\Rayhan\CI4-Hotel\vendor\codeigniter4\framework\system\Common.php(1071): CodeIgniter\View\View->render('home/index', Array, true)
#3 D:\xampp\htdocs\freelance\Rayhan\CI4-Hotel\app\Controllers\Home.php(16): view('home/index', Array)
#4 D:\xampp\htdocs\freelance\Rayhan\CI4-Hotel\vendor\codeigniter4\framework\system\CodeIgniter.php(910): App\Controllers\Home->index()
#5 D:\xampp\htdocs\freelance\Rayhan\CI4-Hotel\vendor\codeigniter4\framework\system\CodeIgniter.php(398): CodeIgniter\CodeIgniter->runController(Object(App\Controllers\Home))
#6 D:\xampp\htdocs\freelance\Rayhan\CI4-Hotel\vendor\codeigniter4\framework\system\CodeIgniter.php(306): CodeIgniter\CodeIgniter->handleRequest(NULL, Object(Config\Cache), false)
#7 D:\xampp\htdocs\freelance\Rayhan\CI4-Hotel\public\index.php(45): CodeIgniter\CodeIgniter->run()
#8 D:\xampp\htdocs\freelance\Rayhan\CI4-Hotel\vendor\codeigniter4\framework\system\Commands\Server\rewrite.php(34): require_once('D:\\xampp\\htdocs...')
#9 {main}
CRITICAL - 2021-12-08 21:06:56 --> session_start(): A session had already been started - ignoring
#0 [internal function]: CodeIgniter\Debug\Exceptions->errorHandler(8, 'session_start()...', 'D:\\xampp\\htdocs...', 2, Array)
#1 D:\xampp\htdocs\freelance\Rayhan\CI4-Hotel\app\Views\home\template\index.php(2): session_start()
#2 D:\xampp\htdocs\freelance\Rayhan\CI4-Hotel\vendor\codeigniter4\framework\system\View\View.php(236): include('D:\\xampp\\htdocs...')
#3 D:\xampp\htdocs\freelance\Rayhan\CI4-Hotel\vendor\codeigniter4\framework\system\View\View.php(247): CodeIgniter\View\View->render('home/template/i...', Array, true)
#4 D:\xampp\htdocs\freelance\Rayhan\CI4-Hotel\vendor\codeigniter4\framework\system\Common.php(1071): CodeIgniter\View\View->render('home/index', Array, true)
#5 D:\xampp\htdocs\freelance\Rayhan\CI4-Hotel\app\Controllers\Home.php(17): view('home/index', Array)
#6 D:\xampp\htdocs\freelance\Rayhan\CI4-Hotel\vendor\codeigniter4\framework\system\CodeIgniter.php(910): App\Controllers\Home->index()
#7 D:\xampp\htdocs\freelance\Rayhan\CI4-Hotel\vendor\codeigniter4\framework\system\CodeIgniter.php(398): CodeIgniter\CodeIgniter->runController(Object(App\Controllers\Home))
#8 D:\xampp\htdocs\freelance\Rayhan\CI4-Hotel\vendor\codeigniter4\framework\system\CodeIgniter.php(306): CodeIgniter\CodeIgniter->handleRequest(NULL, Object(Config\Cache), false)
#9 D:\xampp\htdocs\freelance\Rayhan\CI4-Hotel\public\index.php(45): CodeIgniter\CodeIgniter->run()
#10 D:\xampp\htdocs\freelance\Rayhan\CI4-Hotel\vendor\codeigniter4\framework\system\Commands\Server\rewrite.php(34): require_once('D:\\xampp\\htdocs...')
#11 {main}
CRITICAL - 2021-12-08 21:07:17 --> Cannot use object of type CodeIgniter\Session\Session as array
#0 D:\xampp\htdocs\freelance\Rayhan\CI4-Hotel\vendor\codeigniter4\framework\system\View\View.php(236): include()
#1 D:\xampp\htdocs\freelance\Rayhan\CI4-Hotel\vendor\codeigniter4\framework\system\Common.php(1071): CodeIgniter\View\View->render('home/index', Array, true)
#2 D:\xampp\htdocs\freelance\Rayhan\CI4-Hotel\app\Controllers\Home.php(17): view('home/index', Array)
#3 D:\xampp\htdocs\freelance\Rayhan\CI4-Hotel\vendor\codeigniter4\framework\system\CodeIgniter.php(910): App\Controllers\Home->index()
#4 D:\xampp\htdocs\freelance\Rayhan\CI4-Hotel\vendor\codeigniter4\framework\system\CodeIgniter.php(398): CodeIgniter\CodeIgniter->runController(Object(App\Controllers\Home))
#5 D:\xampp\htdocs\freelance\Rayhan\CI4-Hotel\vendor\codeigniter4\framework\system\CodeIgniter.php(306): CodeIgniter\CodeIgniter->handleRequest(NULL, Object(Config\Cache), false)
#6 D:\xampp\htdocs\freelance\Rayhan\CI4-Hotel\public\index.php(45): CodeIgniter\CodeIgniter->run()
#7 D:\xampp\htdocs\freelance\Rayhan\CI4-Hotel\vendor\codeigniter4\framework\system\Commands\Server\rewrite.php(34): require_once('D:\\xampp\\htdocs...')
#8 {main}
CRITICAL - 2021-12-08 21:14:20 --> Invalid file: book/done.php
#0 D:\xampp\htdocs\freelance\Rayhan\CI4-Hotel\vendor\codeigniter4\framework\system\View\View.php(224): CodeIgniter\Exceptions\FrameworkException::forInvalidFile('book/done.php')
#1 D:\xampp\htdocs\freelance\Rayhan\CI4-Hotel\vendor\codeigniter4\framework\system\Common.php(1071): CodeIgniter\View\View->render('book/done', Array, true)
#2 D:\xampp\htdocs\freelance\Rayhan\CI4-Hotel\app\Controllers\Home.php(100): view('book/done', Array)
#3 D:\xampp\htdocs\freelance\Rayhan\CI4-Hotel\vendor\codeigniter4\framework\system\CodeIgniter.php(910): App\Controllers\Home->bookDone()
#4 D:\xampp\htdocs\freelance\Rayhan\CI4-Hotel\vendor\codeigniter4\framework\system\CodeIgniter.php(398): CodeIgniter\CodeIgniter->runController(Object(App\Controllers\Home))
#5 D:\xampp\htdocs\freelance\Rayhan\CI4-Hotel\vendor\codeigniter4\framework\system\CodeIgniter.php(306): CodeIgniter\CodeIgniter->handleRequest(NULL, Object(Config\Cache), false)
#6 D:\xampp\htdocs\freelance\Rayhan\CI4-Hotel\public\index.php(45): CodeIgniter\CodeIgniter->run()
#7 D:\xampp\htdocs\freelance\Rayhan\CI4-Hotel\vendor\codeigniter4\framework\system\Commands\Server\rewrite.php(34): require_once('D:\\xampp\\htdocs...')
#8 {main}
CRITICAL - 2021-12-08 21:28:31 --> Cannot use object of type CodeIgniter\Session\Session as array
#0 D:\xampp\htdocs\freelance\Rayhan\CI4-Hotel\vendor\codeigniter4\framework\system\CodeIgniter.php(910): App\Controllers\Home->book('1')
#1 D:\xampp\htdocs\freelance\Rayhan\CI4-Hotel\vendor\codeigniter4\framework\system\CodeIgniter.php(398): CodeIgniter\CodeIgniter->runController(Object(App\Controllers\Home))
#2 D:\xampp\htdocs\freelance\Rayhan\CI4-Hotel\vendor\codeigniter4\framework\system\CodeIgniter.php(306): CodeIgniter\CodeIgniter->handleRequest(NULL, Object(Config\Cache), false)
#3 D:\xampp\htdocs\freelance\Rayhan\CI4-Hotel\public\index.php(45): CodeIgniter\CodeIgniter->run()
#4 D:\xampp\htdocs\freelance\Rayhan\CI4-Hotel\vendor\codeigniter4\framework\system\Commands\Server\rewrite.php(34): require_once('D:\\xampp\\htdocs...')
#5 {main}
CRITICAL - 2021-12-08 21:33:18 --> Call to a member function getRow() on array
#0 D:\xampp\htdocs\freelance\Rayhan\CI4-Hotel\vendor\codeigniter4\framework\system\CodeIgniter.php(910): App\Controllers\User->edit('1', 'user')
#1 D:\xampp\htdocs\freelance\Rayhan\CI4-Hotel\vendor\codeigniter4\framework\system\CodeIgniter.php(398): CodeIgniter\CodeIgniter->runController(Object(App\Controllers\User))
#2 D:\xampp\htdocs\freelance\Rayhan\CI4-Hotel\vendor\codeigniter4\framework\system\CodeIgniter.php(306): CodeIgniter\CodeIgniter->handleRequest(NULL, Object(Config\Cache), false)
#3 D:\xampp\htdocs\freelance\Rayhan\CI4-Hotel\public\index.php(45): CodeIgniter\CodeIgniter->run()
#4 D:\xampp\htdocs\freelance\Rayhan\CI4-Hotel\vendor\codeigniter4\framework\system\Commands\Server\rewrite.php(34): require_once('D:\\xampp\\htdocs...')
#5 {main}
CRITICAL - 2021-12-08 21:33:51 --> Call to a member function getRow() on array
#0 D:\xampp\htdocs\freelance\Rayhan\CI4-Hotel\vendor\codeigniter4\framework\system\CodeIgniter.php(910): App\Controllers\Home->book('1')
#1 D:\xampp\htdocs\freelance\Rayhan\CI4-Hotel\vendor\codeigniter4\framework\system\CodeIgniter.php(398): CodeIgniter\CodeIgniter->runController(Object(App\Controllers\Home))
#2 D:\xampp\htdocs\freelance\Rayhan\CI4-Hotel\vendor\codeigniter4\framework\system\CodeIgniter.php(306): CodeIgniter\CodeIgniter->handleRequest(NULL, Object(Config\Cache), false)
#3 D:\xampp\htdocs\freelance\Rayhan\CI4-Hotel\public\index.php(45): CodeIgniter\CodeIgniter->run()
#4 D:\xampp\htdocs\freelance\Rayhan\CI4-Hotel\vendor\codeigniter4\framework\system\Commands\Server\rewrite.php(34): require_once('D:\\xampp\\htdocs...')
#5 {main}
CRITICAL - 2021-12-08 21:37:58 --> Column 'email' cannot be null
#0 D:\xampp\htdocs\freelance\Rayhan\CI4-Hotel\vendor\codeigniter4\framework\system\Database\MySQLi\Connection.php(330): mysqli->query('INSERT INTO `us...')
#1 D:\xampp\htdocs\freelance\Rayhan\CI4-Hotel\vendor\codeigniter4\framework\system\Database\BaseConnection.php(738): CodeIgniter\Database\MySQLi\Connection->execute('INSERT INTO `us...')
#2 D:\xampp\htdocs\freelance\Rayhan\CI4-Hotel\vendor\codeigniter4\framework\system\Database\BaseConnection.php(666): CodeIgniter\Database\BaseConnection->simpleQuery('INSERT INTO `us...')
#3 D:\xampp\htdocs\freelance\Rayhan\CI4-Hotel\vendor\codeigniter4\framework\system\Database\BaseBuilder.php(2206): CodeIgniter\Database\BaseConnection->query('INSERT INTO `us...', Array, false)
#4 D:\xampp\htdocs\freelance\Rayhan\CI4-Hotel\app\Models\UserModel.php(28): CodeIgniter\Database\BaseBuilder->insert(Array)
#5 D:\xampp\htdocs\freelance\Rayhan\CI4-Hotel\app\Controllers\Home.php(96): App\Models\UserModel->add(Array)
#6 D:\xampp\htdocs\freelance\Rayhan\CI4-Hotel\vendor\codeigniter4\framework\system\CodeIgniter.php(910): App\Controllers\Home->bookProcess()
#7 D:\xampp\htdocs\freelance\Rayhan\CI4-Hotel\vendor\codeigniter4\framework\system\CodeIgniter.php(398): CodeIgniter\CodeIgniter->runController(Object(App\Controllers\Home))
#8 D:\xampp\htdocs\freelance\Rayhan\CI4-Hotel\vendor\codeigniter4\framework\system\CodeIgniter.php(306): CodeIgniter\CodeIgniter->handleRequest(NULL, Object(Config\Cache), false)
#9 D:\xampp\htdocs\freelance\Rayhan\CI4-Hotel\public\index.php(45): CodeIgniter\CodeIgniter->run()
#10 D:\xampp\htdocs\freelance\Rayhan\CI4-Hotel\vendor\codeigniter4\framework\system\Commands\Server\rewrite.php(34): require_once('D:\\xampp\\htdocs...')
#11 {main}
CRITICAL - 2021-12-08 21:42:31 --> Undefined index: session
#0 D:\xampp\htdocs\freelance\Rayhan\CI4-Hotel\app\Controllers\Home.php(87): CodeIgniter\Debug\Exceptions->errorHandler(8, 'Undefined index...', 'D:\\xampp\\htdocs...', 87, Array)
#1 D:\xampp\htdocs\freelance\Rayhan\CI4-Hotel\vendor\codeigniter4\framework\system\CodeIgniter.php(910): App\Controllers\Home->bookProcess()
#2 D:\xampp\htdocs\freelance\Rayhan\CI4-Hotel\vendor\codeigniter4\framework\system\CodeIgniter.php(398): CodeIgniter\CodeIgniter->runController(Object(App\Controllers\Home))
#3 D:\xampp\htdocs\freelance\Rayhan\CI4-Hotel\vendor\codeigniter4\framework\system\CodeIgniter.php(306): CodeIgniter\CodeIgniter->handleRequest(NULL, Object(Config\Cache), false)
#4 D:\xampp\htdocs\freelance\Rayhan\CI4-Hotel\public\index.php(45): CodeIgniter\CodeIgniter->run()
#5 D:\xampp\htdocs\freelance\Rayhan\CI4-Hotel\vendor\codeigniter4\framework\system\Commands\Server\rewrite.php(34): require_once('D:\\xampp\\htdocs...')
#6 {main}
CRITICAL - 2021-12-08 21:42:39 --> Column 'email' cannot be null
#0 D:\xampp\htdocs\freelance\Rayhan\CI4-Hotel\vendor\codeigniter4\framework\system\Database\MySQLi\Connection.php(330): mysqli->query('INSERT INTO `us...')
#1 D:\xampp\htdocs\freelance\Rayhan\CI4-Hotel\vendor\codeigniter4\framework\system\Database\BaseConnection.php(738): CodeIgniter\Database\MySQLi\Connection->execute('INSERT INTO `us...')
#2 D:\xampp\htdocs\freelance\Rayhan\CI4-Hotel\vendor\codeigniter4\framework\system\Database\BaseConnection.php(666): CodeIgniter\Database\BaseConnection->simpleQuery('INSERT INTO `us...')
#3 D:\xampp\htdocs\freelance\Rayhan\CI4-Hotel\vendor\codeigniter4\framework\system\Database\BaseBuilder.php(2206): CodeIgniter\Database\BaseConnection->query('INSERT INTO `us...', Array, false)
#4 D:\xampp\htdocs\freelance\Rayhan\CI4-Hotel\app\Models\UserModel.php(28): CodeIgniter\Database\BaseBuilder->insert(Array)
#5 D:\xampp\htdocs\freelance\Rayhan\CI4-Hotel\app\Controllers\Home.php(98): App\Models\UserModel->add(Array)
#6 D:\xampp\htdocs\freelance\Rayhan\CI4-Hotel\vendor\codeigniter4\framework\system\CodeIgniter.php(910): App\Controllers\Home->bookProcess()
#7 D:\xampp\htdocs\freelance\Rayhan\CI4-Hotel\vendor\codeigniter4\framework\system\CodeIgniter.php(398): CodeIgniter\CodeIgniter->runController(Object(App\Controllers\Home))
#8 D:\xampp\htdocs\freelance\Rayhan\CI4-Hotel\vendor\codeigniter4\framework\system\CodeIgniter.php(306): CodeIgniter\CodeIgniter->handleRequest(NULL, Object(Config\Cache), false)
#9 D:\xampp\htdocs\freelance\Rayhan\CI4-Hotel\public\index.php(45): CodeIgniter\CodeIgniter->run()
#10 D:\xampp\htdocs\freelance\Rayhan\CI4-Hotel\vendor\codeigniter4\framework\system\Commands\Server\rewrite.php(34): require_once('D:\\xampp\\htdocs...')
#11 {main}
CRITICAL - 2021-12-08 21:43:17 --> Column 'name' cannot be null
#0 D:\xampp\htdocs\freelance\Rayhan\CI4-Hotel\vendor\codeigniter4\framework\system\Database\MySQLi\Connection.php(330): mysqli->query('INSERT INTO `us...')
#1 D:\xampp\htdocs\freelance\Rayhan\CI4-Hotel\vendor\codeigniter4\framework\system\Database\BaseConnection.php(738): CodeIgniter\Database\MySQLi\Connection->execute('INSERT INTO `us...')
#2 D:\xampp\htdocs\freelance\Rayhan\CI4-Hotel\vendor\codeigniter4\framework\system\Database\BaseConnection.php(666): CodeIgniter\Database\BaseConnection->simpleQuery('INSERT INTO `us...')
#3 D:\xampp\htdocs\freelance\Rayhan\CI4-Hotel\vendor\codeigniter4\framework\system\Database\BaseBuilder.php(2206): CodeIgniter\Database\BaseConnection->query('INSERT INTO `us...', Array, false)
#4 D:\xampp\htdocs\freelance\Rayhan\CI4-Hotel\app\Models\UserModel.php(28): CodeIgniter\Database\BaseBuilder->insert(Array)
#5 D:\xampp\htdocs\freelance\Rayhan\CI4-Hotel\app\Controllers\Home.php(98): App\Models\UserModel->add(Array)
#6 D:\xampp\htdocs\freelance\Rayhan\CI4-Hotel\vendor\codeigniter4\framework\system\CodeIgniter.php(910): App\Controllers\Home->bookProcess()
#7 D:\xampp\htdocs\freelance\Rayhan\CI4-Hotel\vendor\codeigniter4\framework\system\CodeIgniter.php(398): CodeIgniter\CodeIgniter->runController(Object(App\Controllers\Home))
#8 D:\xampp\htdocs\freelance\Rayhan\CI4-Hotel\vendor\codeigniter4\framework\system\CodeIgniter.php(306): CodeIgniter\CodeIgniter->handleRequest(NULL, Object(Config\Cache), false)
#9 D:\xampp\htdocs\freelance\Rayhan\CI4-Hotel\public\index.php(45): CodeIgniter\CodeIgniter->run()
#10 D:\xampp\htdocs\freelance\Rayhan\CI4-Hotel\vendor\codeigniter4\framework\system\Commands\Server\rewrite.php(34): require_once('D:\\xampp\\htdocs...')
#11 {main}
CRITICAL - 2021-12-08 21:43:42 --> Undefined variable: data2
#0 D:\xampp\htdocs\freelance\Rayhan\CI4-Hotel\app\Controllers\Home.php(98): CodeIgniter\Debug\Exceptions->errorHandler(8, 'Undefined varia...', 'D:\\xampp\\htdocs...', 98, Array)
#1 D:\xampp\htdocs\freelance\Rayhan\CI4-Hotel\vendor\codeigniter4\framework\system\CodeIgniter.php(910): App\Controllers\Home->bookProcess()
#2 D:\xampp\htdocs\freelance\Rayhan\CI4-Hotel\vendor\codeigniter4\framework\system\CodeIgniter.php(398): CodeIgniter\CodeIgniter->runController(Object(App\Controllers\Home))
#3 D:\xampp\htdocs\freelance\Rayhan\CI4-Hotel\vendor\codeigniter4\framework\system\CodeIgniter.php(306): CodeIgniter\CodeIgniter->handleRequest(NULL, Object(Config\Cache), false)
#4 D:\xampp\htdocs\freelance\Rayhan\CI4-Hotel\public\index.php(45): CodeIgniter\CodeIgniter->run()
#5 D:\xampp\htdocs\freelance\Rayhan\CI4-Hotel\vendor\codeigniter4\framework\system\Commands\Server\rewrite.php(34): require_once('D:\\xampp\\htdocs...')
#6 {main}
CRITICAL - 2021-12-08 21:44:02 --> Column 'name' cannot be null
#0 D:\xampp\htdocs\freelance\Rayhan\CI4-Hotel\vendor\codeigniter4\framework\system\Database\MySQLi\Connection.php(330): mysqli->query('INSERT INTO `us...')
#1 D:\xampp\htdocs\freelance\Rayhan\CI4-Hotel\vendor\codeigniter4\framework\system\Database\BaseConnection.php(738): CodeIgniter\Database\MySQLi\Connection->execute('INSERT INTO `us...')
#2 D:\xampp\htdocs\freelance\Rayhan\CI4-Hotel\vendor\codeigniter4\framework\system\Database\BaseConnection.php(666): CodeIgniter\Database\BaseConnection->simpleQuery('INSERT INTO `us...')
#3 D:\xampp\htdocs\freelance\Rayhan\CI4-Hotel\vendor\codeigniter4\framework\system\Database\BaseBuilder.php(2206): CodeIgniter\Database\BaseConnection->query('INSERT INTO `us...', Array, false)
#4 D:\xampp\htdocs\freelance\Rayhan\CI4-Hotel\app\Models\UserModel.php(28): CodeIgniter\Database\BaseBuilder->insert(Array)
#5 D:\xampp\htdocs\freelance\Rayhan\CI4-Hotel\app\Controllers\Home.php(98): App\Models\UserModel->add(Array)
#6 D:\xampp\htdocs\freelance\Rayhan\CI4-Hotel\vendor\codeigniter4\framework\system\CodeIgniter.php(910): App\Controllers\Home->bookProcess()
#7 D:\xampp\htdocs\freelance\Rayhan\CI4-Hotel\vendor\codeigniter4\framework\system\CodeIgniter.php(398): CodeIgniter\CodeIgniter->runController(Object(App\Controllers\Home))
#8 D:\xampp\htdocs\freelance\Rayhan\CI4-Hotel\vendor\codeigniter4\framework\system\CodeIgniter.php(306): CodeIgniter\CodeIgniter->handleRequest(NULL, Object(Config\Cache), false)
#9 D:\xampp\htdocs\freelance\Rayhan\CI4-Hotel\public\index.php(45): CodeIgniter\CodeIgniter->run()
#10 D:\xampp\htdocs\freelance\Rayhan\CI4-Hotel\vendor\codeigniter4\framework\system\Commands\Server\rewrite.php(34): require_once('D:\\xampp\\htdocs...')
#11 {main}
CRITICAL - 2021-12-08 21:44:17 --> Undefined index: session
#0 D:\xampp\htdocs\freelance\Rayhan\CI4-Hotel\app\Controllers\Home.php(87): CodeIgniter\Debug\Exceptions->errorHandler(8, 'Undefined index...', 'D:\\xampp\\htdocs...', 87, Array)
#1 D:\xampp\htdocs\freelance\Rayhan\CI4-Hotel\vendor\codeigniter4\framework\system\CodeIgniter.php(910): App\Controllers\Home->bookProcess()
#2 D:\xampp\htdocs\freelance\Rayhan\CI4-Hotel\vendor\codeigniter4\framework\system\CodeIgniter.php(398): CodeIgniter\CodeIgniter->runController(Object(App\Controllers\Home))
#3 D:\xampp\htdocs\freelance\Rayhan\CI4-Hotel\vendor\codeigniter4\framework\system\CodeIgniter.php(306): CodeIgniter\CodeIgniter->handleRequest(NULL, Object(Config\Cache), false)
#4 D:\xampp\htdocs\freelance\Rayhan\CI4-Hotel\public\index.php(45): CodeIgniter\CodeIgniter->run()
#5 D:\xampp\htdocs\freelance\Rayhan\CI4-Hotel\vendor\codeigniter4\framework\system\Commands\Server\rewrite.php(34): require_once('D:\\xampp\\htdocs...')
#6 {main}
CRITICAL - 2021-12-08 21:44:36 --> Call to undefined function App\Controllers\asset()
#0 D:\xampp\htdocs\freelance\Rayhan\CI4-Hotel\vendor\codeigniter4\framework\system\CodeIgniter.php(910): App\Controllers\Home->bookProcess()
#1 D:\xampp\htdocs\freelance\Rayhan\CI4-Hotel\vendor\codeigniter4\framework\system\CodeIgniter.php(398): CodeIgniter\CodeIgniter->runController(Object(App\Controllers\Home))
#2 D:\xampp\htdocs\freelance\Rayhan\CI4-Hotel\vendor\codeigniter4\framework\system\CodeIgniter.php(306): CodeIgniter\CodeIgniter->handleRequest(NULL, Object(Config\Cache), false)
#3 D:\xampp\htdocs\freelance\Rayhan\CI4-Hotel\public\index.php(45): CodeIgniter\CodeIgniter->run()
#4 D:\xampp\htdocs\freelance\Rayhan\CI4-Hotel\vendor\codeigniter4\framework\system\Commands\Server\rewrite.php(34): require_once('D:\\xampp\\htdocs...')
#5 {main}
CRITICAL - 2021-12-08 21:44:44 --> Undefined variable: data2
#0 D:\xampp\htdocs\freelance\Rayhan\CI4-Hotel\app\Controllers\Home.php(99): CodeIgniter\Debug\Exceptions->errorHandler(8, 'Undefined varia...', 'D:\\xampp\\htdocs...', 99, Array)
#1 D:\xampp\htdocs\freelance\Rayhan\CI4-Hotel\vendor\codeigniter4\framework\system\CodeIgniter.php(910): App\Controllers\Home->bookProcess()
#2 D:\xampp\htdocs\freelance\Rayhan\CI4-Hotel\vendor\codeigniter4\framework\system\CodeIgniter.php(398): CodeIgniter\CodeIgniter->runController(Object(App\Controllers\Home))
#3 D:\xampp\htdocs\freelance\Rayhan\CI4-Hotel\vendor\codeigniter4\framework\system\CodeIgniter.php(306): CodeIgniter\CodeIgniter->handleRequest(NULL, Object(Config\Cache), false)
#4 D:\xampp\htdocs\freelance\Rayhan\CI4-Hotel\public\index.php(45): CodeIgniter\CodeIgniter->run()
#5 D:\xampp\htdocs\freelance\Rayhan\CI4-Hotel\vendor\codeigniter4\framework\system\Commands\Server\rewrite.php(34): require_once('D:\\xampp\\htdocs...')
#6 {main}
CRITICAL - 2021-12-08 21:45:18 --> Column 'email' cannot be null
#0 D:\xampp\htdocs\freelance\Rayhan\CI4-Hotel\vendor\codeigniter4\framework\system\Database\MySQLi\Connection.php(330): mysqli->query('INSERT INTO `us...')
#1 D:\xampp\htdocs\freelance\Rayhan\CI4-Hotel\vendor\codeigniter4\framework\system\Database\BaseConnection.php(738): CodeIgniter\Database\MySQLi\Connection->execute('INSERT INTO `us...')
#2 D:\xampp\htdocs\freelance\Rayhan\CI4-Hotel\vendor\codeigniter4\framework\system\Database\BaseConnection.php(666): CodeIgniter\Database\BaseConnection->simpleQuery('INSERT INTO `us...')
#3 D:\xampp\htdocs\freelance\Rayhan\CI4-Hotel\vendor\codeigniter4\framework\system\Database\BaseBuilder.php(2206): CodeIgniter\Database\BaseConnection->query('INSERT INTO `us...', Array, false)
#4 D:\xampp\htdocs\freelance\Rayhan\CI4-Hotel\app\Models\UserModel.php(28): CodeIgniter\Database\BaseBuilder->insert(Array)
#5 D:\xampp\htdocs\freelance\Rayhan\CI4-Hotel\app\Controllers\Home.php(97): App\Models\UserModel->add(Array)
#6 D:\xampp\htdocs\freelance\Rayhan\CI4-Hotel\vendor\codeigniter4\framework\system\CodeIgniter.php(910): App\Controllers\Home->bookProcess()
#7 D:\xampp\htdocs\freelance\Rayhan\CI4-Hotel\vendor\codeigniter4\framework\system\CodeIgniter.php(398): CodeIgniter\CodeIgniter->runController(Object(App\Controllers\Home))
#8 D:\xampp\htdocs\freelance\Rayhan\CI4-Hotel\vendor\codeigniter4\framework\system\CodeIgniter.php(306): CodeIgniter\CodeIgniter->handleRequest(NULL, Object(Config\Cache), false)
#9 D:\xampp\htdocs\freelance\Rayhan\CI4-Hotel\public\index.php(45): CodeIgniter\CodeIgniter->run()
#10 D:\xampp\htdocs\freelance\Rayhan\CI4-Hotel\vendor\codeigniter4\framework\system\Commands\Server\rewrite.php(34): require_once('D:\\xampp\\htdocs...')
#11 {main}
CRITICAL - 2021-12-08 21:45:19 --> Column 'email' cannot be null
#0 D:\xampp\htdocs\freelance\Rayhan\CI4-Hotel\vendor\codeigniter4\framework\system\Database\MySQLi\Connection.php(330): mysqli->query('INSERT INTO `us...')
#1 D:\xampp\htdocs\freelance\Rayhan\CI4-Hotel\vendor\codeigniter4\framework\system\Database\BaseConnection.php(738): CodeIgniter\Database\MySQLi\Connection->execute('INSERT INTO `us...')
#2 D:\xampp\htdocs\freelance\Rayhan\CI4-Hotel\vendor\codeigniter4\framework\system\Database\BaseConnection.php(666): CodeIgniter\Database\BaseConnection->simpleQuery('INSERT INTO `us...')
#3 D:\xampp\htdocs\freelance\Rayhan\CI4-Hotel\vendor\codeigniter4\framework\system\Database\BaseBuilder.php(2206): CodeIgniter\Database\BaseConnection->query('INSERT INTO `us...', Array, false)
#4 D:\xampp\htdocs\freelance\Rayhan\CI4-Hotel\app\Models\UserModel.php(28): CodeIgniter\Database\BaseBuilder->insert(Array)
#5 D:\xampp\htdocs\freelance\Rayhan\CI4-Hotel\app\Controllers\Home.php(97): App\Models\UserModel->add(Array)
#6 D:\xampp\htdocs\freelance\Rayhan\CI4-Hotel\vendor\codeigniter4\framework\system\CodeIgniter.php(910): App\Controllers\Home->bookProcess()
#7 D:\xampp\htdocs\freelance\Rayhan\CI4-Hotel\vendor\codeigniter4\framework\system\CodeIgniter.php(398): CodeIgniter\CodeIgniter->runController(Object(App\Controllers\Home))
#8 D:\xampp\htdocs\freelance\Rayhan\CI4-Hotel\vendor\codeigniter4\framework\system\CodeIgniter.php(306): CodeIgniter\CodeIgniter->handleRequest(NULL, Object(Config\Cache), false)
#9 D:\xampp\htdocs\freelance\Rayhan\CI4-Hotel\public\index.php(45): CodeIgniter\CodeIgniter->run()
#10 D:\xampp\htdocs\freelance\Rayhan\CI4-Hotel\vendor\codeigniter4\framework\system\Commands\Server\rewrite.php(34): require_once('D:\\xampp\\htdocs...')
#11 {main}
CRITICAL - 2021-12-08 21:45:20 --> Column 'email' cannot be null
#0 D:\xampp\htdocs\freelance\Rayhan\CI4-Hotel\vendor\codeigniter4\framework\system\Database\MySQLi\Connection.php(330): mysqli->query('INSERT INTO `us...')
#1 D:\xampp\htdocs\freelance\Rayhan\CI4-Hotel\vendor\codeigniter4\framework\system\Database\BaseConnection.php(738): CodeIgniter\Database\MySQLi\Connection->execute('INSERT INTO `us...')
#2 D:\xampp\htdocs\freelance\Rayhan\CI4-Hotel\vendor\codeigniter4\framework\system\Database\BaseConnection.php(666): CodeIgniter\Database\BaseConnection->simpleQuery('INSERT INTO `us...')
#3 D:\xampp\htdocs\freelance\Rayhan\CI4-Hotel\vendor\codeigniter4\framework\system\Database\BaseBuilder.php(2206): CodeIgniter\Database\BaseConnection->query('INSERT INTO `us...', Array, false)
#4 D:\xampp\htdocs\freelance\Rayhan\CI4-Hotel\app\Models\UserModel.php(28): CodeIgniter\Database\BaseBuilder->insert(Array)
#5 D:\xampp\htdocs\freelance\Rayhan\CI4-Hotel\app\Controllers\Home.php(97): App\Models\UserModel->add(Array)
#6 D:\xampp\htdocs\freelance\Rayhan\CI4-Hotel\vendor\codeigniter4\framework\system\CodeIgniter.php(910): App\Controllers\Home->bookProcess()
#7 D:\xampp\htdocs\freelance\Rayhan\CI4-Hotel\vendor\codeigniter4\framework\system\CodeIgniter.php(398): CodeIgniter\CodeIgniter->runController(Object(App\Controllers\Home))
#8 D:\xampp\htdocs\freelance\Rayhan\CI4-Hotel\vendor\codeigniter4\framework\system\CodeIgniter.php(306): CodeIgniter\CodeIgniter->handleRequest(NULL, Object(Config\Cache), false)
#9 D:\xampp\htdocs\freelance\Rayhan\CI4-Hotel\public\index.php(45): CodeIgniter\CodeIgniter->run()
#10 D:\xampp\htdocs\freelance\Rayhan\CI4-Hotel\vendor\codeigniter4\framework\system\Commands\Server\rewrite.php(34): require_once('D:\\xampp\\htdocs...')
#11 {main}
CRITICAL - 2021-12-08 21:45:29 --> Column 'email' cannot be null
#0 D:\xampp\htdocs\freelance\Rayhan\CI4-Hotel\vendor\codeigniter4\framework\system\Database\MySQLi\Connection.php(330): mysqli->query('INSERT INTO `us...')
#1 D:\xampp\htdocs\freelance\Rayhan\CI4-Hotel\vendor\codeigniter4\framework\system\Database\BaseConnection.php(738): CodeIgniter\Database\MySQLi\Connection->execute('INSERT INTO `us...')
#2 D:\xampp\htdocs\freelance\Rayhan\CI4-Hotel\vendor\codeigniter4\framework\system\Database\BaseConnection.php(666): CodeIgniter\Database\BaseConnection->simpleQuery('INSERT INTO `us...')
#3 D:\xampp\htdocs\freelance\Rayhan\CI4-Hotel\vendor\codeigniter4\framework\system\Database\BaseBuilder.php(2206): CodeIgniter\Database\BaseConnection->query('INSERT INTO `us...', Array, false)
#4 D:\xampp\htdocs\freelance\Rayhan\CI4-Hotel\app\Models\UserModel.php(28): CodeIgniter\Database\BaseBuilder->insert(Array)
#5 D:\xampp\htdocs\freelance\Rayhan\CI4-Hotel\app\Controllers\Home.php(97): App\Models\UserModel->add(Array)
#6 D:\xampp\htdocs\freelance\Rayhan\CI4-Hotel\vendor\codeigniter4\framework\system\CodeIgniter.php(910): App\Controllers\Home->bookProcess()
#7 D:\xampp\htdocs\freelance\Rayhan\CI4-Hotel\vendor\codeigniter4\framework\system\CodeIgniter.php(398): CodeIgniter\CodeIgniter->runController(Object(App\Controllers\Home))
#8 D:\xampp\htdocs\freelance\Rayhan\CI4-Hotel\vendor\codeigniter4\framework\system\CodeIgniter.php(306): CodeIgniter\CodeIgniter->handleRequest(NULL, Object(Config\Cache), false)
#9 D:\xampp\htdocs\freelance\Rayhan\CI4-Hotel\public\index.php(45): CodeIgniter\CodeIgniter->run()
#10 D:\xampp\htdocs\freelance\Rayhan\CI4-Hotel\vendor\codeigniter4\framework\system\Commands\Server\rewrite.php(34): require_once('D:\\xampp\\htdocs...')
#11 {main}
CRITICAL - 2021-12-08 21:45:58 --> Undefined index: session
#0 D:\xampp\htdocs\freelance\Rayhan\CI4-Hotel\app\Controllers\Home.php(87): CodeIgniter\Debug\Exceptions->errorHandler(8, 'Undefined index...', 'D:\\xampp\\htdocs...', 87, Array)
#1 D:\xampp\htdocs\freelance\Rayhan\CI4-Hotel\vendor\codeigniter4\framework\system\CodeIgniter.php(910): App\Controllers\Home->bookProcess()
#2 D:\xampp\htdocs\freelance\Rayhan\CI4-Hotel\vendor\codeigniter4\framework\system\CodeIgniter.php(398): CodeIgniter\CodeIgniter->runController(Object(App\Controllers\Home))
#3 D:\xampp\htdocs\freelance\Rayhan\CI4-Hotel\vendor\codeigniter4\framework\system\CodeIgniter.php(306): CodeIgniter\CodeIgniter->handleRequest(NULL, Object(Config\Cache), false)
#4 D:\xampp\htdocs\freelance\Rayhan\CI4-Hotel\public\index.php(45): CodeIgniter\CodeIgniter->run()
#5 D:\xampp\htdocs\freelance\Rayhan\CI4-Hotel\vendor\codeigniter4\framework\system\Commands\Server\rewrite.php(34): require_once('D:\\xampp\\htdocs...')
#6 {main}
CRITICAL - 2021-12-08 21:46:24 --> Undefined index: session
#0 D:\xampp\htdocs\freelance\Rayhan\CI4-Hotel\app\Controllers\Home.php(87): CodeIgniter\Debug\Exceptions->errorHandler(8, 'Undefined index...', 'D:\\xampp\\htdocs...', 87, Array)
#1 D:\xampp\htdocs\freelance\Rayhan\CI4-Hotel\vendor\codeigniter4\framework\system\CodeIgniter.php(910): App\Controllers\Home->bookProcess()
#2 D:\xampp\htdocs\freelance\Rayhan\CI4-Hotel\vendor\codeigniter4\framework\system\CodeIgniter.php(398): CodeIgniter\CodeIgniter->runController(Object(App\Controllers\Home))
#3 D:\xampp\htdocs\freelance\Rayhan\CI4-Hotel\vendor\codeigniter4\framework\system\CodeIgniter.php(306): CodeIgniter\CodeIgniter->handleRequest(NULL, Object(Config\Cache), false)
#4 D:\xampp\htdocs\freelance\Rayhan\CI4-Hotel\public\index.php(45): CodeIgniter\CodeIgniter->run()
#5 D:\xampp\htdocs\freelance\Rayhan\CI4-Hotel\vendor\codeigniter4\framework\system\Commands\Server\rewrite.php(34): require_once('D:\\xampp\\htdocs...')
#6 {main}
CRITICAL - 2021-12-08 21:46:36 --> Undefined index: session
#0 D:\xampp\htdocs\freelance\Rayhan\CI4-Hotel\app\Controllers\Home.php(87): CodeIgniter\Debug\Exceptions->errorHandler(8, 'Undefined index...', 'D:\\xampp\\htdocs...', 87, Array)
#1 D:\xampp\htdocs\freelance\Rayhan\CI4-Hotel\vendor\codeigniter4\framework\system\CodeIgniter.php(910): App\Controllers\Home->bookProcess()
#2 D:\xampp\htdocs\freelance\Rayhan\CI4-Hotel\vendor\codeigniter4\framework\system\CodeIgniter.php(398): CodeIgniter\CodeIgniter->runController(Object(App\Controllers\Home))
#3 D:\xampp\htdocs\freelance\Rayhan\CI4-Hotel\vendor\codeigniter4\framework\system\CodeIgniter.php(306): CodeIgniter\CodeIgniter->handleRequest(NULL, Object(Config\Cache), false)
#4 D:\xampp\htdocs\freelance\Rayhan\CI4-Hotel\public\index.php(45): CodeIgniter\CodeIgniter->run()
#5 D:\xampp\htdocs\freelance\Rayhan\CI4-Hotel\vendor\codeigniter4\framework\system\Commands\Server\rewrite.php(34): require_once('D:\\xampp\\htdocs...')
#6 {main}
CRITICAL - 2021-12-08 21:48:36 --> Trying to get property 'user_id' of non-object
#0 D:\xampp\htdocs\freelance\Rayhan\CI4-Hotel\app\Views\home\book.php(41): CodeIgniter\Debug\Exceptions->errorHandler(8, 'Trying to get p...', 'D:\\xampp\\htdocs...', 41, Array)
#1 D:\xampp\htdocs\freelance\Rayhan\CI4-Hotel\vendor\codeigniter4\framework\system\View\View.php(236): include('D:\\xampp\\htdocs...')
#2 D:\xampp\htdocs\freelance\Rayhan\CI4-Hotel\vendor\codeigniter4\framework\system\Common.php(1071): CodeIgniter\View\View->render('home/book', Array, true)
#3 D:\xampp\htdocs\freelance\Rayhan\CI4-Hotel\app\Controllers\Home.php(64): view('home/book', Array)
#4 D:\xampp\htdocs\freelance\Rayhan\CI4-Hotel\vendor\codeigniter4\framework\system\CodeIgniter.php(910): App\Controllers\Home->book('1')
#5 D:\xampp\htdocs\freelance\Rayhan\CI4-Hotel\vendor\codeigniter4\framework\system\CodeIgniter.php(398): CodeIgniter\CodeIgniter->runController(Object(App\Controllers\Home))
#6 D:\xampp\htdocs\freelance\Rayhan\CI4-Hotel\vendor\codeigniter4\framework\system\CodeIgniter.php(306): CodeIgniter\CodeIgniter->handleRequest(NULL, Object(Config\Cache), false)
#7 D:\xampp\htdocs\freelance\Rayhan\CI4-Hotel\public\index.php(45): CodeIgniter\CodeIgniter->run()
#8 D:\xampp\htdocs\freelance\Rayhan\CI4-Hotel\vendor\codeigniter4\framework\system\Commands\Server\rewrite.php(34): require_once('D:\\xampp\\htdocs...')
#9 {main}
CRITICAL - 2021-12-08 21:51:55 --> Undefined index: session
#0 D:\xampp\htdocs\freelance\Rayhan\CI4-Hotel\app\Controllers\Home.php(88): CodeIgniter\Debug\Exceptions->errorHandler(8, 'Undefined index...', 'D:\\xampp\\htdocs...', 88, Array)
#1 D:\xampp\htdocs\freelance\Rayhan\CI4-Hotel\vendor\codeigniter4\framework\system\CodeIgniter.php(910): App\Controllers\Home->bookProcess()
#2 D:\xampp\htdocs\freelance\Rayhan\CI4-Hotel\vendor\codeigniter4\framework\system\CodeIgniter.php(398): CodeIgniter\CodeIgniter->runController(Object(App\Controllers\Home))
#3 D:\xampp\htdocs\freelance\Rayhan\CI4-Hotel\vendor\codeigniter4\framework\system\CodeIgniter.php(306): CodeIgniter\CodeIgniter->handleRequest(NULL, Object(Config\Cache), false)
#4 D:\xampp\htdocs\freelance\Rayhan\CI4-Hotel\public\index.php(45): CodeIgniter\CodeIgniter->run()
#5 D:\xampp\htdocs\freelance\Rayhan\CI4-Hotel\vendor\codeigniter4\framework\system\Commands\Server\rewrite.php(34): require_once('D:\\xampp\\htdocs...')
#6 {main}
CRITICAL - 2021-12-08 22:00:12 --> Call to a member function latest() on array
#0 D:\xampp\htdocs\freelance\Rayhan\CI4-Hotel\vendor\codeigniter4\framework\system\CodeIgniter.php(910): App\Controllers\Home->bookDone('1')
#1 D:\xampp\htdocs\freelance\Rayhan\CI4-Hotel\vendor\codeigniter4\framework\system\CodeIgniter.php(398): CodeIgniter\CodeIgniter->runController(Object(App\Controllers\Home))
#2 D:\xampp\htdocs\freelance\Rayhan\CI4-Hotel\vendor\codeigniter4\framework\system\CodeIgniter.php(306): CodeIgniter\CodeIgniter->handleRequest(NULL, Object(Config\Cache), false)
#3 D:\xampp\htdocs\freelance\Rayhan\CI4-Hotel\public\index.php(45): CodeIgniter\CodeIgniter->run()
#4 D:\xampp\htdocs\freelance\Rayhan\CI4-Hotel\vendor\codeigniter4\framework\system\Commands\Server\rewrite.php(34): require_once('D:\\xampp\\htdocs...')
#5 {main}
CRITICAL - 2021-12-08 22:12:29 --> Trying to get property 'insert_id' of non-object
#0 D:\xampp\htdocs\freelance\Rayhan\CI4-Hotel\vendor\codeigniter4\framework\system\Database\MySQLi\Connection.php(678): CodeIgniter\Debug\Exceptions->errorHandler(8, 'Trying to get p...', 'D:\\xampp\\htdocs...', 678, Array)
#1 D:\xampp\htdocs\freelance\Rayhan\CI4-Hotel\app\Models\BookingModel.php(29): CodeIgniter\Database\MySQLi\Connection->insertID()
#2 D:\xampp\htdocs\freelance\Rayhan\CI4-Hotel\app\Controllers\Home.php(107): App\Models\BookingModel->latest()
#3 D:\xampp\htdocs\freelance\Rayhan\CI4-Hotel\vendor\codeigniter4\framework\system\CodeIgniter.php(910): App\Controllers\Home->bookDone('1')
#4 D:\xampp\htdocs\freelance\Rayhan\CI4-Hotel\vendor\codeigniter4\framework\system\CodeIgniter.php(398): CodeIgniter\CodeIgniter->runController(Object(App\Controllers\Home))
#5 D:\xampp\htdocs\freelance\Rayhan\CI4-Hotel\vendor\codeigniter4\framework\system\CodeIgniter.php(306): CodeIgniter\CodeIgniter->handleRequest(NULL, Object(Config\Cache), false)
#6 D:\xampp\htdocs\freelance\Rayhan\CI4-Hotel\public\index.php(45): CodeIgniter\CodeIgniter->run()
#7 D:\xampp\htdocs\freelance\Rayhan\CI4-Hotel\vendor\codeigniter4\framework\system\Commands\Server\rewrite.php(34): require_once('D:\\xampp\\htdocs...')
#8 {main}
CRITICAL - 2021-12-08 22:15:01 --> Call to undefined function App\Models\insertID()
#0 D:\xampp\htdocs\freelance\Rayhan\CI4-Hotel\app\Controllers\Home.php(108): App\Models\BookingModel->latest()
#1 D:\xampp\htdocs\freelance\Rayhan\CI4-Hotel\vendor\codeigniter4\framework\system\CodeIgniter.php(910): App\Controllers\Home->bookDone('41')
#2 D:\xampp\htdocs\freelance\Rayhan\CI4-Hotel\vendor\codeigniter4\framework\system\CodeIgniter.php(398): CodeIgniter\CodeIgniter->runController(Object(App\Controllers\Home))
#3 D:\xampp\htdocs\freelance\Rayhan\CI4-Hotel\vendor\codeigniter4\framework\system\CodeIgniter.php(306): CodeIgniter\CodeIgniter->handleRequest(NULL, Object(Config\Cache), false)
#4 D:\xampp\htdocs\freelance\Rayhan\CI4-Hotel\public\index.php(45): CodeIgniter\CodeIgniter->run()
#5 D:\xampp\htdocs\freelance\Rayhan\CI4-Hotel\vendor\codeigniter4\framework\system\Commands\Server\rewrite.php(34): require_once('D:\\xampp\\htdocs...')
#6 {main}
CRITICAL - 2021-12-08 22:15:34 --> Object of class CodeIgniter\Database\MySQLi\Result could not be converted to string
#0 D:\xampp\htdocs\freelance\Rayhan\CI4-Hotel\app\Views\home\done.php(12): CodeIgniter\Debug\Exceptions->errorHandler(4096, 'Object of class...', 'D:\\xampp\\htdocs...', 12, Array)
#1 D:\xampp\htdocs\freelance\Rayhan\CI4-Hotel\vendor\codeigniter4\framework\system\View\View.php(236): include('D:\\xampp\\htdocs...')
#2 D:\xampp\htdocs\freelance\Rayhan\CI4-Hotel\vendor\codeigniter4\framework\system\Common.php(1071): CodeIgniter\View\View->render('home/done', Array, true)
#3 D:\xampp\htdocs\freelance\Rayhan\CI4-Hotel\app\Controllers\Home.php(109): view('home/done', Array)
#4 D:\xampp\htdocs\freelance\Rayhan\CI4-Hotel\vendor\codeigniter4\framework\system\CodeIgniter.php(910): App\Controllers\Home->bookDone('41')
#5 D:\xampp\htdocs\freelance\Rayhan\CI4-Hotel\vendor\codeigniter4\framework\system\CodeIgniter.php(398): CodeIgniter\CodeIgniter->runController(Object(App\Controllers\Home))
#6 D:\xampp\htdocs\freelance\Rayhan\CI4-Hotel\vendor\codeigniter4\framework\system\CodeIgniter.php(306): CodeIgniter\CodeIgniter->handleRequest(NULL, Object(Config\Cache), false)
#7 D:\xampp\htdocs\freelance\Rayhan\CI4-Hotel\public\index.php(45): CodeIgniter\CodeIgniter->run()
#8 D:\xampp\htdocs\freelance\Rayhan\CI4-Hotel\vendor\codeigniter4\framework\system\Commands\Server\rewrite.php(34): require_once('D:\\xampp\\htdocs...')
#9 {main}
CRITICAL - 2021-12-08 22:19:30 --> Array to string conversion
#0 D:\xampp\htdocs\freelance\Rayhan\CI4-Hotel\app\Controllers\Home.php(112): CodeIgniter\Debug\Exceptions->errorHandler(8, 'Array to string...', 'D:\\xampp\\htdocs...', 112, Array)
#1 D:\xampp\htdocs\freelance\Rayhan\CI4-Hotel\vendor\codeigniter4\framework\system\CodeIgniter.php(910): App\Controllers\Home->bookDone('41')
#2 D:\xampp\htdocs\freelance\Rayhan\CI4-Hotel\vendor\codeigniter4\framework\system\CodeIgniter.php(398): CodeIgniter\CodeIgniter->runController(Object(App\Controllers\Home))
#3 D:\xampp\htdocs\freelance\Rayhan\CI4-Hotel\vendor\codeigniter4\framework\system\CodeIgniter.php(306): CodeIgniter\CodeIgniter->handleRequest(NULL, Object(Config\Cache), false)
#4 D:\xampp\htdocs\freelance\Rayhan\CI4-Hotel\public\index.php(45): CodeIgniter\CodeIgniter->run()
#5 D:\xampp\htdocs\freelance\Rayhan\CI4-Hotel\vendor\codeigniter4\framework\system\Commands\Server\rewrite.php(34): require_once('D:\\xampp\\htdocs...')
#6 {main}
CRITICAL - 2021-12-08 22:23:38 --> Undefined variable: totalPrice2
#0 D:\xampp\htdocs\freelance\Rayhan\CI4-Hotel\app\Views\home\done.php(63): CodeIgniter\Debug\Exceptions->errorHandler(8, 'Undefined varia...', 'D:\\xampp\\htdocs...', 63, Array)
#1 D:\xampp\htdocs\freelance\Rayhan\CI4-Hotel\vendor\codeigniter4\framework\system\View\View.php(236): include('D:\\xampp\\htdocs...')
#2 D:\xampp\htdocs\freelance\Rayhan\CI4-Hotel\vendor\codeigniter4\framework\system\Common.php(1071): CodeIgniter\View\View->render('home/done', Array, true)
#3 D:\xampp\htdocs\freelance\Rayhan\CI4-Hotel\app\Controllers\Home.php(123): view('home/done', Array)
#4 D:\xampp\htdocs\freelance\Rayhan\CI4-Hotel\vendor\codeigniter4\framework\system\CodeIgniter.php(910): App\Controllers\Home->bookDone('41')
#5 D:\xampp\htdocs\freelance\Rayhan\CI4-Hotel\vendor\codeigniter4\framework\system\CodeIgniter.php(398): CodeIgniter\CodeIgniter->runController(Object(App\Controllers\Home))
#6 D:\xampp\htdocs\freelance\Rayhan\CI4-Hotel\vendor\codeigniter4\framework\system\CodeIgniter.php(306): CodeIgniter\CodeIgniter->handleRequest(NULL, Object(Config\Cache), false)
#7 D:\xampp\htdocs\freelance\Rayhan\CI4-Hotel\public\index.php(45): CodeIgniter\CodeIgniter->run()
#8 D:\xampp\htdocs\freelance\Rayhan\CI4-Hotel\vendor\codeigniter4\framework\system\Commands\Server\rewrite.php(34): require_once('D:\\xampp\\htdocs...')
#9 {main}
CRITICAL - 2021-12-08 22:45:41 --> Unknown column 'type' in 'where clause'
#0 D:\xampp\htdocs\freelance\Rayhan\CI4-Hotel\vendor\codeigniter4\framework\system\Database\MySQLi\Connection.php(330): mysqli->query('SELECT *\nFROM `...')
#1 D:\xampp\htdocs\freelance\Rayhan\CI4-Hotel\vendor\codeigniter4\framework\system\Database\BaseConnection.php(738): CodeIgniter\Database\MySQLi\Connection->execute('SELECT *\nFROM `...')
#2 D:\xampp\htdocs\freelance\Rayhan\CI4-Hotel\vendor\codeigniter4\framework\system\Database\BaseConnection.php(666): CodeIgniter\Database\BaseConnection->simpleQuery('SELECT *\nFROM `...')
#3 D:\xampp\htdocs\freelance\Rayhan\CI4-Hotel\vendor\codeigniter4\framework\system\Database\BaseBuilder.php(1819): CodeIgniter\Database\BaseConnection->query('SELECT *\nFROM `...', Array, false)
#4 D:\xampp\htdocs\freelance\Rayhan\CI4-Hotel\vendor\codeigniter4\framework\system\Model.php(445): CodeIgniter\Database\BaseBuilder->get()
#5 D:\xampp\htdocs\freelance\Rayhan\CI4-Hotel\app\Models\HotelModel.php(13): CodeIgniter\Model->findAll()
#6 D:\xampp\htdocs\freelance\Rayhan\CI4-Hotel\app\Models\HotelModel.php(24): App\Models\HotelModel->get()
#7 D:\xampp\htdocs\freelance\Rayhan\CI4-Hotel\app\Controllers\Home.php(24): App\Models\HotelModel->getHome('hotel')
#8 D:\xampp\htdocs\freelance\Rayhan\CI4-Hotel\vendor\codeigniter4\framework\system\CodeIgniter.php(910): App\Controllers\Home->hotel('hotel')
#9 D:\xampp\htdocs\freelance\Rayhan\CI4-Hotel\vendor\codeigniter4\framework\system\CodeIgniter.php(398): CodeIgniter\CodeIgniter->runController(Object(App\Controllers\Home))
#10 D:\xampp\htdocs\freelance\Rayhan\CI4-Hotel\vendor\codeigniter4\framework\system\CodeIgniter.php(306): CodeIgniter\CodeIgniter->handleRequest(NULL, Object(Config\Cache), false)
#11 D:\xampp\htdocs\freelance\Rayhan\CI4-Hotel\public\index.php(45): CodeIgniter\CodeIgniter->run()
#12 D:\xampp\htdocs\freelance\Rayhan\CI4-Hotel\vendor\codeigniter4\framework\system\Commands\Server\rewrite.php(34): require_once('D:\\xampp\\htdocs...')
#13 {main}
CRITICAL - 2021-12-08 22:49:15 --> Call to a member function getRow() on array
#0 D:\xampp\htdocs\freelance\Rayhan\CI4-Hotel\vendor\codeigniter4\framework\system\CodeIgniter.php(910): App\Controllers\Home->hotel('hotel')
#1 D:\xampp\htdocs\freelance\Rayhan\CI4-Hotel\vendor\codeigniter4\framework\system\CodeIgniter.php(398): CodeIgniter\CodeIgniter->runController(Object(App\Controllers\Home))
#2 D:\xampp\htdocs\freelance\Rayhan\CI4-Hotel\vendor\codeigniter4\framework\system\CodeIgniter.php(306): CodeIgniter\CodeIgniter->handleRequest(NULL, Object(Config\Cache), false)
#3 D:\xampp\htdocs\freelance\Rayhan\CI4-Hotel\public\index.php(45): CodeIgniter\CodeIgniter->run()
#4 D:\xampp\htdocs\freelance\Rayhan\CI4-Hotel\vendor\codeigniter4\framework\system\Commands\Server\rewrite.php(34): require_once('D:\\xampp\\htdocs...')
#5 {main}
CRITICAL - 2021-12-08 22:50:46 --> Use of undefined constant title - assumed 'title' (this will throw an Error in a future version of PHP)
#0 D:\xampp\htdocs\freelance\Rayhan\CI4-Hotel\app\Views\home\hotel.php(13): CodeIgniter\Debug\Exceptions->errorHandler(2, 'Use of undefine...', 'D:\\xampp\\htdocs...', 13, Array)
#1 D:\xampp\htdocs\freelance\Rayhan\CI4-Hotel\vendor\codeigniter4\framework\system\View\View.php(236): include('D:\\xampp\\htdocs...')
#2 D:\xampp\htdocs\freelance\Rayhan\CI4-Hotel\vendor\codeigniter4\framework\system\Common.php(1071): CodeIgniter\View\View->render('home/hotel', Array, true)
#3 D:\xampp\htdocs\freelance\Rayhan\CI4-Hotel\app\Controllers\Home.php(26): view('home/hotel', Array)
#4 D:\xampp\htdocs\freelance\Rayhan\CI4-Hotel\vendor\codeigniter4\framework\system\CodeIgniter.php(910): App\Controllers\Home->hotel('hotel')
#5 D:\xampp\htdocs\freelance\Rayhan\CI4-Hotel\vendor\codeigniter4\framework\system\CodeIgniter.php(398): CodeIgniter\CodeIgniter->runController(Object(App\Controllers\Home))
#6 D:\xampp\htdocs\freelance\Rayhan\CI4-Hotel\vendor\codeigniter4\framework\system\CodeIgniter.php(306): CodeIgniter\CodeIgniter->handleRequest(NULL, Object(Config\Cache), false)
#7 D:\xampp\htdocs\freelance\Rayhan\CI4-Hotel\public\index.php(45): CodeIgniter\CodeIgniter->run()
#8 D:\xampp\htdocs\freelance\Rayhan\CI4-Hotel\vendor\codeigniter4\framework\system\Commands\Server\rewrite.php(34): require_once('D:\\xampp\\htdocs...')
#9 {main}
CRITICAL - 2021-12-08 22:50:57 --> Use of undefined constant title - assumed 'title' (this will throw an Error in a future version of PHP)
#0 D:\xampp\htdocs\freelance\Rayhan\CI4-Hotel\app\Views\home\hotel.php(13): CodeIgniter\Debug\Exceptions->errorHandler(2, 'Use of undefine...', 'D:\\xampp\\htdocs...', 13, Array)
#1 D:\xampp\htdocs\freelance\Rayhan\CI4-Hotel\vendor\codeigniter4\framework\system\View\View.php(236): include('D:\\xampp\\htdocs...')
#2 D:\xampp\htdocs\freelance\Rayhan\CI4-Hotel\vendor\codeigniter4\framework\system\Common.php(1071): CodeIgniter\View\View->render('home/hotel', Array, true)
#3 D:\xampp\htdocs\freelance\Rayhan\CI4-Hotel\app\Controllers\Home.php(26): view('home/hotel', Array)
#4 D:\xampp\htdocs\freelance\Rayhan\CI4-Hotel\vendor\codeigniter4\framework\system\CodeIgniter.php(910): App\Controllers\Home->hotel('hotel')
#5 D:\xampp\htdocs\freelance\Rayhan\CI4-Hotel\vendor\codeigniter4\framework\system\CodeIgniter.php(398): CodeIgniter\CodeIgniter->runController(Object(App\Controllers\Home))
#6 D:\xampp\htdocs\freelance\Rayhan\CI4-Hotel\vendor\codeigniter4\framework\system\CodeIgniter.php(306): CodeIgniter\CodeIgniter->handleRequest(NULL, Object(Config\Cache), false)
#7 D:\xampp\htdocs\freelance\Rayhan\CI4-Hotel\public\index.php(45): CodeIgniter\CodeIgniter->run()
#8 D:\xampp\htdocs\freelance\Rayhan\CI4-Hotel\vendor\codeigniter4\framework\system\Commands\Server\rewrite.php(34): require_once('D:\\xampp\\htdocs...')
#9 {main}
CRITICAL - 2021-12-08 22:51:34 --> Undefined index: type
#0 D:\xampp\htdocs\freelance\Rayhan\CI4-Hotel\app\Views\home\hotel.php(13): CodeIgniter\Debug\Exceptions->errorHandler(8, 'Undefined index...', 'D:\\xampp\\htdocs...', 13, Array)
#1 D:\xampp\htdocs\freelance\Rayhan\CI4-Hotel\vendor\codeigniter4\framework\system\View\View.php(236): include('D:\\xampp\\htdocs...')
#2 D:\xampp\htdocs\freelance\Rayhan\CI4-Hotel\vendor\codeigniter4\framework\system\Common.php(1071): CodeIgniter\View\View->render('home/hotel', Array, true)
#3 D:\xampp\htdocs\freelance\Rayhan\CI4-Hotel\app\Controllers\Home.php(25): view('home/hotel', Array)
#4 D:\xampp\htdocs\freelance\Rayhan\CI4-Hotel\vendor\codeigniter4\framework\system\CodeIgniter.php(910): App\Controllers\Home->hotel('hotel')
#5 D:\xampp\htdocs\freelance\Rayhan\CI4-Hotel\vendor\codeigniter4\framework\system\CodeIgniter.php(398): CodeIgniter\CodeIgniter->runController(Object(App\Controllers\Home))
#6 D:\xampp\htdocs\freelance\Rayhan\CI4-Hotel\vendor\codeigniter4\framework\system\CodeIgniter.php(306): CodeIgniter\CodeIgniter->handleRequest(NULL, Object(Config\Cache), false)
#7 D:\xampp\htdocs\freelance\Rayhan\CI4-Hotel\public\index.php(45): CodeIgniter\CodeIgniter->run()
#8 D:\xampp\htdocs\freelance\Rayhan\CI4-Hotel\vendor\codeigniter4\framework\system\Commands\Server\rewrite.php(34): require_once('D:\\xampp\\htdocs...')
#9 {main}
CRITICAL - 2021-12-08 22:51:44 --> Undefined offset: 0
#0 D:\xampp\htdocs\freelance\Rayhan\CI4-Hotel\app\Views\home\detail.php(14): CodeIgniter\Debug\Exceptions->errorHandler(8, 'Undefined offse...', 'D:\\xampp\\htdocs...', 14, Array)
#1 D:\xampp\htdocs\freelance\Rayhan\CI4-Hotel\vendor\codeigniter4\framework\system\View\View.php(236): include('D:\\xampp\\htdocs...')
#2 D:\xampp\htdocs\freelance\Rayhan\CI4-Hotel\vendor\codeigniter4\framework\system\Common.php(1071): CodeIgniter\View\View->render('home/detail', Array, true)
#3 D:\xampp\htdocs\freelance\Rayhan\CI4-Hotel\app\Controllers\Home.php(35): view('home/detail', Array)
#4 D:\xampp\htdocs\freelance\Rayhan\CI4-Hotel\vendor\codeigniter4\framework\system\CodeIgniter.php(910): App\Controllers\Home->detail('7')
#5 D:\xampp\htdocs\freelance\Rayhan\CI4-Hotel\vendor\codeigniter4\framework\system\CodeIgniter.php(398): CodeIgniter\CodeIgniter->runController(Object(App\Controllers\Home))
#6 D:\xampp\htdocs\freelance\Rayhan\CI4-Hotel\vendor\codeigniter4\framework\system\CodeIgniter.php(306): CodeIgniter\CodeIgniter->handleRequest(NULL, Object(Config\Cache), false)
#7 D:\xampp\htdocs\freelance\Rayhan\CI4-Hotel\public\index.php(45): CodeIgniter\CodeIgniter->run()
#8 D:\xampp\htdocs\freelance\Rayhan\CI4-Hotel\vendor\codeigniter4\framework\system\Commands\Server\rewrite.php(34): require_once('D:\\xampp\\htdocs...')
#9 {main}
CRITICAL - 2021-12-08 22:52:03 --> Undefined offset: 0
#0 D:\xampp\htdocs\freelance\Rayhan\CI4-Hotel\app\Views\home\detail.php(14): CodeIgniter\Debug\Exceptions->errorHandler(8, 'Undefined offse...', 'D:\\xampp\\htdocs...', 14, Array)
#1 D:\xampp\htdocs\freelance\Rayhan\CI4-Hotel\vendor\codeigniter4\framework\system\View\View.php(236): include('D:\\xampp\\htdocs...')
#2 D:\xampp\htdocs\freelance\Rayhan\CI4-Hotel\vendor\codeigniter4\framework\system\Common.php(1071): CodeIgniter\View\View->render('home/detail', Array, true)
#3 D:\xampp\htdocs\freelance\Rayhan\CI4-Hotel\app\Controllers\Home.php(35): view('home/detail', Array)
#4 D:\xampp\htdocs\freelance\Rayhan\CI4-Hotel\vendor\codeigniter4\framework\system\CodeIgniter.php(910): App\Controllers\Home->detail('2')
#5 D:\xampp\htdocs\freelance\Rayhan\CI4-Hotel\vendor\codeigniter4\framework\system\CodeIgniter.php(398): CodeIgniter\CodeIgniter->runController(Object(App\Controllers\Home))
#6 D:\xampp\htdocs\freelance\Rayhan\CI4-Hotel\vendor\codeigniter4\framework\system\CodeIgniter.php(306): CodeIgniter\CodeIgniter->handleRequest(NULL, Object(Config\Cache), false)
#7 D:\xampp\htdocs\freelance\Rayhan\CI4-Hotel\public\index.php(45): CodeIgniter\CodeIgniter->run()
#8 D:\xampp\htdocs\freelance\Rayhan\CI4-Hotel\vendor\codeigniter4\framework\system\Commands\Server\rewrite.php(34): require_once('D:\\xampp\\htdocs...')
#9 {main}
CRITICAL - 2021-12-08 22:52:42 --> Undefined offset: 0
#0 D:\xampp\htdocs\freelance\Rayhan\CI4-Hotel\app\Views\home\detail.php(42): CodeIgniter\Debug\Exceptions->errorHandler(8, 'Undefined offse...', 'D:\\xampp\\htdocs...', 42, Array)
#1 D:\xampp\htdocs\freelance\Rayhan\CI4-Hotel\vendor\codeigniter4\framework\system\View\View.php(236): include('D:\\xampp\\htdocs...')
#2 D:\xampp\htdocs\freelance\Rayhan\CI4-Hotel\vendor\codeigniter4\framework\system\Common.php(1071): CodeIgniter\View\View->render('home/detail', Array, true)
#3 D:\xampp\htdocs\freelance\Rayhan\CI4-Hotel\app\Controllers\Home.php(35): view('home/detail', Array)
#4 D:\xampp\htdocs\freelance\Rayhan\CI4-Hotel\vendor\codeigniter4\framework\system\CodeIgniter.php(910): App\Controllers\Home->detail('2')
#5 D:\xampp\htdocs\freelance\Rayhan\CI4-Hotel\vendor\codeigniter4\framework\system\CodeIgniter.php(398): CodeIgniter\CodeIgniter->runController(Object(App\Controllers\Home))
#6 D:\xampp\htdocs\freelance\Rayhan\CI4-Hotel\vendor\codeigniter4\framework\system\CodeIgniter.php(306): CodeIgniter\CodeIgniter->handleRequest(NULL, Object(Config\Cache), false)
#7 D:\xampp\htdocs\freelance\Rayhan\CI4-Hotel\public\index.php(45): CodeIgniter\CodeIgniter->run()
#8 D:\xampp\htdocs\freelance\Rayhan\CI4-Hotel\vendor\codeigniter4\framework\system\Commands\Server\rewrite.php(34): require_once('D:\\xampp\\htdocs...')
#9 {main}
CRITICAL - 2021-12-08 23:14:59 --> Undefined variable: _SESSION
#0 D:\xampp\htdocs\freelance\Rayhan\CI4-Hotel\app\Views\admin\template\index.php(65): CodeIgniter\Debug\Exceptions->errorHandler(8, 'Undefined varia...', 'D:\\xampp\\htdocs...', 65, Array)
#1 D:\xampp\htdocs\freelance\Rayhan\CI4-Hotel\vendor\codeigniter4\framework\system\View\View.php(236): include('D:\\xampp\\htdocs...')
#2 D:\xampp\htdocs\freelance\Rayhan\CI4-Hotel\vendor\codeigniter4\framework\system\View\View.php(247): CodeIgniter\View\View->render('admin/template/...', Array, true)
#3 D:\xampp\htdocs\freelance\Rayhan\CI4-Hotel\vendor\codeigniter4\framework\system\Common.php(1071): CodeIgniter\View\View->render('admin/hotel/ind...', Array, true)
#4 D:\xampp\htdocs\freelance\Rayhan\CI4-Hotel\app\Controllers\Admin.php(91): view('admin/hotel/ind...', Array)
#5 D:\xampp\htdocs\freelance\Rayhan\CI4-Hotel\vendor\codeigniter4\framework\system\CodeIgniter.php(910): App\Controllers\Admin->hotel()
#6 D:\xampp\htdocs\freelance\Rayhan\CI4-Hotel\vendor\codeigniter4\framework\system\CodeIgniter.php(398): CodeIgniter\CodeIgniter->runController(Object(App\Controllers\Admin))
#7 D:\xampp\htdocs\freelance\Rayhan\CI4-Hotel\vendor\codeigniter4\framework\system\CodeIgniter.php(306): CodeIgniter\CodeIgniter->handleRequest(NULL, Object(Config\Cache), false)
#8 D:\xampp\htdocs\freelance\Rayhan\CI4-Hotel\public\index.php(45): CodeIgniter\CodeIgniter->run()
#9 D:\xampp\htdocs\freelance\Rayhan\CI4-Hotel\vendor\codeigniter4\framework\system\Commands\Server\rewrite.php(34): require_once('D:\\xampp\\htdocs...')
#10 {main}
