CRITICAL - 2021-12-06 19:27:20 --> No connection could be made because the target machine actively refused it.

#0 D:\xampp\htdocs\freelance\Rayhan\CI4-Hotel\vendor\codeigniter4\framework\system\Database\BaseConnection.php(377): CodeIgniter\Database\MySQLi\Connection->connect(false)
#1 D:\xampp\htdocs\freelance\Rayhan\CI4-Hotel\vendor\codeigniter4\framework\system\Database\BaseConnection.php(643): CodeIgniter\Database\BaseConnection->initialize()
#2 D:\xampp\htdocs\freelance\Rayhan\CI4-Hotel\vendor\codeigniter4\framework\system\Database\BaseBuilder.php(1978): CodeIgniter\Database\BaseConnection->query('SELECT *\nFROM `...', Array, false)
#3 D:\xampp\htdocs\freelance\Rayhan\CI4-Hotel\vendor\codeigniter4\framework\system\Model.php(1702): CodeIgniter\Database\BaseBuilder->getWhere(Array)
#4 D:\xampp\htdocs\freelance\Rayhan\CI4-Hotel\app\Models\UserModel.php(13): CodeIgniter\Model->__call('getWhere', Array)
#5 D:\xampp\htdocs\freelance\Rayhan\CI4-Hotel\app\Controllers\Admin.php(15): App\Models\UserModel->get('user')
#6 D:\xampp\htdocs\freelance\Rayhan\CI4-Hotel\vendor\codeigniter4\framework\system\CodeIgniter.php(910): App\Controllers\Admin->index()
#7 D:\xampp\htdocs\freelance\Rayhan\CI4-Hotel\vendor\codeigniter4\framework\system\CodeIgniter.php(398): CodeIgniter\CodeIgniter->runController(Object(App\Controllers\Admin))
#8 D:\xampp\htdocs\freelance\Rayhan\CI4-Hotel\vendor\codeigniter4\framework\system\CodeIgniter.php(306): CodeIgniter\CodeIgniter->handleRequest(NULL, Object(Config\Cache), false)
#9 D:\xampp\htdocs\freelance\Rayhan\CI4-Hotel\public\index.php(45): CodeIgniter\CodeIgniter->run()
#10 D:\xampp\htdocs\freelance\Rayhan\CI4-Hotel\vendor\codeigniter4\framework\system\Commands\Server\rewrite.php(34): require_once('D:\\xampp\\htdocs...')
#11 {main}
CRITICAL - 2021-12-06 19:27:24 --> No connection could be made because the target machine actively refused it.

#0 D:\xampp\htdocs\freelance\Rayhan\CI4-Hotel\vendor\codeigniter4\framework\system\Database\BaseConnection.php(377): CodeIgniter\Database\MySQLi\Connection->connect(false)
#1 D:\xampp\htdocs\freelance\Rayhan\CI4-Hotel\vendor\codeigniter4\framework\system\Database\BaseConnection.php(643): CodeIgniter\Database\BaseConnection->initialize()
#2 D:\xampp\htdocs\freelance\Rayhan\CI4-Hotel\vendor\codeigniter4\framework\system\Database\BaseBuilder.php(1978): CodeIgniter\Database\BaseConnection->query('SELECT *\nFROM `...', Array, false)
#3 D:\xampp\htdocs\freelance\Rayhan\CI4-Hotel\vendor\codeigniter4\framework\system\Model.php(1702): CodeIgniter\Database\BaseBuilder->getWhere(Array)
#4 D:\xampp\htdocs\freelance\Rayhan\CI4-Hotel\app\Models\UserModel.php(13): CodeIgniter\Model->__call('getWhere', Array)
#5 D:\xampp\htdocs\freelance\Rayhan\CI4-Hotel\app\Controllers\Admin.php(15): App\Models\UserModel->get('user')
#6 D:\xampp\htdocs\freelance\Rayhan\CI4-Hotel\vendor\codeigniter4\framework\system\CodeIgniter.php(910): App\Controllers\Admin->index()
#7 D:\xampp\htdocs\freelance\Rayhan\CI4-Hotel\vendor\codeigniter4\framework\system\CodeIgniter.php(398): CodeIgniter\CodeIgniter->runController(Object(App\Controllers\Admin))
#8 D:\xampp\htdocs\freelance\Rayhan\CI4-Hotel\vendor\codeigniter4\framework\system\CodeIgniter.php(306): CodeIgniter\CodeIgniter->handleRequest(NULL, Object(Config\Cache), false)
#9 D:\xampp\htdocs\freelance\Rayhan\CI4-Hotel\public\index.php(45): CodeIgniter\CodeIgniter->run()
#10 D:\xampp\htdocs\freelance\Rayhan\CI4-Hotel\vendor\codeigniter4\framework\system\Commands\Server\rewrite.php(34): require_once('D:\\xampp\\htdocs...')
#11 {main}
CRITICAL - 2021-12-06 19:30:43 --> Cannot use object of type stdClass as array
#0 D:\xampp\htdocs\freelance\Rayhan\CI4-Hotel\vendor\codeigniter4\framework\system\View\View.php(236): include()
#1 D:\xampp\htdocs\freelance\Rayhan\CI4-Hotel\vendor\codeigniter4\framework\system\Common.php(1071): CodeIgniter\View\View->render('admin/booking/e...', Array, true)
#2 D:\xampp\htdocs\freelance\Rayhan\CI4-Hotel\app\Controllers\Booking.php(70): view('admin/booking/e...', Array)
#3 D:\xampp\htdocs\freelance\Rayhan\CI4-Hotel\vendor\codeigniter4\framework\system\CodeIgniter.php(910): App\Controllers\Booking->edit('7')
#4 D:\xampp\htdocs\freelance\Rayhan\CI4-Hotel\vendor\codeigniter4\framework\system\CodeIgniter.php(398): CodeIgniter\CodeIgniter->runController(Object(App\Controllers\Booking))
#5 D:\xampp\htdocs\freelance\Rayhan\CI4-Hotel\vendor\codeigniter4\framework\system\CodeIgniter.php(306): CodeIgniter\CodeIgniter->handleRequest(NULL, Object(Config\Cache), false)
#6 D:\xampp\htdocs\freelance\Rayhan\CI4-Hotel\public\index.php(45): CodeIgniter\CodeIgniter->run()
#7 D:\xampp\htdocs\freelance\Rayhan\CI4-Hotel\vendor\codeigniter4\framework\system\Commands\Server\rewrite.php(34): require_once('D:\\xampp\\htdocs...')
#8 {main}
CRITICAL - 2021-12-06 19:52:49 --> syntax error, unexpected 'if' (T_IF), expecting ':'
#0 D:\xampp\htdocs\freelance\Rayhan\CI4-Hotel\vendor\codeigniter4\framework\system\Common.php(1071): CodeIgniter\View\View->render('admin/booking/i...', Array, true)
#1 D:\xampp\htdocs\freelance\Rayhan\CI4-Hotel\app\Controllers\Admin.php(46): view('admin/booking/i...', Array)
#2 D:\xampp\htdocs\freelance\Rayhan\CI4-Hotel\vendor\codeigniter4\framework\system\CodeIgniter.php(910): App\Controllers\Admin->booking()
#3 D:\xampp\htdocs\freelance\Rayhan\CI4-Hotel\vendor\codeigniter4\framework\system\CodeIgniter.php(398): CodeIgniter\CodeIgniter->runController(Object(App\Controllers\Admin))
#4 D:\xampp\htdocs\freelance\Rayhan\CI4-Hotel\vendor\codeigniter4\framework\system\CodeIgniter.php(306): CodeIgniter\CodeIgniter->handleRequest(NULL, Object(Config\Cache), false)
#5 D:\xampp\htdocs\freelance\Rayhan\CI4-Hotel\public\index.php(45): CodeIgniter\CodeIgniter->run()
#6 D:\xampp\htdocs\freelance\Rayhan\CI4-Hotel\vendor\codeigniter4\framework\system\Commands\Server\rewrite.php(34): require_once('D:\\xampp\\htdocs...')
#7 {main}
CRITICAL - 2021-12-06 20:10:27 --> Unknown column 'status' in 'field list'
#0 D:\xampp\htdocs\freelance\Rayhan\CI4-Hotel\vendor\codeigniter4\framework\system\Database\MySQLi\Connection.php(330): mysqli->query('UPDATE `booking...')
#1 D:\xampp\htdocs\freelance\Rayhan\CI4-Hotel\vendor\codeigniter4\framework\system\Database\BaseConnection.php(738): CodeIgniter\Database\MySQLi\Connection->execute('UPDATE `booking...')
#2 D:\xampp\htdocs\freelance\Rayhan\CI4-Hotel\vendor\codeigniter4\framework\system\Database\BaseConnection.php(666): CodeIgniter\Database\BaseConnection->simpleQuery('UPDATE `booking...')
#3 D:\xampp\htdocs\freelance\Rayhan\CI4-Hotel\vendor\codeigniter4\framework\system\Database\BaseBuilder.php(2410): CodeIgniter\Database\BaseConnection->query('UPDATE `booking...', Array, false)
#4 D:\xampp\htdocs\freelance\Rayhan\CI4-Hotel\app\Models\BookingModel.php(34): CodeIgniter\Database\BaseBuilder->update(Array)
#5 D:\xampp\htdocs\freelance\Rayhan\CI4-Hotel\app\Controllers\Booking.php(175): App\Models\BookingModel->edit(Array, NULL)
#6 D:\xampp\htdocs\freelance\Rayhan\CI4-Hotel\vendor\codeigniter4\framework\system\CodeIgniter.php(910): App\Controllers\Booking->editStatusO(NULL)
#7 D:\xampp\htdocs\freelance\Rayhan\CI4-Hotel\vendor\codeigniter4\framework\system\CodeIgniter.php(398): CodeIgniter\CodeIgniter->runController(Object(App\Controllers\Booking))
#8 D:\xampp\htdocs\freelance\Rayhan\CI4-Hotel\vendor\codeigniter4\framework\system\CodeIgniter.php(306): CodeIgniter\CodeIgniter->handleRequest(NULL, Object(Config\Cache), false)
#9 D:\xampp\htdocs\freelance\Rayhan\CI4-Hotel\public\index.php(45): CodeIgniter\CodeIgniter->run()
#10 D:\xampp\htdocs\freelance\Rayhan\CI4-Hotel\vendor\codeigniter4\framework\system\Commands\Server\rewrite.php(34): require_once('D:\\xampp\\htdocs...')
#11 {main}
CRITICAL - 2021-12-06 20:16:17 --> Unknown column 'booking.status' in 'where clause'
#0 D:\xampp\htdocs\freelance\Rayhan\CI4-Hotel\vendor\codeigniter4\framework\system\Database\MySQLi\Connection.php(330): mysqli->query('SELECT *\nFROM `...')
#1 D:\xampp\htdocs\freelance\Rayhan\CI4-Hotel\vendor\codeigniter4\framework\system\Database\BaseConnection.php(738): CodeIgniter\Database\MySQLi\Connection->execute('SELECT *\nFROM `...')
#2 D:\xampp\htdocs\freelance\Rayhan\CI4-Hotel\vendor\codeigniter4\framework\system\Database\BaseConnection.php(666): CodeIgniter\Database\BaseConnection->simpleQuery('SELECT *\nFROM `...')
#3 D:\xampp\htdocs\freelance\Rayhan\CI4-Hotel\vendor\codeigniter4\framework\system\Database\BaseBuilder.php(1978): CodeIgniter\Database\BaseConnection->query('SELECT *\nFROM `...', Array, false)
#4 D:\xampp\htdocs\freelance\Rayhan\CI4-Hotel\app\Models\ConfirmationModel.php(16): CodeIgniter\Database\BaseBuilder->getWhere(Array)
#5 D:\xampp\htdocs\freelance\Rayhan\CI4-Hotel\app\Controllers\Admin.php(52): App\Models\ConfirmationModel->get()
#6 D:\xampp\htdocs\freelance\Rayhan\CI4-Hotel\vendor\codeigniter4\framework\system\CodeIgniter.php(910): App\Controllers\Admin->confirmation()
#7 D:\xampp\htdocs\freelance\Rayhan\CI4-Hotel\vendor\codeigniter4\framework\system\CodeIgniter.php(398): CodeIgniter\CodeIgniter->runController(Object(App\Controllers\Admin))
#8 D:\xampp\htdocs\freelance\Rayhan\CI4-Hotel\vendor\codeigniter4\framework\system\CodeIgniter.php(306): CodeIgniter\CodeIgniter->handleRequest(NULL, Object(Config\Cache), false)
#9 D:\xampp\htdocs\freelance\Rayhan\CI4-Hotel\public\index.php(45): CodeIgniter\CodeIgniter->run()
#10 D:\xampp\htdocs\freelance\Rayhan\CI4-Hotel\vendor\codeigniter4\framework\system\Commands\Server\rewrite.php(34): require_once('D:\\xampp\\htdocs...')
#11 {main}
CRITICAL - 2021-12-06 20:24:12 --> syntax error, unexpected '}', expecting ',' or ';'
#0 D:\xampp\htdocs\freelance\Rayhan\CI4-Hotel\vendor\codeigniter4\framework\system\Autoloader\Autoloader.php(296): CodeIgniter\Autoloader\Autoloader->requireFile('D:\\xampp\\htdocs...')
#1 D:\xampp\htdocs\freelance\Rayhan\CI4-Hotel\vendor\codeigniter4\framework\system\Autoloader\Autoloader.php(258): CodeIgniter\Autoloader\Autoloader->loadInNamespace('App\\Controllers...')
#2 [internal function]: CodeIgniter\Autoloader\Autoloader->loadClass('App\\Controllers...')
#3 [internal function]: spl_autoload_call('App\\Controllers...')
#4 D:\xampp\htdocs\freelance\Rayhan\CI4-Hotel\vendor\codeigniter4\framework\system\CodeIgniter.php(861): class_exists('\\App\\Controller...', true)
#5 D:\xampp\htdocs\freelance\Rayhan\CI4-Hotel\vendor\codeigniter4\framework\system\CodeIgniter.php(388): CodeIgniter\CodeIgniter->startController()
#6 D:\xampp\htdocs\freelance\Rayhan\CI4-Hotel\vendor\codeigniter4\framework\system\CodeIgniter.php(306): CodeIgniter\CodeIgniter->handleRequest(NULL, Object(Config\Cache), false)
#7 D:\xampp\htdocs\freelance\Rayhan\CI4-Hotel\public\index.php(45): CodeIgniter\CodeIgniter->run()
#8 D:\xampp\htdocs\freelance\Rayhan\CI4-Hotel\vendor\codeigniter4\framework\system\Commands\Server\rewrite.php(34): require_once('D:\\xampp\\htdocs...')
#9 {main}
CRITICAL - 2021-12-06 20:27:54 --> Too few arguments to function App\Controllers\Booking::editStatusD(), 1 passed in D:\xampp\htdocs\freelance\Rayhan\CI4-Hotel\vendor\codeigniter4\framework\system\CodeIgniter.php on line 910 and exactly 2 expected
#0 D:\xampp\htdocs\freelance\Rayhan\CI4-Hotel\vendor\codeigniter4\framework\system\CodeIgniter.php(910): App\Controllers\Booking->editStatusD('14')
#1 D:\xampp\htdocs\freelance\Rayhan\CI4-Hotel\vendor\codeigniter4\framework\system\CodeIgniter.php(398): CodeIgniter\CodeIgniter->runController(Object(App\Controllers\Booking))
#2 D:\xampp\htdocs\freelance\Rayhan\CI4-Hotel\vendor\codeigniter4\framework\system\CodeIgniter.php(306): CodeIgniter\CodeIgniter->handleRequest(NULL, Object(Config\Cache), false)
#3 D:\xampp\htdocs\freelance\Rayhan\CI4-Hotel\public\index.php(45): CodeIgniter\CodeIgniter->run()
#4 D:\xampp\htdocs\freelance\Rayhan\CI4-Hotel\vendor\codeigniter4\framework\system\Commands\Server\rewrite.php(34): require_once('D:\\xampp\\htdocs...')
#5 {main}
