CRITICAL - 2021-12-07 03:28:27 --> No connection could be made because the target machine actively refused it.

#0 D:\xampp\htdocs\freelance\Rayhan\CI4-Hotel\vendor\codeigniter4\framework\system\Database\BaseConnection.php(377): CodeIgniter\Database\MySQLi\Connection->connect(false)
#1 D:\xampp\htdocs\freelance\Rayhan\CI4-Hotel\vendor\codeigniter4\framework\system\Database\BaseConnection.php(643): CodeIgniter\Database\BaseConnection->initialize()
#2 D:\xampp\htdocs\freelance\Rayhan\CI4-Hotel\vendor\codeigniter4\framework\system\Database\BaseBuilder.php(1978): CodeIgniter\Database\BaseConnection->query('SELECT *\nFROM `...', Array, false)
#3 D:\xampp\htdocs\freelance\Rayhan\CI4-Hotel\vendor\codeigniter4\framework\system\Model.php(1702): CodeIgniter\Database\BaseBuilder->getWhere(Array)
#4 D:\xampp\htdocs\freelance\Rayhan\CI4-Hotel\app\Models\UserModel.php(13): CodeIgniter\Model->__call('getWhere', Array)
#5 D:\xampp\htdocs\freelance\Rayhan\CI4-Hotel\app\Controllers\Home.php(14): App\Models\UserModel->get('user')
#6 D:\xampp\htdocs\freelance\Rayhan\CI4-Hotel\vendor\codeigniter4\framework\system\CodeIgniter.php(910): App\Controllers\Home->index()
#7 D:\xampp\htdocs\freelance\Rayhan\CI4-Hotel\vendor\codeigniter4\framework\system\CodeIgniter.php(398): CodeIgniter\CodeIgniter->runController(Object(App\Controllers\Home))
#8 D:\xampp\htdocs\freelance\Rayhan\CI4-Hotel\vendor\codeigniter4\framework\system\CodeIgniter.php(306): CodeIgniter\CodeIgniter->handleRequest(NULL, Object(Config\Cache), false)
#9 D:\xampp\htdocs\freelance\Rayhan\CI4-Hotel\public\index.php(45): CodeIgniter\CodeIgniter->run()
#10 D:\xampp\htdocs\freelance\Rayhan\CI4-Hotel\vendor\codeigniter4\framework\system\Commands\Server\rewrite.php(34): require_once('D:\\xampp\\htdocs...')
#11 {main}
CRITICAL - 2021-12-07 03:28:31 --> No connection could be made because the target machine actively refused it.

#0 D:\xampp\htdocs\freelance\Rayhan\CI4-Hotel\vendor\codeigniter4\framework\system\Database\BaseConnection.php(377): CodeIgniter\Database\MySQLi\Connection->connect(false)
#1 D:\xampp\htdocs\freelance\Rayhan\CI4-Hotel\vendor\codeigniter4\framework\system\Database\BaseConnection.php(643): CodeIgniter\Database\BaseConnection->initialize()
#2 D:\xampp\htdocs\freelance\Rayhan\CI4-Hotel\vendor\codeigniter4\framework\system\Database\BaseBuilder.php(1978): CodeIgniter\Database\BaseConnection->query('SELECT *\nFROM `...', Array, false)
#3 D:\xampp\htdocs\freelance\Rayhan\CI4-Hotel\vendor\codeigniter4\framework\system\Model.php(1702): CodeIgniter\Database\BaseBuilder->getWhere(Array)
#4 D:\xampp\htdocs\freelance\Rayhan\CI4-Hotel\app\Models\UserModel.php(13): CodeIgniter\Model->__call('getWhere', Array)
#5 D:\xampp\htdocs\freelance\Rayhan\CI4-Hotel\app\Controllers\Home.php(14): App\Models\UserModel->get('user')
#6 D:\xampp\htdocs\freelance\Rayhan\CI4-Hotel\vendor\codeigniter4\framework\system\CodeIgniter.php(910): App\Controllers\Home->index()
#7 D:\xampp\htdocs\freelance\Rayhan\CI4-Hotel\vendor\codeigniter4\framework\system\CodeIgniter.php(398): CodeIgniter\CodeIgniter->runController(Object(App\Controllers\Home))
#8 D:\xampp\htdocs\freelance\Rayhan\CI4-Hotel\vendor\codeigniter4\framework\system\CodeIgniter.php(306): CodeIgniter\CodeIgniter->handleRequest(NULL, Object(Config\Cache), false)
#9 D:\xampp\htdocs\freelance\Rayhan\CI4-Hotel\public\index.php(45): CodeIgniter\CodeIgniter->run()
#10 D:\xampp\htdocs\freelance\Rayhan\CI4-Hotel\vendor\codeigniter4\framework\system\Commands\Server\rewrite.php(34): require_once('D:\\xampp\\htdocs...')
#11 {main}
CRITICAL - 2021-12-07 03:42:20 --> Call to a member function getWhere() on array
#0 D:\xampp\htdocs\freelance\Rayhan\CI4-Hotel\vendor\codeigniter4\framework\system\CodeIgniter.php(910): App\Controllers\Home->index()
#1 D:\xampp\htdocs\freelance\Rayhan\CI4-Hotel\vendor\codeigniter4\framework\system\CodeIgniter.php(398): CodeIgniter\CodeIgniter->runController(Object(App\Controllers\Home))
#2 D:\xampp\htdocs\freelance\Rayhan\CI4-Hotel\vendor\codeigniter4\framework\system\CodeIgniter.php(306): CodeIgniter\CodeIgniter->handleRequest(NULL, Object(Config\Cache), false)
#3 D:\xampp\htdocs\freelance\Rayhan\CI4-Hotel\public\index.php(45): CodeIgniter\CodeIgniter->run()
#4 D:\xampp\htdocs\freelance\Rayhan\CI4-Hotel\vendor\codeigniter4\framework\system\Commands\Server\rewrite.php(34): require_once('D:\\xampp\\htdocs...')
#5 {main}
CRITICAL - 2021-12-07 03:42:39 --> Call to a member function limit() on array
#0 D:\xampp\htdocs\freelance\Rayhan\CI4-Hotel\vendor\codeigniter4\framework\system\CodeIgniter.php(910): App\Controllers\Home->index()
#1 D:\xampp\htdocs\freelance\Rayhan\CI4-Hotel\vendor\codeigniter4\framework\system\CodeIgniter.php(398): CodeIgniter\CodeIgniter->runController(Object(App\Controllers\Home))
#2 D:\xampp\htdocs\freelance\Rayhan\CI4-Hotel\vendor\codeigniter4\framework\system\CodeIgniter.php(306): CodeIgniter\CodeIgniter->handleRequest(NULL, Object(Config\Cache), false)
#3 D:\xampp\htdocs\freelance\Rayhan\CI4-Hotel\public\index.php(45): CodeIgniter\CodeIgniter->run()
#4 D:\xampp\htdocs\freelance\Rayhan\CI4-Hotel\vendor\codeigniter4\framework\system\Commands\Server\rewrite.php(34): require_once('D:\\xampp\\htdocs...')
#5 {main}
CRITICAL - 2021-12-07 03:42:52 --> Call to a member function limit() on array
#0 D:\xampp\htdocs\freelance\Rayhan\CI4-Hotel\vendor\codeigniter4\framework\system\CodeIgniter.php(910): App\Controllers\Home->index()
#1 D:\xampp\htdocs\freelance\Rayhan\CI4-Hotel\vendor\codeigniter4\framework\system\CodeIgniter.php(398): CodeIgniter\CodeIgniter->runController(Object(App\Controllers\Home))
#2 D:\xampp\htdocs\freelance\Rayhan\CI4-Hotel\vendor\codeigniter4\framework\system\CodeIgniter.php(306): CodeIgniter\CodeIgniter->handleRequest(NULL, Object(Config\Cache), false)
#3 D:\xampp\htdocs\freelance\Rayhan\CI4-Hotel\public\index.php(45): CodeIgniter\CodeIgniter->run()
#4 D:\xampp\htdocs\freelance\Rayhan\CI4-Hotel\vendor\codeigniter4\framework\system\Commands\Server\rewrite.php(34): require_once('D:\\xampp\\htdocs...')
#5 {main}
CRITICAL - 2021-12-07 03:43:07 --> Call to a member function limit() on array
#0 D:\xampp\htdocs\freelance\Rayhan\CI4-Hotel\vendor\codeigniter4\framework\system\CodeIgniter.php(910): App\Controllers\Home->index()
#1 D:\xampp\htdocs\freelance\Rayhan\CI4-Hotel\vendor\codeigniter4\framework\system\CodeIgniter.php(398): CodeIgniter\CodeIgniter->runController(Object(App\Controllers\Home))
#2 D:\xampp\htdocs\freelance\Rayhan\CI4-Hotel\vendor\codeigniter4\framework\system\CodeIgniter.php(306): CodeIgniter\CodeIgniter->handleRequest(NULL, Object(Config\Cache), false)
#3 D:\xampp\htdocs\freelance\Rayhan\CI4-Hotel\public\index.php(45): CodeIgniter\CodeIgniter->run()
#4 D:\xampp\htdocs\freelance\Rayhan\CI4-Hotel\vendor\codeigniter4\framework\system\Commands\Server\rewrite.php(34): require_once('D:\\xampp\\htdocs...')
#5 {main}
CRITICAL - 2021-12-07 03:44:21 --> Cannot use object of type App\Models\HotelModel as array
#0 D:\xampp\htdocs\freelance\Rayhan\CI4-Hotel\vendor\codeigniter4\framework\system\View\View.php(236): include()
#1 D:\xampp\htdocs\freelance\Rayhan\CI4-Hotel\vendor\codeigniter4\framework\system\Common.php(1071): CodeIgniter\View\View->render('home/index', Array, true)
#2 D:\xampp\htdocs\freelance\Rayhan\CI4-Hotel\app\Controllers\Home.php(15): view('home/index', Array)
#3 D:\xampp\htdocs\freelance\Rayhan\CI4-Hotel\vendor\codeigniter4\framework\system\CodeIgniter.php(910): App\Controllers\Home->index()
#4 D:\xampp\htdocs\freelance\Rayhan\CI4-Hotel\vendor\codeigniter4\framework\system\CodeIgniter.php(398): CodeIgniter\CodeIgniter->runController(Object(App\Controllers\Home))
#5 D:\xampp\htdocs\freelance\Rayhan\CI4-Hotel\vendor\codeigniter4\framework\system\CodeIgniter.php(306): CodeIgniter\CodeIgniter->handleRequest(NULL, Object(Config\Cache), false)
#6 D:\xampp\htdocs\freelance\Rayhan\CI4-Hotel\public\index.php(45): CodeIgniter\CodeIgniter->run()
#7 D:\xampp\htdocs\freelance\Rayhan\CI4-Hotel\vendor\codeigniter4\framework\system\Commands\Server\rewrite.php(34): require_once('D:\\xampp\\htdocs...')
#8 {main}
CRITICAL - 2021-12-07 03:48:06 --> Undefined index: item_adress
#0 D:\xampp\htdocs\freelance\Rayhan\CI4-Hotel\app\Views\home\index.php(202): CodeIgniter\Debug\Exceptions->errorHandler(8, 'Undefined index...', 'D:\\xampp\\htdocs...', 202, Array)
#1 D:\xampp\htdocs\freelance\Rayhan\CI4-Hotel\vendor\codeigniter4\framework\system\View\View.php(236): include('D:\\xampp\\htdocs...')
#2 D:\xampp\htdocs\freelance\Rayhan\CI4-Hotel\vendor\codeigniter4\framework\system\Common.php(1071): CodeIgniter\View\View->render('home/index', Array, true)
#3 D:\xampp\htdocs\freelance\Rayhan\CI4-Hotel\app\Controllers\Home.php(15): view('home/index', Array)
#4 D:\xampp\htdocs\freelance\Rayhan\CI4-Hotel\vendor\codeigniter4\framework\system\CodeIgniter.php(910): App\Controllers\Home->index()
#5 D:\xampp\htdocs\freelance\Rayhan\CI4-Hotel\vendor\codeigniter4\framework\system\CodeIgniter.php(398): CodeIgniter\CodeIgniter->runController(Object(App\Controllers\Home))
#6 D:\xampp\htdocs\freelance\Rayhan\CI4-Hotel\vendor\codeigniter4\framework\system\CodeIgniter.php(306): CodeIgniter\CodeIgniter->handleRequest(NULL, Object(Config\Cache), false)
#7 D:\xampp\htdocs\freelance\Rayhan\CI4-Hotel\public\index.php(45): CodeIgniter\CodeIgniter->run()
#8 D:\xampp\htdocs\freelance\Rayhan\CI4-Hotel\vendor\codeigniter4\framework\system\Commands\Server\rewrite.php(34): require_once('D:\\xampp\\htdocs...')
#9 {main}
CRITICAL - 2021-12-07 03:54:38 --> Call to a member function move() on null
#0 D:\xampp\htdocs\freelance\Rayhan\CI4-Hotel\vendor\codeigniter4\framework\system\CodeIgniter.php(910): App\Controllers\Hotel->addProcess()
#1 D:\xampp\htdocs\freelance\Rayhan\CI4-Hotel\vendor\codeigniter4\framework\system\CodeIgniter.php(398): CodeIgniter\CodeIgniter->runController(Object(App\Controllers\Hotel))
#2 D:\xampp\htdocs\freelance\Rayhan\CI4-Hotel\vendor\codeigniter4\framework\system\CodeIgniter.php(306): CodeIgniter\CodeIgniter->handleRequest(NULL, Object(Config\Cache), false)
#3 D:\xampp\htdocs\freelance\Rayhan\CI4-Hotel\public\index.php(45): CodeIgniter\CodeIgniter->run()
#4 D:\xampp\htdocs\freelance\Rayhan\CI4-Hotel\vendor\codeigniter4\framework\system\Commands\Server\rewrite.php(34): require_once('D:\\xampp\\htdocs...')
#5 {main}
CRITICAL - 2021-12-07 03:55:21 --> Call to a member function move() on null
#0 D:\xampp\htdocs\freelance\Rayhan\CI4-Hotel\vendor\codeigniter4\framework\system\CodeIgniter.php(910): App\Controllers\Hotel->addProcess()
#1 D:\xampp\htdocs\freelance\Rayhan\CI4-Hotel\vendor\codeigniter4\framework\system\CodeIgniter.php(398): CodeIgniter\CodeIgniter->runController(Object(App\Controllers\Hotel))
#2 D:\xampp\htdocs\freelance\Rayhan\CI4-Hotel\vendor\codeigniter4\framework\system\CodeIgniter.php(306): CodeIgniter\CodeIgniter->handleRequest(NULL, Object(Config\Cache), false)
#3 D:\xampp\htdocs\freelance\Rayhan\CI4-Hotel\public\index.php(45): CodeIgniter\CodeIgniter->run()
#4 D:\xampp\htdocs\freelance\Rayhan\CI4-Hotel\vendor\codeigniter4\framework\system\Commands\Server\rewrite.php(34): require_once('D:\\xampp\\htdocs...')
#5 {main}
CRITICAL - 2021-12-07 03:55:41 --> Call to a member function move() on null
#0 D:\xampp\htdocs\freelance\Rayhan\CI4-Hotel\vendor\codeigniter4\framework\system\CodeIgniter.php(910): App\Controllers\Hotel->addProcess()
#1 D:\xampp\htdocs\freelance\Rayhan\CI4-Hotel\vendor\codeigniter4\framework\system\CodeIgniter.php(398): CodeIgniter\CodeIgniter->runController(Object(App\Controllers\Hotel))
#2 D:\xampp\htdocs\freelance\Rayhan\CI4-Hotel\vendor\codeigniter4\framework\system\CodeIgniter.php(306): CodeIgniter\CodeIgniter->handleRequest(NULL, Object(Config\Cache), false)
#3 D:\xampp\htdocs\freelance\Rayhan\CI4-Hotel\public\index.php(45): CodeIgniter\CodeIgniter->run()
#4 D:\xampp\htdocs\freelance\Rayhan\CI4-Hotel\vendor\codeigniter4\framework\system\Commands\Server\rewrite.php(34): require_once('D:\\xampp\\htdocs...')
#5 {main}
CRITICAL - 2021-12-07 03:56:31 --> Undefined index: image_name
#0 D:\xampp\htdocs\freelance\Rayhan\CI4-Hotel\app\Views\admin\hotel\index.php(57): CodeIgniter\Debug\Exceptions->errorHandler(8, 'Undefined index...', 'D:\\xampp\\htdocs...', 57, Array)
#1 D:\xampp\htdocs\freelance\Rayhan\CI4-Hotel\vendor\codeigniter4\framework\system\View\View.php(236): include('D:\\xampp\\htdocs...')
#2 D:\xampp\htdocs\freelance\Rayhan\CI4-Hotel\vendor\codeigniter4\framework\system\Common.php(1071): CodeIgniter\View\View->render('admin/hotel/ind...', Array, true)
#3 D:\xampp\htdocs\freelance\Rayhan\CI4-Hotel\app\Controllers\Admin.php(29): view('admin/hotel/ind...', Array)
#4 D:\xampp\htdocs\freelance\Rayhan\CI4-Hotel\vendor\codeigniter4\framework\system\CodeIgniter.php(910): App\Controllers\Admin->hotel()
#5 D:\xampp\htdocs\freelance\Rayhan\CI4-Hotel\vendor\codeigniter4\framework\system\CodeIgniter.php(398): CodeIgniter\CodeIgniter->runController(Object(App\Controllers\Admin))
#6 D:\xampp\htdocs\freelance\Rayhan\CI4-Hotel\vendor\codeigniter4\framework\system\CodeIgniter.php(306): CodeIgniter\CodeIgniter->handleRequest(NULL, Object(Config\Cache), false)
#7 D:\xampp\htdocs\freelance\Rayhan\CI4-Hotel\public\index.php(45): CodeIgniter\CodeIgniter->run()
#8 D:\xampp\htdocs\freelance\Rayhan\CI4-Hotel\vendor\codeigniter4\framework\system\Commands\Server\rewrite.php(34): require_once('D:\\xampp\\htdocs...')
#9 {main}
CRITICAL - 2021-12-07 03:56:43 --> Undefined index: image_name
#0 D:\xampp\htdocs\freelance\Rayhan\CI4-Hotel\app\Views\admin\hotel\index.php(57): CodeIgniter\Debug\Exceptions->errorHandler(8, 'Undefined index...', 'D:\\xampp\\htdocs...', 57, Array)
#1 D:\xampp\htdocs\freelance\Rayhan\CI4-Hotel\vendor\codeigniter4\framework\system\View\View.php(236): include('D:\\xampp\\htdocs...')
#2 D:\xampp\htdocs\freelance\Rayhan\CI4-Hotel\vendor\codeigniter4\framework\system\Common.php(1071): CodeIgniter\View\View->render('admin/hotel/ind...', Array, true)
#3 D:\xampp\htdocs\freelance\Rayhan\CI4-Hotel\app\Controllers\Admin.php(29): view('admin/hotel/ind...', Array)
#4 D:\xampp\htdocs\freelance\Rayhan\CI4-Hotel\vendor\codeigniter4\framework\system\CodeIgniter.php(910): App\Controllers\Admin->hotel()
#5 D:\xampp\htdocs\freelance\Rayhan\CI4-Hotel\vendor\codeigniter4\framework\system\CodeIgniter.php(398): CodeIgniter\CodeIgniter->runController(Object(App\Controllers\Admin))
#6 D:\xampp\htdocs\freelance\Rayhan\CI4-Hotel\vendor\codeigniter4\framework\system\CodeIgniter.php(306): CodeIgniter\CodeIgniter->handleRequest(NULL, Object(Config\Cache), false)
#7 D:\xampp\htdocs\freelance\Rayhan\CI4-Hotel\public\index.php(45): CodeIgniter\CodeIgniter->run()
#8 D:\xampp\htdocs\freelance\Rayhan\CI4-Hotel\vendor\codeigniter4\framework\system\Commands\Server\rewrite.php(34): require_once('D:\\xampp\\htdocs...')
#9 {main}
CRITICAL - 2021-12-07 03:56:46 --> Undefined index: image_name
#0 D:\xampp\htdocs\freelance\Rayhan\CI4-Hotel\app\Views\admin\hotel\index.php(57): CodeIgniter\Debug\Exceptions->errorHandler(8, 'Undefined index...', 'D:\\xampp\\htdocs...', 57, Array)
#1 D:\xampp\htdocs\freelance\Rayhan\CI4-Hotel\vendor\codeigniter4\framework\system\View\View.php(236): include('D:\\xampp\\htdocs...')
#2 D:\xampp\htdocs\freelance\Rayhan\CI4-Hotel\vendor\codeigniter4\framework\system\Common.php(1071): CodeIgniter\View\View->render('admin/hotel/ind...', Array, true)
#3 D:\xampp\htdocs\freelance\Rayhan\CI4-Hotel\app\Controllers\Admin.php(29): view('admin/hotel/ind...', Array)
#4 D:\xampp\htdocs\freelance\Rayhan\CI4-Hotel\vendor\codeigniter4\framework\system\CodeIgniter.php(910): App\Controllers\Admin->hotel()
#5 D:\xampp\htdocs\freelance\Rayhan\CI4-Hotel\vendor\codeigniter4\framework\system\CodeIgniter.php(398): CodeIgniter\CodeIgniter->runController(Object(App\Controllers\Admin))
#6 D:\xampp\htdocs\freelance\Rayhan\CI4-Hotel\vendor\codeigniter4\framework\system\CodeIgniter.php(306): CodeIgniter\CodeIgniter->handleRequest(NULL, Object(Config\Cache), false)
#7 D:\xampp\htdocs\freelance\Rayhan\CI4-Hotel\public\index.php(45): CodeIgniter\CodeIgniter->run()
#8 D:\xampp\htdocs\freelance\Rayhan\CI4-Hotel\vendor\codeigniter4\framework\system\Commands\Server\rewrite.php(34): require_once('D:\\xampp\\htdocs...')
#9 {main}
CRITICAL - 2021-12-07 03:56:53 --> Undefined index: image_name
#0 D:\xampp\htdocs\freelance\Rayhan\CI4-Hotel\app\Views\admin\hotel\index.php(57): CodeIgniter\Debug\Exceptions->errorHandler(8, 'Undefined index...', 'D:\\xampp\\htdocs...', 57, Array)
#1 D:\xampp\htdocs\freelance\Rayhan\CI4-Hotel\vendor\codeigniter4\framework\system\View\View.php(236): include('D:\\xampp\\htdocs...')
#2 D:\xampp\htdocs\freelance\Rayhan\CI4-Hotel\vendor\codeigniter4\framework\system\Common.php(1071): CodeIgniter\View\View->render('admin/hotel/ind...', Array, true)
#3 D:\xampp\htdocs\freelance\Rayhan\CI4-Hotel\app\Controllers\Admin.php(29): view('admin/hotel/ind...', Array)
#4 D:\xampp\htdocs\freelance\Rayhan\CI4-Hotel\vendor\codeigniter4\framework\system\CodeIgniter.php(910): App\Controllers\Admin->hotel()
#5 D:\xampp\htdocs\freelance\Rayhan\CI4-Hotel\vendor\codeigniter4\framework\system\CodeIgniter.php(398): CodeIgniter\CodeIgniter->runController(Object(App\Controllers\Admin))
#6 D:\xampp\htdocs\freelance\Rayhan\CI4-Hotel\vendor\codeigniter4\framework\system\CodeIgniter.php(306): CodeIgniter\CodeIgniter->handleRequest(NULL, Object(Config\Cache), false)
#7 D:\xampp\htdocs\freelance\Rayhan\CI4-Hotel\public\index.php(45): CodeIgniter\CodeIgniter->run()
#8 D:\xampp\htdocs\freelance\Rayhan\CI4-Hotel\vendor\codeigniter4\framework\system\Commands\Server\rewrite.php(34): require_once('D:\\xampp\\htdocs...')
#9 {main}
CRITICAL - 2021-12-07 03:56:57 --> Undefined index: image_name
#0 D:\xampp\htdocs\freelance\Rayhan\CI4-Hotel\app\Views\admin\hotel\index.php(57): CodeIgniter\Debug\Exceptions->errorHandler(8, 'Undefined index...', 'D:\\xampp\\htdocs...', 57, Array)
#1 D:\xampp\htdocs\freelance\Rayhan\CI4-Hotel\vendor\codeigniter4\framework\system\View\View.php(236): include('D:\\xampp\\htdocs...')
#2 D:\xampp\htdocs\freelance\Rayhan\CI4-Hotel\vendor\codeigniter4\framework\system\Common.php(1071): CodeIgniter\View\View->render('admin/hotel/ind...', Array, true)
#3 D:\xampp\htdocs\freelance\Rayhan\CI4-Hotel\app\Controllers\Admin.php(29): view('admin/hotel/ind...', Array)
#4 D:\xampp\htdocs\freelance\Rayhan\CI4-Hotel\vendor\codeigniter4\framework\system\CodeIgniter.php(910): App\Controllers\Admin->hotel()
#5 D:\xampp\htdocs\freelance\Rayhan\CI4-Hotel\vendor\codeigniter4\framework\system\CodeIgniter.php(398): CodeIgniter\CodeIgniter->runController(Object(App\Controllers\Admin))
#6 D:\xampp\htdocs\freelance\Rayhan\CI4-Hotel\vendor\codeigniter4\framework\system\CodeIgniter.php(306): CodeIgniter\CodeIgniter->handleRequest(NULL, Object(Config\Cache), false)
#7 D:\xampp\htdocs\freelance\Rayhan\CI4-Hotel\public\index.php(45): CodeIgniter\CodeIgniter->run()
#8 D:\xampp\htdocs\freelance\Rayhan\CI4-Hotel\vendor\codeigniter4\framework\system\Commands\Server\rewrite.php(34): require_once('D:\\xampp\\htdocs...')
#9 {main}
CRITICAL - 2021-12-07 03:57:02 --> Undefined index: image_name
#0 D:\xampp\htdocs\freelance\Rayhan\CI4-Hotel\app\Views\admin\hotel\index.php(57): CodeIgniter\Debug\Exceptions->errorHandler(8, 'Undefined index...', 'D:\\xampp\\htdocs...', 57, Array)
#1 D:\xampp\htdocs\freelance\Rayhan\CI4-Hotel\vendor\codeigniter4\framework\system\View\View.php(236): include('D:\\xampp\\htdocs...')
#2 D:\xampp\htdocs\freelance\Rayhan\CI4-Hotel\vendor\codeigniter4\framework\system\Common.php(1071): CodeIgniter\View\View->render('admin/hotel/ind...', Array, true)
#3 D:\xampp\htdocs\freelance\Rayhan\CI4-Hotel\app\Controllers\Admin.php(29): view('admin/hotel/ind...', Array)
#4 D:\xampp\htdocs\freelance\Rayhan\CI4-Hotel\vendor\codeigniter4\framework\system\CodeIgniter.php(910): App\Controllers\Admin->hotel()
#5 D:\xampp\htdocs\freelance\Rayhan\CI4-Hotel\vendor\codeigniter4\framework\system\CodeIgniter.php(398): CodeIgniter\CodeIgniter->runController(Object(App\Controllers\Admin))
#6 D:\xampp\htdocs\freelance\Rayhan\CI4-Hotel\vendor\codeigniter4\framework\system\CodeIgniter.php(306): CodeIgniter\CodeIgniter->handleRequest(NULL, Object(Config\Cache), false)
#7 D:\xampp\htdocs\freelance\Rayhan\CI4-Hotel\public\index.php(45): CodeIgniter\CodeIgniter->run()
#8 D:\xampp\htdocs\freelance\Rayhan\CI4-Hotel\vendor\codeigniter4\framework\system\Commands\Server\rewrite.php(34): require_once('D:\\xampp\\htdocs...')
#9 {main}
CRITICAL - 2021-12-07 03:57:09 --> Undefined index: image_name
#0 D:\xampp\htdocs\freelance\Rayhan\CI4-Hotel\app\Views\admin\hotel\index.php(57): CodeIgniter\Debug\Exceptions->errorHandler(8, 'Undefined index...', 'D:\\xampp\\htdocs...', 57, Array)
#1 D:\xampp\htdocs\freelance\Rayhan\CI4-Hotel\vendor\codeigniter4\framework\system\View\View.php(236): include('D:\\xampp\\htdocs...')
#2 D:\xampp\htdocs\freelance\Rayhan\CI4-Hotel\vendor\codeigniter4\framework\system\Common.php(1071): CodeIgniter\View\View->render('admin/hotel/ind...', Array, true)
#3 D:\xampp\htdocs\freelance\Rayhan\CI4-Hotel\app\Controllers\Admin.php(29): view('admin/hotel/ind...', Array)
#4 D:\xampp\htdocs\freelance\Rayhan\CI4-Hotel\vendor\codeigniter4\framework\system\CodeIgniter.php(910): App\Controllers\Admin->hotel()
#5 D:\xampp\htdocs\freelance\Rayhan\CI4-Hotel\vendor\codeigniter4\framework\system\CodeIgniter.php(398): CodeIgniter\CodeIgniter->runController(Object(App\Controllers\Admin))
#6 D:\xampp\htdocs\freelance\Rayhan\CI4-Hotel\vendor\codeigniter4\framework\system\CodeIgniter.php(306): CodeIgniter\CodeIgniter->handleRequest(NULL, Object(Config\Cache), false)
#7 D:\xampp\htdocs\freelance\Rayhan\CI4-Hotel\public\index.php(45): CodeIgniter\CodeIgniter->run()
#8 D:\xampp\htdocs\freelance\Rayhan\CI4-Hotel\vendor\codeigniter4\framework\system\Commands\Server\rewrite.php(34): require_once('D:\\xampp\\htdocs...')
#9 {main}
CRITICAL - 2021-12-07 03:58:30 --> Call to a member function getRow() on array
#0 D:\xampp\htdocs\freelance\Rayhan\CI4-Hotel\vendor\codeigniter4\framework\system\CodeIgniter.php(910): App\Controllers\Hotel->edit('8')
#1 D:\xampp\htdocs\freelance\Rayhan\CI4-Hotel\vendor\codeigniter4\framework\system\CodeIgniter.php(398): CodeIgniter\CodeIgniter->runController(Object(App\Controllers\Hotel))
#2 D:\xampp\htdocs\freelance\Rayhan\CI4-Hotel\vendor\codeigniter4\framework\system\CodeIgniter.php(306): CodeIgniter\CodeIgniter->handleRequest(NULL, Object(Config\Cache), false)
#3 D:\xampp\htdocs\freelance\Rayhan\CI4-Hotel\public\index.php(45): CodeIgniter\CodeIgniter->run()
#4 D:\xampp\htdocs\freelance\Rayhan\CI4-Hotel\vendor\codeigniter4\framework\system\Commands\Server\rewrite.php(34): require_once('D:\\xampp\\htdocs...')
#5 {main}
CRITICAL - 2021-12-07 03:58:50 --> Trying to get property 'item_id' of non-object
#0 D:\xampp\htdocs\freelance\Rayhan\CI4-Hotel\app\Views\admin\hotel\edit.php(28): CodeIgniter\Debug\Exceptions->errorHandler(8, 'Trying to get p...', 'D:\\xampp\\htdocs...', 28, Array)
#1 D:\xampp\htdocs\freelance\Rayhan\CI4-Hotel\vendor\codeigniter4\framework\system\View\View.php(236): include('D:\\xampp\\htdocs...')
#2 D:\xampp\htdocs\freelance\Rayhan\CI4-Hotel\vendor\codeigniter4\framework\system\Common.php(1071): CodeIgniter\View\View->render('admin/hotel/edi...', Array, true)
#3 D:\xampp\htdocs\freelance\Rayhan\CI4-Hotel\app\Controllers\Hotel.php(45): view('admin/hotel/edi...', Array)
#4 D:\xampp\htdocs\freelance\Rayhan\CI4-Hotel\vendor\codeigniter4\framework\system\CodeIgniter.php(910): App\Controllers\Hotel->edit('8')
#5 D:\xampp\htdocs\freelance\Rayhan\CI4-Hotel\vendor\codeigniter4\framework\system\CodeIgniter.php(398): CodeIgniter\CodeIgniter->runController(Object(App\Controllers\Hotel))
#6 D:\xampp\htdocs\freelance\Rayhan\CI4-Hotel\vendor\codeigniter4\framework\system\CodeIgniter.php(306): CodeIgniter\CodeIgniter->handleRequest(NULL, Object(Config\Cache), false)
#7 D:\xampp\htdocs\freelance\Rayhan\CI4-Hotel\public\index.php(45): CodeIgniter\CodeIgniter->run()
#8 D:\xampp\htdocs\freelance\Rayhan\CI4-Hotel\vendor\codeigniter4\framework\system\Commands\Server\rewrite.php(34): require_once('D:\\xampp\\htdocs...')
#9 {main}
CRITICAL - 2021-12-07 03:59:09 --> Trying to get property 'item_id' of non-object
#0 D:\xampp\htdocs\freelance\Rayhan\CI4-Hotel\app\Views\admin\hotel\edit.php(28): CodeIgniter\Debug\Exceptions->errorHandler(8, 'Trying to get p...', 'D:\\xampp\\htdocs...', 28, Array)
#1 D:\xampp\htdocs\freelance\Rayhan\CI4-Hotel\vendor\codeigniter4\framework\system\View\View.php(236): include('D:\\xampp\\htdocs...')
#2 D:\xampp\htdocs\freelance\Rayhan\CI4-Hotel\vendor\codeigniter4\framework\system\Common.php(1071): CodeIgniter\View\View->render('admin/hotel/edi...', Array, true)
#3 D:\xampp\htdocs\freelance\Rayhan\CI4-Hotel\app\Controllers\Hotel.php(45): view('admin/hotel/edi...', Array)
#4 D:\xampp\htdocs\freelance\Rayhan\CI4-Hotel\vendor\codeigniter4\framework\system\CodeIgniter.php(910): App\Controllers\Hotel->edit('8')
#5 D:\xampp\htdocs\freelance\Rayhan\CI4-Hotel\vendor\codeigniter4\framework\system\CodeIgniter.php(398): CodeIgniter\CodeIgniter->runController(Object(App\Controllers\Hotel))
#6 D:\xampp\htdocs\freelance\Rayhan\CI4-Hotel\vendor\codeigniter4\framework\system\CodeIgniter.php(306): CodeIgniter\CodeIgniter->handleRequest(NULL, Object(Config\Cache), false)
#7 D:\xampp\htdocs\freelance\Rayhan\CI4-Hotel\public\index.php(45): CodeIgniter\CodeIgniter->run()
#8 D:\xampp\htdocs\freelance\Rayhan\CI4-Hotel\vendor\codeigniter4\framework\system\Commands\Server\rewrite.php(34): require_once('D:\\xampp\\htdocs...')
#9 {main}
CRITICAL - 2021-12-07 03:59:21 --> Undefined index: item_id
#0 D:\xampp\htdocs\freelance\Rayhan\CI4-Hotel\app\Views\admin\hotel\edit.php(28): CodeIgniter\Debug\Exceptions->errorHandler(8, 'Undefined index...', 'D:\\xampp\\htdocs...', 28, Array)
#1 D:\xampp\htdocs\freelance\Rayhan\CI4-Hotel\vendor\codeigniter4\framework\system\View\View.php(236): include('D:\\xampp\\htdocs...')
#2 D:\xampp\htdocs\freelance\Rayhan\CI4-Hotel\vendor\codeigniter4\framework\system\Common.php(1071): CodeIgniter\View\View->render('admin/hotel/edi...', Array, true)
#3 D:\xampp\htdocs\freelance\Rayhan\CI4-Hotel\app\Controllers\Hotel.php(45): view('admin/hotel/edi...', Array)
#4 D:\xampp\htdocs\freelance\Rayhan\CI4-Hotel\vendor\codeigniter4\framework\system\CodeIgniter.php(910): App\Controllers\Hotel->edit('8')
#5 D:\xampp\htdocs\freelance\Rayhan\CI4-Hotel\vendor\codeigniter4\framework\system\CodeIgniter.php(398): CodeIgniter\CodeIgniter->runController(Object(App\Controllers\Hotel))
#6 D:\xampp\htdocs\freelance\Rayhan\CI4-Hotel\vendor\codeigniter4\framework\system\CodeIgniter.php(306): CodeIgniter\CodeIgniter->handleRequest(NULL, Object(Config\Cache), false)
#7 D:\xampp\htdocs\freelance\Rayhan\CI4-Hotel\public\index.php(45): CodeIgniter\CodeIgniter->run()
#8 D:\xampp\htdocs\freelance\Rayhan\CI4-Hotel\vendor\codeigniter4\framework\system\Commands\Server\rewrite.php(34): require_once('D:\\xampp\\htdocs...')
#9 {main}
CRITICAL - 2021-12-07 03:59:27 --> Undefined index: item_name
#0 D:\xampp\htdocs\freelance\Rayhan\CI4-Hotel\app\Views\admin\hotel\edit.php(33): CodeIgniter\Debug\Exceptions->errorHandler(8, 'Undefined index...', 'D:\\xampp\\htdocs...', 33, Array)
#1 D:\xampp\htdocs\freelance\Rayhan\CI4-Hotel\vendor\codeigniter4\framework\system\View\View.php(236): include('D:\\xampp\\htdocs...')
#2 D:\xampp\htdocs\freelance\Rayhan\CI4-Hotel\vendor\codeigniter4\framework\system\Common.php(1071): CodeIgniter\View\View->render('admin/hotel/edi...', Array, true)
#3 D:\xampp\htdocs\freelance\Rayhan\CI4-Hotel\app\Controllers\Hotel.php(45): view('admin/hotel/edi...', Array)
#4 D:\xampp\htdocs\freelance\Rayhan\CI4-Hotel\vendor\codeigniter4\framework\system\CodeIgniter.php(910): App\Controllers\Hotel->edit('8')
#5 D:\xampp\htdocs\freelance\Rayhan\CI4-Hotel\vendor\codeigniter4\framework\system\CodeIgniter.php(398): CodeIgniter\CodeIgniter->runController(Object(App\Controllers\Hotel))
#6 D:\xampp\htdocs\freelance\Rayhan\CI4-Hotel\vendor\codeigniter4\framework\system\CodeIgniter.php(306): CodeIgniter\CodeIgniter->handleRequest(NULL, Object(Config\Cache), false)
#7 D:\xampp\htdocs\freelance\Rayhan\CI4-Hotel\public\index.php(45): CodeIgniter\CodeIgniter->run()
#8 D:\xampp\htdocs\freelance\Rayhan\CI4-Hotel\vendor\codeigniter4\framework\system\Commands\Server\rewrite.php(34): require_once('D:\\xampp\\htdocs...')
#9 {main}
CRITICAL - 2021-12-07 04:08:35 --> Undefined index: item_name
#0 D:\xampp\htdocs\freelance\Rayhan\CI4-Hotel\app\Views\home\detail.php(14): CodeIgniter\Debug\Exceptions->errorHandler(8, 'Undefined index...', 'D:\\xampp\\htdocs...', 14, Array)
#1 D:\xampp\htdocs\freelance\Rayhan\CI4-Hotel\vendor\codeigniter4\framework\system\View\View.php(236): include('D:\\xampp\\htdocs...')
#2 D:\xampp\htdocs\freelance\Rayhan\CI4-Hotel\vendor\codeigniter4\framework\system\Common.php(1071): CodeIgniter\View\View->render('home/detail', Array, true)
#3 D:\xampp\htdocs\freelance\Rayhan\CI4-Hotel\app\Controllers\Home.php(22): view('home/detail', Array)
#4 D:\xampp\htdocs\freelance\Rayhan\CI4-Hotel\vendor\codeigniter4\framework\system\CodeIgniter.php(910): App\Controllers\Home->detail('1')
#5 D:\xampp\htdocs\freelance\Rayhan\CI4-Hotel\vendor\codeigniter4\framework\system\CodeIgniter.php(398): CodeIgniter\CodeIgniter->runController(Object(App\Controllers\Home))
#6 D:\xampp\htdocs\freelance\Rayhan\CI4-Hotel\vendor\codeigniter4\framework\system\CodeIgniter.php(306): CodeIgniter\CodeIgniter->handleRequest(NULL, Object(Config\Cache), false)
#7 D:\xampp\htdocs\freelance\Rayhan\CI4-Hotel\public\index.php(45): CodeIgniter\CodeIgniter->run()
#8 D:\xampp\htdocs\freelance\Rayhan\CI4-Hotel\vendor\codeigniter4\framework\system\Commands\Server\rewrite.php(34): require_once('D:\\xampp\\htdocs...')
#9 {main}
CRITICAL - 2021-12-07 04:11:12 --> Undefined index: image_name
#0 D:\xampp\htdocs\freelance\Rayhan\CI4-Hotel\app\Views\home\detail.php(24): CodeIgniter\Debug\Exceptions->errorHandler(8, 'Undefined index...', 'D:\\xampp\\htdocs...', 24, Array)
#1 D:\xampp\htdocs\freelance\Rayhan\CI4-Hotel\vendor\codeigniter4\framework\system\View\View.php(236): include('D:\\xampp\\htdocs...')
#2 D:\xampp\htdocs\freelance\Rayhan\CI4-Hotel\vendor\codeigniter4\framework\system\Common.php(1071): CodeIgniter\View\View->render('home/detail', Array, true)
#3 D:\xampp\htdocs\freelance\Rayhan\CI4-Hotel\app\Controllers\Home.php(24): view('home/detail', Array)
#4 D:\xampp\htdocs\freelance\Rayhan\CI4-Hotel\vendor\codeigniter4\framework\system\CodeIgniter.php(910): App\Controllers\Home->detail('1')
#5 D:\xampp\htdocs\freelance\Rayhan\CI4-Hotel\vendor\codeigniter4\framework\system\CodeIgniter.php(398): CodeIgniter\CodeIgniter->runController(Object(App\Controllers\Home))
#6 D:\xampp\htdocs\freelance\Rayhan\CI4-Hotel\vendor\codeigniter4\framework\system\CodeIgniter.php(306): CodeIgniter\CodeIgniter->handleRequest(NULL, Object(Config\Cache), false)
#7 D:\xampp\htdocs\freelance\Rayhan\CI4-Hotel\public\index.php(45): CodeIgniter\CodeIgniter->run()
#8 D:\xampp\htdocs\freelance\Rayhan\CI4-Hotel\vendor\codeigniter4\framework\system\Commands\Server\rewrite.php(34): require_once('D:\\xampp\\htdocs...')
#9 {main}
CRITICAL - 2021-12-07 04:12:54 --> Undefined variable: i
#0 D:\xampp\htdocs\freelance\Rayhan\CI4-Hotel\app\Views\home\detail.php(14): CodeIgniter\Debug\Exceptions->errorHandler(8, 'Undefined varia...', 'D:\\xampp\\htdocs...', 14, Array)
#1 D:\xampp\htdocs\freelance\Rayhan\CI4-Hotel\vendor\codeigniter4\framework\system\View\View.php(236): include('D:\\xampp\\htdocs...')
#2 D:\xampp\htdocs\freelance\Rayhan\CI4-Hotel\vendor\codeigniter4\framework\system\Common.php(1071): CodeIgniter\View\View->render('home/detail', Array, true)
#3 D:\xampp\htdocs\freelance\Rayhan\CI4-Hotel\app\Controllers\Home.php(24): view('home/detail', Array)
#4 D:\xampp\htdocs\freelance\Rayhan\CI4-Hotel\vendor\codeigniter4\framework\system\CodeIgniter.php(910): App\Controllers\Home->detail('1')
#5 D:\xampp\htdocs\freelance\Rayhan\CI4-Hotel\vendor\codeigniter4\framework\system\CodeIgniter.php(398): CodeIgniter\CodeIgniter->runController(Object(App\Controllers\Home))
#6 D:\xampp\htdocs\freelance\Rayhan\CI4-Hotel\vendor\codeigniter4\framework\system\CodeIgniter.php(306): CodeIgniter\CodeIgniter->handleRequest(NULL, Object(Config\Cache), false)
#7 D:\xampp\htdocs\freelance\Rayhan\CI4-Hotel\public\index.php(45): CodeIgniter\CodeIgniter->run()
#8 D:\xampp\htdocs\freelance\Rayhan\CI4-Hotel\vendor\codeigniter4\framework\system\Commands\Server\rewrite.php(34): require_once('D:\\xampp\\htdocs...')
#9 {main}
CRITICAL - 2021-12-07 04:13:06 --> Undefined index: item_thumbnail
#0 D:\xampp\htdocs\freelance\Rayhan\CI4-Hotel\app\Views\home\detail.php(14): CodeIgniter\Debug\Exceptions->errorHandler(8, 'Undefined index...', 'D:\\xampp\\htdocs...', 14, Array)
#1 D:\xampp\htdocs\freelance\Rayhan\CI4-Hotel\vendor\codeigniter4\framework\system\View\View.php(236): include('D:\\xampp\\htdocs...')
#2 D:\xampp\htdocs\freelance\Rayhan\CI4-Hotel\vendor\codeigniter4\framework\system\Common.php(1071): CodeIgniter\View\View->render('home/detail', Array, true)
#3 D:\xampp\htdocs\freelance\Rayhan\CI4-Hotel\app\Controllers\Home.php(24): view('home/detail', Array)
#4 D:\xampp\htdocs\freelance\Rayhan\CI4-Hotel\vendor\codeigniter4\framework\system\CodeIgniter.php(910): App\Controllers\Home->detail('1')
#5 D:\xampp\htdocs\freelance\Rayhan\CI4-Hotel\vendor\codeigniter4\framework\system\CodeIgniter.php(398): CodeIgniter\CodeIgniter->runController(Object(App\Controllers\Home))
#6 D:\xampp\htdocs\freelance\Rayhan\CI4-Hotel\vendor\codeigniter4\framework\system\CodeIgniter.php(306): CodeIgniter\CodeIgniter->handleRequest(NULL, Object(Config\Cache), false)
#7 D:\xampp\htdocs\freelance\Rayhan\CI4-Hotel\public\index.php(45): CodeIgniter\CodeIgniter->run()
#8 D:\xampp\htdocs\freelance\Rayhan\CI4-Hotel\vendor\codeigniter4\framework\system\Commands\Server\rewrite.php(34): require_once('D:\\xampp\\htdocs...')
#9 {main}
CRITICAL - 2021-12-07 04:14:16 --> Call to a member function random() on array
#0 D:\xampp\htdocs\freelance\Rayhan\CI4-Hotel\vendor\codeigniter4\framework\system\CodeIgniter.php(910): App\Controllers\Home->detail('1')
#1 D:\xampp\htdocs\freelance\Rayhan\CI4-Hotel\vendor\codeigniter4\framework\system\CodeIgniter.php(398): CodeIgniter\CodeIgniter->runController(Object(App\Controllers\Home))
#2 D:\xampp\htdocs\freelance\Rayhan\CI4-Hotel\vendor\codeigniter4\framework\system\CodeIgniter.php(306): CodeIgniter\CodeIgniter->handleRequest(NULL, Object(Config\Cache), false)
#3 D:\xampp\htdocs\freelance\Rayhan\CI4-Hotel\public\index.php(45): CodeIgniter\CodeIgniter->run()
#4 D:\xampp\htdocs\freelance\Rayhan\CI4-Hotel\vendor\codeigniter4\framework\system\Commands\Server\rewrite.php(34): require_once('D:\\xampp\\htdocs...')
#5 {main}
CRITICAL - 2021-12-07 04:15:02 --> Call to a member function order_by() on array
#0 D:\xampp\htdocs\freelance\Rayhan\CI4-Hotel\vendor\codeigniter4\framework\system\CodeIgniter.php(910): App\Controllers\Home->detail('1')
#1 D:\xampp\htdocs\freelance\Rayhan\CI4-Hotel\vendor\codeigniter4\framework\system\CodeIgniter.php(398): CodeIgniter\CodeIgniter->runController(Object(App\Controllers\Home))
#2 D:\xampp\htdocs\freelance\Rayhan\CI4-Hotel\vendor\codeigniter4\framework\system\CodeIgniter.php(306): CodeIgniter\CodeIgniter->handleRequest(NULL, Object(Config\Cache), false)
#3 D:\xampp\htdocs\freelance\Rayhan\CI4-Hotel\public\index.php(45): CodeIgniter\CodeIgniter->run()
#4 D:\xampp\htdocs\freelance\Rayhan\CI4-Hotel\vendor\codeigniter4\framework\system\Commands\Server\rewrite.php(34): require_once('D:\\xampp\\htdocs...')
#5 {main}
CRITICAL - 2021-12-07 04:18:21 --> Undefined variable: hotel_random
#0 D:\xampp\htdocs\freelance\Rayhan\CI4-Hotel\app\Views\home\detail.php(113): CodeIgniter\Debug\Exceptions->errorHandler(8, 'Undefined varia...', 'D:\\xampp\\htdocs...', 113, Array)
#1 D:\xampp\htdocs\freelance\Rayhan\CI4-Hotel\vendor\codeigniter4\framework\system\View\View.php(236): include('D:\\xampp\\htdocs...')
#2 D:\xampp\htdocs\freelance\Rayhan\CI4-Hotel\vendor\codeigniter4\framework\system\Common.php(1071): CodeIgniter\View\View->render('home/detail', Array, true)
#3 D:\xampp\htdocs\freelance\Rayhan\CI4-Hotel\app\Controllers\Home.php(25): view('home/detail', Array)
#4 D:\xampp\htdocs\freelance\Rayhan\CI4-Hotel\vendor\codeigniter4\framework\system\CodeIgniter.php(910): App\Controllers\Home->detail('1')
#5 D:\xampp\htdocs\freelance\Rayhan\CI4-Hotel\vendor\codeigniter4\framework\system\CodeIgniter.php(398): CodeIgniter\CodeIgniter->runController(Object(App\Controllers\Home))
#6 D:\xampp\htdocs\freelance\Rayhan\CI4-Hotel\vendor\codeigniter4\framework\system\CodeIgniter.php(306): CodeIgniter\CodeIgniter->handleRequest(NULL, Object(Config\Cache), false)
#7 D:\xampp\htdocs\freelance\Rayhan\CI4-Hotel\public\index.php(45): CodeIgniter\CodeIgniter->run()
#8 D:\xampp\htdocs\freelance\Rayhan\CI4-Hotel\vendor\codeigniter4\framework\system\Commands\Server\rewrite.php(34): require_once('D:\\xampp\\htdocs...')
#9 {main}
CRITICAL - 2021-12-07 04:19:33 --> Call to a member function limit() on array
#0 D:\xampp\htdocs\freelance\Rayhan\CI4-Hotel\app\Controllers\Home.php(24): App\Models\HotelModel->getRandom()
#1 D:\xampp\htdocs\freelance\Rayhan\CI4-Hotel\vendor\codeigniter4\framework\system\CodeIgniter.php(910): App\Controllers\Home->detail('1')
#2 D:\xampp\htdocs\freelance\Rayhan\CI4-Hotel\vendor\codeigniter4\framework\system\CodeIgniter.php(398): CodeIgniter\CodeIgniter->runController(Object(App\Controllers\Home))
#3 D:\xampp\htdocs\freelance\Rayhan\CI4-Hotel\vendor\codeigniter4\framework\system\CodeIgniter.php(306): CodeIgniter\CodeIgniter->handleRequest(NULL, Object(Config\Cache), false)
#4 D:\xampp\htdocs\freelance\Rayhan\CI4-Hotel\public\index.php(45): CodeIgniter\CodeIgniter->run()
#5 D:\xampp\htdocs\freelance\Rayhan\CI4-Hotel\vendor\codeigniter4\framework\system\Commands\Server\rewrite.php(34): require_once('D:\\xampp\\htdocs...')
#6 {main}
CRITICAL - 2021-12-07 04:31:01 --> You have an error in your SQL syntax; check the manual that corresponds to your MariaDB server version for the right syntax to use near 'ORDER BY("item_id")' at line 1
#0 D:\xampp\htdocs\freelance\Rayhan\CI4-Hotel\vendor\codeigniter4\framework\system\Database\MySQLi\Connection.php(330): mysqli->query('SELECT * FROM i...')
#1 D:\xampp\htdocs\freelance\Rayhan\CI4-Hotel\vendor\codeigniter4\framework\system\Database\BaseConnection.php(738): CodeIgniter\Database\MySQLi\Connection->execute('SELECT * FROM i...')
#2 D:\xampp\htdocs\freelance\Rayhan\CI4-Hotel\vendor\codeigniter4\framework\system\Database\BaseConnection.php(666): CodeIgniter\Database\BaseConnection->simpleQuery('SELECT * FROM i...')
#3 D:\xampp\htdocs\freelance\Rayhan\CI4-Hotel\vendor\codeigniter4\framework\system\Model.php(1698): CodeIgniter\Database\BaseConnection->query('SELECT * FROM i...')
#4 D:\xampp\htdocs\freelance\Rayhan\CI4-Hotel\app\Models\HotelModel.php(30): CodeIgniter\Model->__call('query', Array)
#5 D:\xampp\htdocs\freelance\Rayhan\CI4-Hotel\app\Controllers\Home.php(24): App\Models\HotelModel->getRandom()
#6 D:\xampp\htdocs\freelance\Rayhan\CI4-Hotel\vendor\codeigniter4\framework\system\CodeIgniter.php(910): App\Controllers\Home->detail('1')
#7 D:\xampp\htdocs\freelance\Rayhan\CI4-Hotel\vendor\codeigniter4\framework\system\CodeIgniter.php(398): CodeIgniter\CodeIgniter->runController(Object(App\Controllers\Home))
#8 D:\xampp\htdocs\freelance\Rayhan\CI4-Hotel\vendor\codeigniter4\framework\system\CodeIgniter.php(306): CodeIgniter\CodeIgniter->handleRequest(NULL, Object(Config\Cache), false)
#9 D:\xampp\htdocs\freelance\Rayhan\CI4-Hotel\public\index.php(45): CodeIgniter\CodeIgniter->run()
#10 D:\xampp\htdocs\freelance\Rayhan\CI4-Hotel\vendor\codeigniter4\framework\system\Commands\Server\rewrite.php(34): require_once('D:\\xampp\\htdocs...')
#11 {main}
CRITICAL - 2021-12-07 04:31:12 --> You have an error in your SQL syntax; check the manual that corresponds to your MariaDB server version for the right syntax to use near 'ORDER BY("item_id", 3)' at line 1
#0 D:\xampp\htdocs\freelance\Rayhan\CI4-Hotel\vendor\codeigniter4\framework\system\Database\MySQLi\Connection.php(330): mysqli->query('SELECT * FROM i...')
#1 D:\xampp\htdocs\freelance\Rayhan\CI4-Hotel\vendor\codeigniter4\framework\system\Database\BaseConnection.php(738): CodeIgniter\Database\MySQLi\Connection->execute('SELECT * FROM i...')
#2 D:\xampp\htdocs\freelance\Rayhan\CI4-Hotel\vendor\codeigniter4\framework\system\Database\BaseConnection.php(666): CodeIgniter\Database\BaseConnection->simpleQuery('SELECT * FROM i...')
#3 D:\xampp\htdocs\freelance\Rayhan\CI4-Hotel\vendor\codeigniter4\framework\system\Model.php(1698): CodeIgniter\Database\BaseConnection->query('SELECT * FROM i...')
#4 D:\xampp\htdocs\freelance\Rayhan\CI4-Hotel\app\Models\HotelModel.php(30): CodeIgniter\Model->__call('query', Array)
#5 D:\xampp\htdocs\freelance\Rayhan\CI4-Hotel\app\Controllers\Home.php(24): App\Models\HotelModel->getRandom()
#6 D:\xampp\htdocs\freelance\Rayhan\CI4-Hotel\vendor\codeigniter4\framework\system\CodeIgniter.php(910): App\Controllers\Home->detail('1')
#7 D:\xampp\htdocs\freelance\Rayhan\CI4-Hotel\vendor\codeigniter4\framework\system\CodeIgniter.php(398): CodeIgniter\CodeIgniter->runController(Object(App\Controllers\Home))
#8 D:\xampp\htdocs\freelance\Rayhan\CI4-Hotel\vendor\codeigniter4\framework\system\CodeIgniter.php(306): CodeIgniter\CodeIgniter->handleRequest(NULL, Object(Config\Cache), false)
#9 D:\xampp\htdocs\freelance\Rayhan\CI4-Hotel\public\index.php(45): CodeIgniter\CodeIgniter->run()
#10 D:\xampp\htdocs\freelance\Rayhan\CI4-Hotel\vendor\codeigniter4\framework\system\Commands\Server\rewrite.php(34): require_once('D:\\xampp\\htdocs...')
#11 {main}
CRITICAL - 2021-12-07 04:48:53 --> Undefined property: CodeIgniter\View\View::$request
#0 D:\xampp\htdocs\freelance\Rayhan\CI4-Hotel\app\Views\home\book.php(235): CodeIgniter\Debug\Exceptions->errorHandler(8, 'Undefined prope...', 'D:\\xampp\\htdocs...', 235, Array)
#1 D:\xampp\htdocs\freelance\Rayhan\CI4-Hotel\vendor\codeigniter4\framework\system\View\View.php(236): include('D:\\xampp\\htdocs...')
#2 D:\xampp\htdocs\freelance\Rayhan\CI4-Hotel\vendor\codeigniter4\framework\system\Common.php(1071): CodeIgniter\View\View->render('home/book', Array, true)
#3 D:\xampp\htdocs\freelance\Rayhan\CI4-Hotel\app\Controllers\Home.php(31): view('home/book', Array)
#4 D:\xampp\htdocs\freelance\Rayhan\CI4-Hotel\vendor\codeigniter4\framework\system\CodeIgniter.php(910): App\Controllers\Home->book('1')
#5 D:\xampp\htdocs\freelance\Rayhan\CI4-Hotel\vendor\codeigniter4\framework\system\CodeIgniter.php(398): CodeIgniter\CodeIgniter->runController(Object(App\Controllers\Home))
#6 D:\xampp\htdocs\freelance\Rayhan\CI4-Hotel\vendor\codeigniter4\framework\system\CodeIgniter.php(306): CodeIgniter\CodeIgniter->handleRequest(NULL, Object(Config\Cache), false)
#7 D:\xampp\htdocs\freelance\Rayhan\CI4-Hotel\public\index.php(45): CodeIgniter\CodeIgniter->run()
#8 D:\xampp\htdocs\freelance\Rayhan\CI4-Hotel\vendor\codeigniter4\framework\system\Commands\Server\rewrite.php(34): require_once('D:\\xampp\\htdocs...')
#9 {main}
CRITICAL - 2021-12-07 04:51:23 --> Undefined variable: hotel
#0 D:\xampp\htdocs\freelance\Rayhan\CI4-Hotel\app\Views\home\book.php(238): CodeIgniter\Debug\Exceptions->errorHandler(8, 'Undefined varia...', 'D:\\xampp\\htdocs...', 238, Array)
#1 D:\xampp\htdocs\freelance\Rayhan\CI4-Hotel\vendor\codeigniter4\framework\system\View\View.php(236): include('D:\\xampp\\htdocs...')
#2 D:\xampp\htdocs\freelance\Rayhan\CI4-Hotel\vendor\codeigniter4\framework\system\Common.php(1071): CodeIgniter\View\View->render('home/book', Array, true)
#3 D:\xampp\htdocs\freelance\Rayhan\CI4-Hotel\app\Controllers\Home.php(46): view('home/book', Array)
#4 D:\xampp\htdocs\freelance\Rayhan\CI4-Hotel\vendor\codeigniter4\framework\system\CodeIgniter.php(910): App\Controllers\Home->book('1')
#5 D:\xampp\htdocs\freelance\Rayhan\CI4-Hotel\vendor\codeigniter4\framework\system\CodeIgniter.php(398): CodeIgniter\CodeIgniter->runController(Object(App\Controllers\Home))
#6 D:\xampp\htdocs\freelance\Rayhan\CI4-Hotel\vendor\codeigniter4\framework\system\CodeIgniter.php(306): CodeIgniter\CodeIgniter->handleRequest(NULL, Object(Config\Cache), false)
#7 D:\xampp\htdocs\freelance\Rayhan\CI4-Hotel\public\index.php(45): CodeIgniter\CodeIgniter->run()
#8 D:\xampp\htdocs\freelance\Rayhan\CI4-Hotel\vendor\codeigniter4\framework\system\Commands\Server\rewrite.php(34): require_once('D:\\xampp\\htdocs...')
#9 {main}
CRITICAL - 2021-12-07 20:30:20 --> Undefined variable: total_price2
#0 D:\xampp\htdocs\freelance\Rayhan\CI4-Hotel\app\Views\home\book.php(43): CodeIgniter\Debug\Exceptions->errorHandler(8, 'Undefined varia...', 'D:\\xampp\\htdocs...', 43, Array)
#1 D:\xampp\htdocs\freelance\Rayhan\CI4-Hotel\vendor\codeigniter4\framework\system\View\View.php(236): include('D:\\xampp\\htdocs...')
#2 D:\xampp\htdocs\freelance\Rayhan\CI4-Hotel\vendor\codeigniter4\framework\system\Common.php(1071): CodeIgniter\View\View->render('home/book', Array, true)
#3 D:\xampp\htdocs\freelance\Rayhan\CI4-Hotel\app\Controllers\Home.php(59): view('home/book', Array)
#4 D:\xampp\htdocs\freelance\Rayhan\CI4-Hotel\vendor\codeigniter4\framework\system\CodeIgniter.php(910): App\Controllers\Home->book('2')
#5 D:\xampp\htdocs\freelance\Rayhan\CI4-Hotel\vendor\codeigniter4\framework\system\CodeIgniter.php(398): CodeIgniter\CodeIgniter->runController(Object(App\Controllers\Home))
#6 D:\xampp\htdocs\freelance\Rayhan\CI4-Hotel\vendor\codeigniter4\framework\system\CodeIgniter.php(306): CodeIgniter\CodeIgniter->handleRequest(NULL, Object(Config\Cache), false)
#7 D:\xampp\htdocs\freelance\Rayhan\CI4-Hotel\public\index.php(45): CodeIgniter\CodeIgniter->run()
#8 D:\xampp\htdocs\freelance\Rayhan\CI4-Hotel\vendor\codeigniter4\framework\system\Commands\Server\rewrite.php(34): require_once('D:\\xampp\\htdocs...')
#9 {main}
CRITICAL - 2021-12-07 20:43:50 --> Undefined offset: 0
#0 D:\xampp\htdocs\freelance\Rayhan\CI4-Hotel\app\Controllers\Home.php(49): CodeIgniter\Debug\Exceptions->errorHandler(8, 'Undefined offse...', 'D:\\xampp\\htdocs...', 49, Array)
#1 D:\xampp\htdocs\freelance\Rayhan\CI4-Hotel\vendor\codeigniter4\framework\system\CodeIgniter.php(910): App\Controllers\Home->book('2')
#2 D:\xampp\htdocs\freelance\Rayhan\CI4-Hotel\vendor\codeigniter4\framework\system\CodeIgniter.php(398): CodeIgniter\CodeIgniter->runController(Object(App\Controllers\Home))
#3 D:\xampp\htdocs\freelance\Rayhan\CI4-Hotel\vendor\codeigniter4\framework\system\CodeIgniter.php(306): CodeIgniter\CodeIgniter->handleRequest(NULL, Object(Config\Cache), false)
#4 D:\xampp\htdocs\freelance\Rayhan\CI4-Hotel\public\index.php(45): CodeIgniter\CodeIgniter->run()
#5 D:\xampp\htdocs\freelance\Rayhan\CI4-Hotel\vendor\codeigniter4\framework\system\Commands\Server\rewrite.php(34): require_once('D:\\xampp\\htdocs...')
#6 {main}
CRITICAL - 2021-12-07 20:44:28 --> Undefined offset: 0
#0 D:\xampp\htdocs\freelance\Rayhan\CI4-Hotel\app\Controllers\Home.php(49): CodeIgniter\Debug\Exceptions->errorHandler(8, 'Undefined offse...', 'D:\\xampp\\htdocs...', 49, Array)
#1 D:\xampp\htdocs\freelance\Rayhan\CI4-Hotel\vendor\codeigniter4\framework\system\CodeIgniter.php(910): App\Controllers\Home->book('2')
#2 D:\xampp\htdocs\freelance\Rayhan\CI4-Hotel\vendor\codeigniter4\framework\system\CodeIgniter.php(398): CodeIgniter\CodeIgniter->runController(Object(App\Controllers\Home))
#3 D:\xampp\htdocs\freelance\Rayhan\CI4-Hotel\vendor\codeigniter4\framework\system\CodeIgniter.php(306): CodeIgniter\CodeIgniter->handleRequest(NULL, Object(Config\Cache), false)
#4 D:\xampp\htdocs\freelance\Rayhan\CI4-Hotel\public\index.php(45): CodeIgniter\CodeIgniter->run()
#5 D:\xampp\htdocs\freelance\Rayhan\CI4-Hotel\vendor\codeigniter4\framework\system\Commands\Server\rewrite.php(34): require_once('D:\\xampp\\htdocs...')
#6 {main}
CRITICAL - 2021-12-07 20:45:45 --> Column 'booking_payment_method' cannot be null
#0 D:\xampp\htdocs\freelance\Rayhan\CI4-Hotel\vendor\codeigniter4\framework\system\Database\MySQLi\Connection.php(330): mysqli->query('INSERT INTO `bo...')
#1 D:\xampp\htdocs\freelance\Rayhan\CI4-Hotel\vendor\codeigniter4\framework\system\Database\BaseConnection.php(738): CodeIgniter\Database\MySQLi\Connection->execute('INSERT INTO `bo...')
#2 D:\xampp\htdocs\freelance\Rayhan\CI4-Hotel\vendor\codeigniter4\framework\system\Database\BaseConnection.php(666): CodeIgniter\Database\BaseConnection->simpleQuery('INSERT INTO `bo...')
#3 D:\xampp\htdocs\freelance\Rayhan\CI4-Hotel\vendor\codeigniter4\framework\system\Database\BaseBuilder.php(2206): CodeIgniter\Database\BaseConnection->query('INSERT INTO `bo...', Array, false)
#4 D:\xampp\htdocs\freelance\Rayhan\CI4-Hotel\app\Models\BookingModel.php(27): CodeIgniter\Database\BaseBuilder->insert(Array)
#5 D:\xampp\htdocs\freelance\Rayhan\CI4-Hotel\app\Controllers\Home.php(81): App\Models\BookingModel->add(Array)
#6 D:\xampp\htdocs\freelance\Rayhan\CI4-Hotel\vendor\codeigniter4\framework\system\CodeIgniter.php(910): App\Controllers\Home->bookProcess()
#7 D:\xampp\htdocs\freelance\Rayhan\CI4-Hotel\vendor\codeigniter4\framework\system\CodeIgniter.php(398): CodeIgniter\CodeIgniter->runController(Object(App\Controllers\Home))
#8 D:\xampp\htdocs\freelance\Rayhan\CI4-Hotel\vendor\codeigniter4\framework\system\CodeIgniter.php(306): CodeIgniter\CodeIgniter->handleRequest(NULL, Object(Config\Cache), false)
#9 D:\xampp\htdocs\freelance\Rayhan\CI4-Hotel\public\index.php(45): CodeIgniter\CodeIgniter->run()
#10 D:\xampp\htdocs\freelance\Rayhan\CI4-Hotel\vendor\codeigniter4\framework\system\Commands\Server\rewrite.php(34): require_once('D:\\xampp\\htdocs...')
#11 {main}
CRITICAL - 2021-12-07 20:46:28 --> Column 'booking_payment_method' cannot be null
#0 D:\xampp\htdocs\freelance\Rayhan\CI4-Hotel\vendor\codeigniter4\framework\system\Database\MySQLi\Connection.php(330): mysqli->query('INSERT INTO `bo...')
#1 D:\xampp\htdocs\freelance\Rayhan\CI4-Hotel\vendor\codeigniter4\framework\system\Database\BaseConnection.php(738): CodeIgniter\Database\MySQLi\Connection->execute('INSERT INTO `bo...')
#2 D:\xampp\htdocs\freelance\Rayhan\CI4-Hotel\vendor\codeigniter4\framework\system\Database\BaseConnection.php(666): CodeIgniter\Database\BaseConnection->simpleQuery('INSERT INTO `bo...')
#3 D:\xampp\htdocs\freelance\Rayhan\CI4-Hotel\vendor\codeigniter4\framework\system\Database\BaseBuilder.php(2206): CodeIgniter\Database\BaseConnection->query('INSERT INTO `bo...', Array, false)
#4 D:\xampp\htdocs\freelance\Rayhan\CI4-Hotel\app\Models\BookingModel.php(27): CodeIgniter\Database\BaseBuilder->insert(Array)
#5 D:\xampp\htdocs\freelance\Rayhan\CI4-Hotel\app\Controllers\Home.php(81): App\Models\BookingModel->add(Array)
#6 D:\xampp\htdocs\freelance\Rayhan\CI4-Hotel\vendor\codeigniter4\framework\system\CodeIgniter.php(910): App\Controllers\Home->bookProcess()
#7 D:\xampp\htdocs\freelance\Rayhan\CI4-Hotel\vendor\codeigniter4\framework\system\CodeIgniter.php(398): CodeIgniter\CodeIgniter->runController(Object(App\Controllers\Home))
#8 D:\xampp\htdocs\freelance\Rayhan\CI4-Hotel\vendor\codeigniter4\framework\system\CodeIgniter.php(306): CodeIgniter\CodeIgniter->handleRequest(NULL, Object(Config\Cache), false)
#9 D:\xampp\htdocs\freelance\Rayhan\CI4-Hotel\public\index.php(45): CodeIgniter\CodeIgniter->run()
#10 D:\xampp\htdocs\freelance\Rayhan\CI4-Hotel\vendor\codeigniter4\framework\system\Commands\Server\rewrite.php(34): require_once('D:\\xampp\\htdocs...')
#11 {main}
CRITICAL - 2021-12-07 20:48:47 --> Column 'booking_payment_method' cannot be null
#0 D:\xampp\htdocs\freelance\Rayhan\CI4-Hotel\vendor\codeigniter4\framework\system\Database\MySQLi\Connection.php(330): mysqli->query('INSERT INTO `bo...')
#1 D:\xampp\htdocs\freelance\Rayhan\CI4-Hotel\vendor\codeigniter4\framework\system\Database\BaseConnection.php(738): CodeIgniter\Database\MySQLi\Connection->execute('INSERT INTO `bo...')
#2 D:\xampp\htdocs\freelance\Rayhan\CI4-Hotel\vendor\codeigniter4\framework\system\Database\BaseConnection.php(666): CodeIgniter\Database\BaseConnection->simpleQuery('INSERT INTO `bo...')
#3 D:\xampp\htdocs\freelance\Rayhan\CI4-Hotel\vendor\codeigniter4\framework\system\Database\BaseBuilder.php(2206): CodeIgniter\Database\BaseConnection->query('INSERT INTO `bo...', Array, false)
#4 D:\xampp\htdocs\freelance\Rayhan\CI4-Hotel\app\Models\BookingModel.php(27): CodeIgniter\Database\BaseBuilder->insert(Array)
#5 D:\xampp\htdocs\freelance\Rayhan\CI4-Hotel\app\Controllers\Home.php(81): App\Models\BookingModel->add(Array)
#6 D:\xampp\htdocs\freelance\Rayhan\CI4-Hotel\vendor\codeigniter4\framework\system\CodeIgniter.php(910): App\Controllers\Home->bookProcess()
#7 D:\xampp\htdocs\freelance\Rayhan\CI4-Hotel\vendor\codeigniter4\framework\system\CodeIgniter.php(398): CodeIgniter\CodeIgniter->runController(Object(App\Controllers\Home))
#8 D:\xampp\htdocs\freelance\Rayhan\CI4-Hotel\vendor\codeigniter4\framework\system\CodeIgniter.php(306): CodeIgniter\CodeIgniter->handleRequest(NULL, Object(Config\Cache), false)
#9 D:\xampp\htdocs\freelance\Rayhan\CI4-Hotel\public\index.php(45): CodeIgniter\CodeIgniter->run()
#10 D:\xampp\htdocs\freelance\Rayhan\CI4-Hotel\vendor\codeigniter4\framework\system\Commands\Server\rewrite.php(34): require_once('D:\\xampp\\htdocs...')
#11 {main}
CRITICAL - 2021-12-07 20:49:18 --> Column 'booking_payment_method' cannot be null
#0 D:\xampp\htdocs\freelance\Rayhan\CI4-Hotel\vendor\codeigniter4\framework\system\Database\MySQLi\Connection.php(330): mysqli->query('INSERT INTO `bo...')
#1 D:\xampp\htdocs\freelance\Rayhan\CI4-Hotel\vendor\codeigniter4\framework\system\Database\BaseConnection.php(738): CodeIgniter\Database\MySQLi\Connection->execute('INSERT INTO `bo...')
#2 D:\xampp\htdocs\freelance\Rayhan\CI4-Hotel\vendor\codeigniter4\framework\system\Database\BaseConnection.php(666): CodeIgniter\Database\BaseConnection->simpleQuery('INSERT INTO `bo...')
#3 D:\xampp\htdocs\freelance\Rayhan\CI4-Hotel\vendor\codeigniter4\framework\system\Database\BaseBuilder.php(2206): CodeIgniter\Database\BaseConnection->query('INSERT INTO `bo...', Array, false)
#4 D:\xampp\htdocs\freelance\Rayhan\CI4-Hotel\app\Models\BookingModel.php(27): CodeIgniter\Database\BaseBuilder->insert(Array)
#5 D:\xampp\htdocs\freelance\Rayhan\CI4-Hotel\app\Controllers\Home.php(81): App\Models\BookingModel->add(Array)
#6 D:\xampp\htdocs\freelance\Rayhan\CI4-Hotel\vendor\codeigniter4\framework\system\CodeIgniter.php(910): App\Controllers\Home->bookProcess()
#7 D:\xampp\htdocs\freelance\Rayhan\CI4-Hotel\vendor\codeigniter4\framework\system\CodeIgniter.php(398): CodeIgniter\CodeIgniter->runController(Object(App\Controllers\Home))
#8 D:\xampp\htdocs\freelance\Rayhan\CI4-Hotel\vendor\codeigniter4\framework\system\CodeIgniter.php(306): CodeIgniter\CodeIgniter->handleRequest(NULL, Object(Config\Cache), false)
#9 D:\xampp\htdocs\freelance\Rayhan\CI4-Hotel\public\index.php(45): CodeIgniter\CodeIgniter->run()
#10 D:\xampp\htdocs\freelance\Rayhan\CI4-Hotel\vendor\codeigniter4\framework\system\Commands\Server\rewrite.php(34): require_once('D:\\xampp\\htdocs...')
#11 {main}
CRITICAL - 2021-12-07 20:49:28 --> Column 'booking_payment_method' cannot be null
#0 D:\xampp\htdocs\freelance\Rayhan\CI4-Hotel\vendor\codeigniter4\framework\system\Database\MySQLi\Connection.php(330): mysqli->query('INSERT INTO `bo...')
#1 D:\xampp\htdocs\freelance\Rayhan\CI4-Hotel\vendor\codeigniter4\framework\system\Database\BaseConnection.php(738): CodeIgniter\Database\MySQLi\Connection->execute('INSERT INTO `bo...')
#2 D:\xampp\htdocs\freelance\Rayhan\CI4-Hotel\vendor\codeigniter4\framework\system\Database\BaseConnection.php(666): CodeIgniter\Database\BaseConnection->simpleQuery('INSERT INTO `bo...')
#3 D:\xampp\htdocs\freelance\Rayhan\CI4-Hotel\vendor\codeigniter4\framework\system\Database\BaseBuilder.php(2206): CodeIgniter\Database\BaseConnection->query('INSERT INTO `bo...', Array, false)
#4 D:\xampp\htdocs\freelance\Rayhan\CI4-Hotel\app\Models\BookingModel.php(27): CodeIgniter\Database\BaseBuilder->insert(Array)
#5 D:\xampp\htdocs\freelance\Rayhan\CI4-Hotel\app\Controllers\Home.php(81): App\Models\BookingModel->add(Array)
#6 D:\xampp\htdocs\freelance\Rayhan\CI4-Hotel\vendor\codeigniter4\framework\system\CodeIgniter.php(910): App\Controllers\Home->bookProcess()
#7 D:\xampp\htdocs\freelance\Rayhan\CI4-Hotel\vendor\codeigniter4\framework\system\CodeIgniter.php(398): CodeIgniter\CodeIgniter->runController(Object(App\Controllers\Home))
#8 D:\xampp\htdocs\freelance\Rayhan\CI4-Hotel\vendor\codeigniter4\framework\system\CodeIgniter.php(306): CodeIgniter\CodeIgniter->handleRequest(NULL, Object(Config\Cache), false)
#9 D:\xampp\htdocs\freelance\Rayhan\CI4-Hotel\public\index.php(45): CodeIgniter\CodeIgniter->run()
#10 D:\xampp\htdocs\freelance\Rayhan\CI4-Hotel\vendor\codeigniter4\framework\system\Commands\Server\rewrite.php(34): require_once('D:\\xampp\\htdocs...')
#11 {main}
CRITICAL - 2021-12-07 20:49:43 --> Column 'booking_payment_method' cannot be null
#0 D:\xampp\htdocs\freelance\Rayhan\CI4-Hotel\vendor\codeigniter4\framework\system\Database\MySQLi\Connection.php(330): mysqli->query('INSERT INTO `bo...')
#1 D:\xampp\htdocs\freelance\Rayhan\CI4-Hotel\vendor\codeigniter4\framework\system\Database\BaseConnection.php(738): CodeIgniter\Database\MySQLi\Connection->execute('INSERT INTO `bo...')
#2 D:\xampp\htdocs\freelance\Rayhan\CI4-Hotel\vendor\codeigniter4\framework\system\Database\BaseConnection.php(666): CodeIgniter\Database\BaseConnection->simpleQuery('INSERT INTO `bo...')
#3 D:\xampp\htdocs\freelance\Rayhan\CI4-Hotel\vendor\codeigniter4\framework\system\Database\BaseBuilder.php(2206): CodeIgniter\Database\BaseConnection->query('INSERT INTO `bo...', Array, false)
#4 D:\xampp\htdocs\freelance\Rayhan\CI4-Hotel\app\Models\BookingModel.php(27): CodeIgniter\Database\BaseBuilder->insert(Array)
#5 D:\xampp\htdocs\freelance\Rayhan\CI4-Hotel\app\Controllers\Home.php(81): App\Models\BookingModel->add(Array)
#6 D:\xampp\htdocs\freelance\Rayhan\CI4-Hotel\vendor\codeigniter4\framework\system\CodeIgniter.php(910): App\Controllers\Home->bookProcess()
#7 D:\xampp\htdocs\freelance\Rayhan\CI4-Hotel\vendor\codeigniter4\framework\system\CodeIgniter.php(398): CodeIgniter\CodeIgniter->runController(Object(App\Controllers\Home))
#8 D:\xampp\htdocs\freelance\Rayhan\CI4-Hotel\vendor\codeigniter4\framework\system\CodeIgniter.php(306): CodeIgniter\CodeIgniter->handleRequest(NULL, Object(Config\Cache), false)
#9 D:\xampp\htdocs\freelance\Rayhan\CI4-Hotel\public\index.php(45): CodeIgniter\CodeIgniter->run()
#10 D:\xampp\htdocs\freelance\Rayhan\CI4-Hotel\vendor\codeigniter4\framework\system\Commands\Server\rewrite.php(34): require_once('D:\\xampp\\htdocs...')
#11 {main}
CRITICAL - 2021-12-07 20:51:00 --> Column 'booking_payment_method' cannot be null
#0 D:\xampp\htdocs\freelance\Rayhan\CI4-Hotel\vendor\codeigniter4\framework\system\Database\MySQLi\Connection.php(330): mysqli->query('INSERT INTO `bo...')
#1 D:\xampp\htdocs\freelance\Rayhan\CI4-Hotel\vendor\codeigniter4\framework\system\Database\BaseConnection.php(738): CodeIgniter\Database\MySQLi\Connection->execute('INSERT INTO `bo...')
#2 D:\xampp\htdocs\freelance\Rayhan\CI4-Hotel\vendor\codeigniter4\framework\system\Database\BaseConnection.php(666): CodeIgniter\Database\BaseConnection->simpleQuery('INSERT INTO `bo...')
#3 D:\xampp\htdocs\freelance\Rayhan\CI4-Hotel\vendor\codeigniter4\framework\system\Database\BaseBuilder.php(2206): CodeIgniter\Database\BaseConnection->query('INSERT INTO `bo...', Array, false)
#4 D:\xampp\htdocs\freelance\Rayhan\CI4-Hotel\app\Models\BookingModel.php(27): CodeIgniter\Database\BaseBuilder->insert(Array)
#5 D:\xampp\htdocs\freelance\Rayhan\CI4-Hotel\app\Controllers\Home.php(81): App\Models\BookingModel->add(Array)
#6 D:\xampp\htdocs\freelance\Rayhan\CI4-Hotel\vendor\codeigniter4\framework\system\CodeIgniter.php(910): App\Controllers\Home->bookProcess()
#7 D:\xampp\htdocs\freelance\Rayhan\CI4-Hotel\vendor\codeigniter4\framework\system\CodeIgniter.php(398): CodeIgniter\CodeIgniter->runController(Object(App\Controllers\Home))
#8 D:\xampp\htdocs\freelance\Rayhan\CI4-Hotel\vendor\codeigniter4\framework\system\CodeIgniter.php(306): CodeIgniter\CodeIgniter->handleRequest(NULL, Object(Config\Cache), false)
#9 D:\xampp\htdocs\freelance\Rayhan\CI4-Hotel\public\index.php(45): CodeIgniter\CodeIgniter->run()
#10 D:\xampp\htdocs\freelance\Rayhan\CI4-Hotel\vendor\codeigniter4\framework\system\Commands\Server\rewrite.php(34): require_once('D:\\xampp\\htdocs...')
#11 {main}
CRITICAL - 2021-12-07 20:52:29 --> Column 'booking_payment_method' cannot be null
#0 D:\xampp\htdocs\freelance\Rayhan\CI4-Hotel\vendor\codeigniter4\framework\system\Database\MySQLi\Connection.php(330): mysqli->query('INSERT INTO `bo...')
#1 D:\xampp\htdocs\freelance\Rayhan\CI4-Hotel\vendor\codeigniter4\framework\system\Database\BaseConnection.php(738): CodeIgniter\Database\MySQLi\Connection->execute('INSERT INTO `bo...')
#2 D:\xampp\htdocs\freelance\Rayhan\CI4-Hotel\vendor\codeigniter4\framework\system\Database\BaseConnection.php(666): CodeIgniter\Database\BaseConnection->simpleQuery('INSERT INTO `bo...')
#3 D:\xampp\htdocs\freelance\Rayhan\CI4-Hotel\vendor\codeigniter4\framework\system\Database\BaseBuilder.php(2206): CodeIgniter\Database\BaseConnection->query('INSERT INTO `bo...', Array, false)
#4 D:\xampp\htdocs\freelance\Rayhan\CI4-Hotel\app\Models\BookingModel.php(27): CodeIgniter\Database\BaseBuilder->insert(Array)
#5 D:\xampp\htdocs\freelance\Rayhan\CI4-Hotel\app\Controllers\Home.php(81): App\Models\BookingModel->add(Array)
#6 D:\xampp\htdocs\freelance\Rayhan\CI4-Hotel\vendor\codeigniter4\framework\system\CodeIgniter.php(910): App\Controllers\Home->bookProcess()
#7 D:\xampp\htdocs\freelance\Rayhan\CI4-Hotel\vendor\codeigniter4\framework\system\CodeIgniter.php(398): CodeIgniter\CodeIgniter->runController(Object(App\Controllers\Home))
#8 D:\xampp\htdocs\freelance\Rayhan\CI4-Hotel\vendor\codeigniter4\framework\system\CodeIgniter.php(306): CodeIgniter\CodeIgniter->handleRequest(NULL, Object(Config\Cache), false)
#9 D:\xampp\htdocs\freelance\Rayhan\CI4-Hotel\public\index.php(45): CodeIgniter\CodeIgniter->run()
#10 D:\xampp\htdocs\freelance\Rayhan\CI4-Hotel\vendor\codeigniter4\framework\system\Commands\Server\rewrite.php(34): require_once('D:\\xampp\\htdocs...')
#11 {main}
CRITICAL - 2021-12-07 21:07:35 --> The original file is not a valid file.
#0 D:\xampp\htdocs\freelance\Rayhan\CI4-Hotel\vendor\codeigniter4\framework\system\HTTP\Files\UploadedFile.php(172): CodeIgniter\HTTP\Exceptions\HTTPException::forInvalidFile()
#1 D:\xampp\htdocs\freelance\Rayhan\CI4-Hotel\app\Controllers\Home.php(70): CodeIgniter\HTTP\Files\UploadedFile->move('D:\\xampp\\htdocs...')
#2 D:\xampp\htdocs\freelance\Rayhan\CI4-Hotel\vendor\codeigniter4\framework\system\CodeIgniter.php(910): App\Controllers\Home->bookProcess()
#3 D:\xampp\htdocs\freelance\Rayhan\CI4-Hotel\vendor\codeigniter4\framework\system\CodeIgniter.php(398): CodeIgniter\CodeIgniter->runController(Object(App\Controllers\Home))
#4 D:\xampp\htdocs\freelance\Rayhan\CI4-Hotel\vendor\codeigniter4\framework\system\CodeIgniter.php(306): CodeIgniter\CodeIgniter->handleRequest(NULL, Object(Config\Cache), false)
#5 D:\xampp\htdocs\freelance\Rayhan\CI4-Hotel\public\index.php(45): CodeIgniter\CodeIgniter->run()
#6 D:\xampp\htdocs\freelance\Rayhan\CI4-Hotel\vendor\codeigniter4\framework\system\Commands\Server\rewrite.php(34): require_once('D:\\xampp\\htdocs...')
#7 {main}
CRITICAL - 2021-12-07 22:00:30 --> Too few arguments to function App\Controllers\Home::bookDone(), 0 passed in D:\xampp\htdocs\freelance\Rayhan\CI4-Hotel\vendor\codeigniter4\framework\system\CodeIgniter.php on line 910 and exactly 1 expected
#0 D:\xampp\htdocs\freelance\Rayhan\CI4-Hotel\vendor\codeigniter4\framework\system\CodeIgniter.php(910): App\Controllers\Home->bookDone()
#1 D:\xampp\htdocs\freelance\Rayhan\CI4-Hotel\vendor\codeigniter4\framework\system\CodeIgniter.php(398): CodeIgniter\CodeIgniter->runController(Object(App\Controllers\Home))
#2 D:\xampp\htdocs\freelance\Rayhan\CI4-Hotel\vendor\codeigniter4\framework\system\CodeIgniter.php(306): CodeIgniter\CodeIgniter->handleRequest(NULL, Object(Config\Cache), false)
#3 D:\xampp\htdocs\freelance\Rayhan\CI4-Hotel\public\index.php(45): CodeIgniter\CodeIgniter->run()
#4 D:\xampp\htdocs\freelance\Rayhan\CI4-Hotel\vendor\codeigniter4\framework\system\Commands\Server\rewrite.php(34): require_once('D:\\xampp\\htdocs...')
#5 {main}
